#
# A fatal error has been detected by the Java Runtime Environment:
#
#  EXCEPTION_ACCESS_VIOLATION (0xc0000005) at pc=0x00007ffb9596b7f6, pid=19544, tid=4092
#
# JRE version: OpenJDK Runtime Environment OpenLogic-OpenJDK (21.0.6+7) (build 21.0.6+7-adhoc.Administrator.jdk21u)
# Java VM: OpenJDK 64-Bit Server VM OpenLogic-OpenJDK (21.0.6+7-adhoc.Administrator.jdk21u, mixed mode, sharing, tiered, compressed oops, compressed class ptrs, g1 gc, windows-amd64)
# Problematic frame:
# C  [glass.dll+0x1b7f6]
#
# No core dump will be written. Minidumps are not enabled by default on client versions of Windows
#
# If you would like to submit a bug report, please visit:
#   https://techsupport.roguewave.com/
# The crash happened outside the Java Virtual Machine in native code.
# See problematic frame for where to report the bug.
#

---------------  S U M M A R Y ------------

Command Line: --module-path=lib/javafx --add-modules=javafx.controls,javafx.fxml,javafx.graphics,javafx.media -Dprism.order=sw -Dfile.encoding=UTF-8 -Dstdout.encoding=UTF-8 -Dstderr.encoding=UTF-8 --module-path=D:\Software.Etw\ProjekteJava\jPCND\lib\javafx\javafx.base.jar;D:\Software.Etw\ProjekteJava\jPCND\lib\javafx\javafx.controls.jar;D:\Software.Etw\ProjekteJava\jPCND\lib\javafx\javafx.fxml.jar;D:\Software.Etw\ProjekteJava\jPCND\lib\javafx\javafx.graphics.jar;D:\Software.Etw\ProjekteJava\jPCND\lib\javafx\javafx.media.jar;D:\Software.Etw\ProjekteJava\jPCND\lib\javafx\javafx.swing.jar;D:\Software.Etw\ProjekteJava\jPCND\lib\javafx\javafx.web.jar;D:\Software.Etw\ProjekteJava\jPCND\lib\javafx\javafx-swt.jar -XX:+ShowCodeDetailsInExceptionMessages application.Main

Host: AMD Ryzen 5 5500GT with Radeon Graphics        , 12 cores, 27G,  Windows 11 , 64 bit Build 26100 (10.0.26100.8246)
Time: Sat Apr 25 21:40:28 2026 Mitteleurop鄜sche Sommerzeit elapsed time: 64.294390 seconds (0d 0h 1m 4s)

---------------  T H R E A D  ---------------

Current thread (0x0000026295ab5b20):  JavaThread "JavaFX Application Thread"        [_thread_in_native, id=4092, stack(0x000000b07ae00000,0x000000b07af00000) (1024K)]

Stack: [0x000000b07ae00000,0x000000b07af00000],  sp=0x000000b07aefddb0,  free space=1015k
Native frames: (J=compiled Java code, j=interpreted, Vv=VM code, C=native code)
C  [glass.dll+0x1b7f6]

Java frames: (J=compiled Java code, j=interpreted, Vv=VM code)
j  com.sun.glass.ui.win.WinWindow._close(J)Z+0 javafx.graphics@21.0.6
j  com.sun.glass.ui.Window.close()V+63 javafx.graphics@21.0.6
j  com.sun.glass.ui.win.WinWindow.close()V+8 javafx.graphics@21.0.6
j  com.sun.glass.ui.Application.terminate()V+75 javafx.graphics@21.0.6
j  com.sun.javafx.tk.quantum.QuantumToolkit.lambda$exit$14()Ljava/lang/Object;+5 javafx.graphics@21.0.6
j  com.sun.javafx.tk.quantum.QuantumToolkit$$Lambda+0x00000262515278a0.get()Ljava/lang/Object;+0 javafx.graphics@21.0.6
j  com.sun.javafx.tk.quantum.QuantumToolkit.runWithRenderLock(Ljava/util/function/Supplier;)Ljava/lang/Object;+7 javafx.graphics@21.0.6
j  com.sun.javafx.tk.quantum.QuantumToolkit.exit()V+26 javafx.graphics@21.0.6
j  com.sun.javafx.application.PlatformImpl.lambda$tkExit$16()V+3 javafx.graphics@21.0.6
j  com.sun.javafx.application.PlatformImpl$$Lambda+0x0000026251527690.run()V+0 javafx.graphics@21.0.6
j  com.sun.javafx.application.PlatformImpl.lambda$runAndWait$12(Ljava/lang/Runnable;Ljava/util/concurrent/CountDownLatch;)V+1 javafx.graphics@21.0.6
j  com.sun.javafx.application.PlatformImpl$$Lambda+0x00000262510841f8.run()V+8 javafx.graphics@21.0.6
j  com.sun.javafx.application.PlatformImpl.lambda$runLater$10(Ljava/lang/Runnable;)Ljava/lang/Void;+1 javafx.graphics@21.0.6
j  com.sun.javafx.application.PlatformImpl$$Lambda+0x0000026251085420.run()Ljava/lang/Object;+4 javafx.graphics@21.0.6
J 1525 c1 java.security.AccessController.doPrivileged(Ljava/security/PrivilegedAction;Ljava/security/AccessControlContext;)Ljava/lang/Object; java.base@21.0.6 (17 bytes) @ 0x0000026234fdc66c [0x0000026234fdc480+0x00000000000001ec]
j  com.sun.javafx.application.PlatformImpl.lambda$runLater$11(Ljava/lang/Runnable;Ljava/security/AccessControlContext;)V+7 javafx.graphics@21.0.6
j  com.sun.javafx.application.PlatformImpl$$Lambda+0x0000026251084db0.run()V+8 javafx.graphics@21.0.6
J 6820 c1 com.sun.glass.ui.InvokeLaterDispatcher$Future.run()V javafx.graphics@21.0.6 (91 bytes) @ 0x0000026235a56e1c [0x0000026235a56d00+0x000000000000011c]
v  ~StubRoutines::call_stub 0x000002623c2a100d
j  com.sun.glass.ui.win.WinApplication._runLoop(Ljava/lang/Runnable;)V+0 javafx.graphics@21.0.6
j  com.sun.glass.ui.win.WinApplication.lambda$runLoop$3(ILjava/lang/Runnable;)V+8 javafx.graphics@21.0.6
j  com.sun.glass.ui.win.WinApplication$$Lambda+0x0000026251029428.run()V+12 javafx.graphics@21.0.6
j  java.lang.Thread.runWith(Ljava/lang/Object;Ljava/lang/Runnable;)V+5 java.base@21.0.6
j  java.lang.Thread.run()V+19 java.base@21.0.6
v  ~StubRoutines::call_stub 0x000002623c2a100d

siginfo: EXCEPTION_ACCESS_VIOLATION (0xc0000005), reading address 0x0000000000000120


Registers:
RAX=0x0000000000000000, RBX=0x0000000000000000, RCX=0x0000000000000000, RDX=0x0000000000000000
RSP=0x000000b07aefddb0, RBP=0x0000000000000401, RSI=0x000000b07aefe140, RDI=0x000000b07aefe140
R8 =0x000000b07aefe140, R9 =0x0000000000000000, R10=0x0000000000000000, R11=0x0000000000000246
R12=0x0000000000000000, R13=0x0000000000000000, R14=0x0000000000000000, R15=0x0000000000000000
RIP=0x00007ffb9596b7f6, EFLAGS=0x0000000000010202

XMM[0]=0x0000000000000000 0x0000000000000000
XMM[1]=0x0000000000000000 0x0000000000000000
XMM[2]=0x0000000000000000 0x0000000000000000
XMM[3]=0x0000000000000000 0x0000000000000000
XMM[4]=0x0000000000000000 0x0000000000000000
XMM[5]=0x0000000000000000 0x0000000000000000
XMM[6]=0x0000000000000000 0x0000000000000000
XMM[7]=0x0000000000000000 0x0000000000000000
XMM[8]=0x0000000000000000 0x0000000000000000
XMM[9]=0x0000000000000000 0x0000000000000000
XMM[10]=0x0000000000000000 0x0000000000000000
XMM[11]=0x0000000000000000 0x0000000000000000
XMM[12]=0x0000000000000000 0x0000000000000000
XMM[13]=0x0000000000000000 0x0000000000000000
XMM[14]=0x0000000000000000 0x0000000000000000
XMM[15]=0x0000000000000000 0x0000000000000000
  MXCSR=0x00001fa7


Register to memory mapping:

RAX=0x0 is null
RBX=0x0 is null
RCX=0x0 is null
RDX=0x0 is null
RSP=0x000000b07aefddb0 is pointing into the stack for thread: 0x0000026295ab5b20
RBP=0x0000000000000401 is an unknown value
RSI=0x000000b07aefe140 is pointing into the stack for thread: 0x0000026295ab5b20
RDI=0x000000b07aefe140 is pointing into the stack for thread: 0x0000026295ab5b20
R8 =0x000000b07aefe140 is pointing into the stack for thread: 0x0000026295ab5b20
R9 =0x0 is null
R10=0x0 is null
R11=0x0000000000000246 is an unknown value
R12=0x0 is null
R13=0x0 is null
R14=0x0 is null
R15=0x0 is null

Top of Stack: (sp=0x000000b07aefddb0)
0x000000b07aefddb0:   0000000000000000 00007ffb959785d6
0x000000b07aefddc0:   000000b07aefe140 000000b07aefe140
0x000000b07aefddd0:   000000b07aefe140 00007ffb9596a511
0x000000b07aefdde0:   0000000000030968 0000000000000000
0x000000b07aefddf0:   0000000000000000 00000262960b8830
0x000000b07aefde00:   0000000000000000 00007ffb9595a428
0x000000b07aefde10:   00000262960b8830 00007ffb959785c0
0x000000b07aefde20:   0000000000030968 0000000000000401
0x000000b07aefde30:   0000000000000000 00007ffb959517bb
0x000000b07aefde40:   00000262960b8830 000000b07aefe140
0x000000b07aefde50:   0000000000000401 0000000000030968
0x000000b07aefde60:   0000000080000022 00007ffbd5a0c396
0x000000b07aefde70:   0000000000000000 000000b07aefe038
0x000000b07aefde80:   0000000000000001 0000000000000401
0x000000b07aefde90:   00000262915038e9 000002629260e240
0x000000b07aefdea0:   000000b07aefdfd0 000002629601c200
0x000000b07aefdeb0:   0000000000000000 0000000000000000
0x000000b07aefdec0:   0000000100000000 00007ffb80000022
0x000000b07aefded0:   0000026200000000 0000000000000000
0x000000b07aefdee0:   0000000000000000 0000000000000000
0x000000b07aefdef0:   0000000000000048 0000000000000001
0x000000b07aefdf00:   0000000000000000 0000000000000000
0x000000b07aefdf10:   0000000000000070 ffffffffffffffff
0x000000b07aefdf20:   ffffffffffffffff 00007ffbd5a0c172
0x000000b07aefdf30:   00007ffbd5a0c569 00000262000000b6
0x000000b07aefdf40:   0000000000000000 000000b0792eb920
0x000000b07aefdf50:   0000000000000048 0000000000000001
0x000000b07aefdf60:   0000000000000000 0000000000000000
0x000000b07aefdf70:   0000000000000030 ffffffffffffffff
0x000000b07aefdf80:   ffffffffffffffff 00007ffbd5a0c172
0x000000b07aefdf90:   0000000000000000 0000000000000000
0x000000b07aefdfa0:   0000000000000000 000000b0792eb920 

Instructions: (pc=0x00007ffb9596b7f6)
0x00007ffb9596b6f6:   a8 00 00 00 41 5e 41 5d 41 5c 5e 5d 5b c3 cc cc
0x00007ffb9596b706:   cc cc cc cc cc cc cc cc cc cc b0 01 c3 cc cc cc
0x00007ffb9596b716:   cc cc cc cc cc cc cc cc cc cc 48 89 5c 24 08 57
0x00007ffb9596b726:   48 83 ec 30 48 8b fa 48 8b d9 48 39 91 20 01 00
0x00007ffb9596b736:   00 0f 84 a5 00 00 00 e8 ae 00 00 00 48 8b 93 20
0x00007ffb9596b746:   01 00 00 48 85 d2 75 04 48 8b 53 08 48 89 54 24
0x00007ffb9596b756:   20 4c 8b c7 48 85 ff 75 04 4c 8b 43 08 48 8d 0d
0x00007ffb9596b766:   d6 f8 00 00 4c 89 44 24 28 e8 bc 7e fe ff 48 8b
0x00007ffb9596b776:   4c 24 20 4c 8d 44 24 20 48 8d 15 eb f8 ff ff ff
0x00007ffb9596b786:   15 ed fe 01 00 48 8b 05 7e 02 02 00 48 85 c0 75
0x00007ffb9596b796:   04 33 c9 eb 03 8b 48 40 4c 8d 44 24 20 48 8d 15
0x00007ffb9596b7a6:   06 f9 ff ff ff 15 d0 fe 01 00 48 89 bb 20 01 00
0x00007ffb9596b7b6:   00 e8 44 55 00 00 4c 8b 05 fd 05 02 00 48 8b c8
0x00007ffb9596b7c6:   48 8b 93 c0 00 00 00 4c 8b cf e8 cb 98 fe ff e8
0x00007ffb9596b7d6:   26 55 00 00 48 8b c8 e8 3e 54 00 00 48 8b 5c 24
0x00007ffb9596b7e6:   40 48 83 c4 30 5f c3 cc cc cc 40 57 48 83 ec 20
0x00007ffb9596b7f6:   48 8b 81 20 01 00 00 48 8b f9 48 85 c0 75 04 48
0x00007ffb9596b806:   8b 41 08 48 3b 05 f0 04 02 00 75 3b 48 89 5c 24
0x00007ffb9596b816:   30 e8 e4 54 00 00 4c 8b 05 8d 05 02 00 48 8b c8
0x00007ffb9596b826:   48 8b 97 c0 00 00 00 48 8b d8 e8 6b 98 fe ff 48
0x00007ffb9596b836:   8b cb e8 e3 53 00 00 48 8b 5c 24 30 48 c7 05 b3
0x00007ffb9596b846:   04 02 00 00 00 00 00 48 83 c4 20 5f c3 cc cc cc
0x00007ffb9596b856:   cc cc cc cc cc cc cc cc cc cc 40 53 48 83 ec 50
0x00007ffb9596b866:   48 8b 05 5b d9 01 00 48 33 c4 48 89 44 24 40 48
0x00007ffb9596b876:   8b d9 48 8b 49 08 ff 15 76 fd 01 00 85 c0 0f 85
0x00007ffb9596b886:   1b 01 00 00 48 8b 4b 08 48 8d 54 24 30 ff 15 cf
0x00007ffb9596b896:   fb 01 00 48 8b 4b 08 48 8d 54 24 20 ff 15 28 fc
0x00007ffb9596b8a6:   01 00 48 8b 4b 08 4c 8d 44 24 20 41 b9 02 00 00
0x00007ffb9596b8b6:   00 33 d2 ff 15 19 fc 01 00 8b 44 24 24 2b 44 24
0x00007ffb9596b8c6:   34 44 8b 44 24 20 44 2b 44 24 30 8b 54 24 3c 2b
0x00007ffb9596b8d6:   54 24 2c 8b 4c 24 38 2b 4c 24 28 89 83 0c 01 00
0x00007ffb9596b8e6:   00 44 89 83 08 01 00 00 89 93 14 01 00 00 89 8b 


Stack slot to memory mapping:

stack at sp + 0 slots: 0x0 is null
stack at sp + 1 slots: 0x00007ffb959785d6 glass.dll
stack at sp + 2 slots: 0x000000b07aefe140 is pointing into the stack for thread: 0x0000026295ab5b20
stack at sp + 3 slots: 0x000000b07aefe140 is pointing into the stack for thread: 0x0000026295ab5b20
stack at sp + 4 slots: 0x000000b07aefe140 is pointing into the stack for thread: 0x0000026295ab5b20
stack at sp + 5 slots: 0x00007ffb9596a511 glass.dll
stack at sp + 6 slots: 0x0000000000030968 is an unknown value
stack at sp + 7 slots: 0x0 is null


Compiled method (c1) 64338 1525       3       java.security.AccessController::doPrivileged (17 bytes)
 total in heap  [0x0000026234fdc290,0x0000026234fdc9e0] = 1872
 relocation     [0x0000026234fdc3f0,0x0000026234fdc480] = 144
 main code      [0x0000026234fdc480,0x0000026234fdc7d8] = 856
 stub code      [0x0000026234fdc7d8,0x0000026234fdc850] = 120
 metadata       [0x0000026234fdc850,0x0000026234fdc868] = 24
 scopes data    [0x0000026234fdc868,0x0000026234fdc918] = 176
 scopes pcs     [0x0000026234fdc918,0x0000026234fdc9c8] = 176
 dependencies   [0x0000026234fdc9c8,0x0000026234fdc9d0] = 8
 nul chk table  [0x0000026234fdc9d0,0x0000026234fdc9e0] = 16

[Constant Pool (empty)]

[MachCode]
[Verified Entry Point]
  # {method} {0x000002625046d568} 'doPrivileged' '(Ljava/security/PrivilegedAction;Ljava/security/AccessControlContext;)Ljava/lang/Object;' in 'java/security/AccessController'
  # parm0:    rdx:rdx   = 'java/security/PrivilegedAction'
  # parm1:    r8:r8     = 'java/security/AccessControlContext'
  #           [sp+0x80]  (sp of caller)
  0x0000026234fdc480: 8984 2400 | 80ff ff55 | 4883 ec70 | 4181 7f20 | 0900 0000 

  0x0000026234fdc494: ;   {runtime_call StubRoutines (final stubs)}
  0x0000026234fdc494: 7405 e8c5 

  0x0000026234fdc498: ;   {metadata(method data for {method} {0x000002625046d568} 'doPrivileged' '(Ljava/security/PrivilegedAction;Ljava/security/AccessControlContext;)Ljava/lang/Object;' in 'java/security/AccessController')}
  0x0000026234fdc498: 882f 0748 | be38 d432 | 9162 0200 | 008b becc | 0000 0083 | c702 89be | cc00 0000 | 81e7 fe07 
  0x0000026234fdc4b8: 0000 85ff | 0f84 4c02 | 0000 4c89 | 4424 4048 | 8954 2448 

  0x0000026234fdc4cc: ;   {metadata(method data for {method} {0x000002625046d568} 'doPrivileged' '(Ljava/security/PrivilegedAction;Ljava/security/AccessControlContext;)Ljava/lang/Object;' in 'java/security/AccessController')}
  0x0000026234fdc4cc: 48be 38d4 | 3291 6202 | 0000 4883 | 8610 0100 

  0x0000026234fdc4dc: ;   {static_call}
  0x0000026234fdc4dc: 0001 90e8 

  0x0000026234fdc4e0: ; ImmutableOopMap {[64]=Oop [72]=Oop }
                      ;*invokestatic getCallerClass {reexecute=0 rethrow=0 return_oop=0}
                      ; - java.security.AccessController::doPrivileged@0 (line 398)
  0x0000026234fdc4e0: 7ccb 8907 

  0x0000026234fdc4e4: ;   {other}
  0x0000026234fdc4e4: 0f1f 8400 | 5402 0000 

  0x0000026234fdc4ec: ;   {metadata(method data for {method} {0x000002625046d568} 'doPrivileged' '(Ljava/security/PrivilegedAction;Ljava/security/AccessControlContext;)Ljava/lang/Object;' in 'java/security/AccessController')}
  0x0000026234fdc4ec: 48ba 38d4 | 3291 6202 | 0000 4883 | 8220 0100 | 0001 488b | 5424 404c | 8bc0 4889 | 4424 500f 
  0x0000026234fdc50c: ;   {static_call}
  0x0000026234fdc50c: 1f40 00e8 

  0x0000026234fdc510: ; ImmutableOopMap {[72]=Oop [80]=Oop }
                      ;*invokestatic checkContext {reexecute=0 rethrow=0 return_oop=0}
                      ; - java.security.AccessController::doPrivileged@6 (line 399)
  0x0000026234fdc510: 6c6c 9207 

  0x0000026234fdc514: ;   {other}
  0x0000026234fdc514: 0f1f 8400 | 8402 0001 | 4889 4424 

  0x0000026234fdc520: ;   {metadata(method data for {method} {0x000002625046d568} 'doPrivileged' '(Ljava/security/PrivilegedAction;Ljava/security/AccessControlContext;)Ljava/lang/Object;' in 'java/security/AccessController')}
  0x0000026234fdc520: 5848 ba38 | d432 9162 | 0200 0048 | 8382 3001 

  0x0000026234fdc530: ;   {metadata(method data for {method} {0x000002625046d7f0} 'executePrivileged' '(Ljava/security/PrivilegedAction;Ljava/security/AccessControlContext;Ljava/lang/Class;)Ljava/lang/Object;' in 'java/security/AccessController')}
  0x0000026234fdc530: 0000 0148 | ba10 2306 | 9162 0200 | 008b b2cc | 0000 0083 | c602 89b2 | cc00 0000 | 81e6 feff 
  0x0000026234fdc550: 1f00 85f6 | 0f84 d501 | 0000 4885 

  0x0000026234fdc55c: ;   {metadata(method data for {method} {0x000002625046d7f0} 'executePrivileged' '(Ljava/security/PrivilegedAction;Ljava/security/AccessControlContext;Ljava/lang/Class;)Ljava/lang/Object;' in 'java/security/AccessController')}
  0x0000026234fdc55c: c048 ba10 | 2306 9162 | 0200 0048 | c7c6 1001 | 0000 7407 | 48c7 c620 | 0100 0048 | 8b3c 3248 
  0x0000026234fdc57c: 8d7f 0148 | 893c 320f | 8423 0000 

  0x0000026234fdc588: ;   {metadata(method data for {method} {0x000002625046d7f0} 'executePrivileged' '(Ljava/security/PrivilegedAction;Ljava/security/AccessControlContext;Ljava/lang/Class;)Ljava/lang/Object;' in 'java/security/AccessController')}
  0x0000026234fdc588: 0048 ba10 | 2306 9162 | 0200 0048 | 8382 3001 | 0000 0148 

  0x0000026234fdc59c: ;   {static_call}
  0x0000026234fdc59c: 8bd0 90e8 

  0x0000026234fdc5a0: ; ImmutableOopMap {[72]=Oop [80]=Oop [88]=Oop }
                      ;*invokestatic ensureMaterializedForStackWalk {reexecute=0 rethrow=0 return_oop=0}
                      ; - java.security.AccessController::executePrivileged@5 (line 774)
                      ; - java.security.AccessController::doPrivileged@13 (line 400)
  0x0000026234fdc5a0: 3c2a 8f07 

  0x0000026234fdc5a4: ;   {other}
  0x0000026234fdc5a4: 0f1f 8400 | 1403 0002 

  0x0000026234fdc5ac: ;   {metadata(method data for {method} {0x000002625046d7f0} 'executePrivileged' '(Ljava/security/PrivilegedAction;Ljava/security/AccessControlContext;Ljava/lang/Class;)Ljava/lang/Object;' in 'java/security/AccessController')}
  0x0000026234fdc5ac: 48ba 1023 | 0691 6202 | 0000 ff82 | 4001 0000 | 488b 5424 | 4848 3b02 

  0x0000026234fdc5c4: ;   {metadata(method data for {method} {0x000002625046d7f0} 'executePrivileged' '(Ljava/security/PrivilegedAction;Ljava/security/AccessControlContext;Ljava/lang/Class;)Ljava/lang/Object;' in 'java/security/AccessController')}
  0x0000026234fdc5c4: 488b f248 | bf10 2306 | 9162 0200 | 008b 7608 | 49ba 0000 | 0050 6202 | 0000 4903 | f248 3bb7 
  0x0000026234fdc5e4: b001 0000 | 750d 4883 | 87b8 0100 | 0001 e960 | 0000 0048 | 3bb7 c001 | 0000 750d | 4883 87c8 
  0x0000026234fdc604: 0100 0001 | e94a 0000 | 0048 83bf | b001 0000 | 0075 1748 | 89b7 b001 | 0000 48c7 | 87b8 0100 
  0x0000026234fdc624: 0001 0000 | 00e9 2900 | 0000 4883 | bfc0 0100 | 0000 7517 | 4889 b7c0 | 0100 0048 | c787 c801 
  0x0000026234fdc644: 0000 0100 | 0000 e908 | 0000 0048 | 8387 a001 | 0000 0166 | 0f1f 4400 | 0048 b890 | e848 9662 
  0x0000026234fdc664: ;   {virtual_call}
  0x0000026234fdc664: 0200 00e8 

  0x0000026234fdc668: ; ImmutableOopMap {[80]=Oop [88]=Oop }
                      ;*invokeinterface run {reexecute=0 rethrow=0 return_oop=0}
                      ; - java.security.AccessController::executePrivileged@29 (line 778)
                      ; - java.security.AccessController::doPrivileged@13 (line 400)
  0x0000026234fdc668: a41c 3e07 

  0x0000026234fdc66c: ;   {other}
  0x0000026234fdc66c: 0f1f 8400 | dc03 0003 

  0x0000026234fdc674: ;   {metadata(method data for {method} {0x000002625046d7f0} 'executePrivileged' '(Ljava/security/PrivilegedAction;Ljava/security/AccessControlContext;Ljava/lang/Class;)Ljava/lang/Object;' in 'java/security/AccessController')}
  0x0000026234fdc674: 48be 1023 | 0691 6202 | 0000 ff86 | d801 0000 | 488b 7424 

  0x0000026234fdc688: ;   {metadata(method data for {method} {0x000002625046d7f0} 'executePrivileged' '(Ljava/security/PrivilegedAction;Ljava/security/AccessControlContext;Ljava/lang/Class;)Ljava/lang/Object;' in 'java/security/AccessController')}
  0x0000026234fdc688: 5048 bf10 | 2306 9162 | 0200 0048 | 8387 3802 

  0x0000026234fdc698: ;   {metadata(method data for {method} {0x000002625003d050} 'reachabilityFence' '(Ljava/lang/Object;)V' in 'java/lang/ref/Reference')}
  0x0000026234fdc698: 0000 0148 | bf30 ab05 | 9162 0200 | 008b 9fcc | 0000 0083 | c302 899f | cc00 0000 | 81e3 feff 
  0x0000026234fdc6b8: 1f00 85db | 0f84 9300 

  0x0000026234fdc6c0: ;   {metadata(method data for {method} {0x000002625046d7f0} 'executePrivileged' '(Ljava/security/PrivilegedAction;Ljava/security/AccessControlContext;Ljava/lang/Class;)Ljava/lang/Object;' in 'java/security/AccessController')}
  0x0000026234fdc6c0: 0000 48be | 1023 0691 | 6202 0000 | 4883 8648 | 0200 0001 

  0x0000026234fdc6d4: ;   {metadata(method data for {method} {0x000002625003d050} 'reachabilityFence' '(Ljava/lang/Object;)V' in 'java/lang/ref/Reference')}
  0x0000026234fdc6d4: 48be 30ab | 0591 6202 | 0000 8bbe | cc00 0000 | 83c7 0289 | becc 0000 | 0081 e7fe | ff1f 0085 
  0x0000026234fdc6f4: ff0f 847b | 0000 0048 | 83c4 705d 

  0x0000026234fdc700: ;   {poll_return}
  0x0000026234fdc700: 493b a748 | 0400 000f | 878a 0000 

  0x0000026234fdc70c: ;   {metadata({method} {0x000002625046d568} 'doPrivileged' '(Ljava/security/PrivilegedAction;Ljava/security/AccessControlContext;)Ljava/lang/Object;' in 'java/security/AccessController')}
  0x0000026234fdc70c: 00c3 49ba | 60d5 4650 | 6202 0000 | 4c89 5424 | 0848 c704 | 24ff ffff 

  0x0000026234fdc724: ;   {runtime_call counter_overflow Runtime1 stub}
  0x0000026234fdc724: ffe8 d6b5 

  0x0000026234fdc728: ; ImmutableOopMap {rdx=Oop r8=Oop }
                      ;*synchronization entry
                      ; - java.security.AccessController::doPrivileged@-1 (line 398)
  0x0000026234fdc728: 3d07 e993 

  0x0000026234fdc72c: ;   {metadata({method} {0x000002625046d7f0} 'executePrivileged' '(Ljava/security/PrivilegedAction;Ljava/security/AccessControlContext;Ljava/lang/Class;)Ljava/lang/Object;' in 'java/security/AccessController')}
  0x0000026234fdc72c: fdff ff49 | bae8 d746 | 5062 0200 | 004c 8954 | 2408 48c7 | 0424 ffff 

  0x0000026234fdc744: ;   {runtime_call counter_overflow Runtime1 stub}
  0x0000026234fdc744: ffff e8b5 

  0x0000026234fdc748: ; ImmutableOopMap {rax=Oop [72]=Oop [80]=Oop [88]=Oop }
                      ;*synchronization entry
                      ; - java.security.AccessController::executePrivileged@-1 (line 773)
                      ; - java.security.AccessController::doPrivileged@13 (line 400)
  0x0000026234fdc748: b53d 07e9 | 0afe ffff 

  0x0000026234fdc750: ;   {runtime_call throw_null_pointer_exception Runtime1 stub}
  0x0000026234fdc750: e82b 4d3d 

  0x0000026234fdc754: ; ImmutableOopMap {rdx=Oop [80]=Oop [88]=Oop }
                      ;*invokeinterface run {reexecute=0 rethrow=0 return_oop=0}
                      ; - java.security.AccessController::executePrivileged@29 (line 778)
                      ; - java.security.AccessController::doPrivileged@13 (line 400)
                      ;   {metadata({method} {0x000002625003d050} 'reachabilityFence' '(Ljava/lang/Object;)V' in 'java/lang/ref/Reference')}
  0x0000026234fdc754: 0749 ba48 | d003 5062 | 0200 004c | 8954 2408 | 48c7 0424 | ffff ffff 

  0x0000026234fdc76c: ;   {runtime_call counter_overflow Runtime1 stub}
  0x0000026234fdc76c: e88f b53d 

  0x0000026234fdc770: ; ImmutableOopMap {rax=Oop rsi=Oop }
                      ;*synchronization entry
                      ; - java.lang.ref.Reference::reachabilityFence@-1 (line 628)
                      ; - java.security.AccessController::executePrivileged@56 (line 783)
                      ; - java.security.AccessController::doPrivileged@13 (line 400)
  0x0000026234fdc770: 07e9 4cff 

  0x0000026234fdc774: ;   {metadata({method} {0x000002625003d050} 'reachabilityFence' '(Ljava/lang/Object;)V' in 'java/lang/ref/Reference')}
  0x0000026234fdc774: ffff 49ba | 48d0 0350 | 6202 0000 | 4c89 5424 | 0848 c704 | 24ff ffff 

  0x0000026234fdc78c: ;   {runtime_call counter_overflow Runtime1 stub}
  0x0000026234fdc78c: ffe8 6eb5 

  0x0000026234fdc790: ; ImmutableOopMap {rax=Oop }
                      ;*synchronization entry
                      ; - java.lang.ref.Reference::reachabilityFence@-1 (line 628)
                      ; - java.security.AccessController::executePrivileged@60 (line 784)
                      ; - java.security.AccessController::doPrivileged@13 (line 400)
  0x0000026234fdc790: 3d07 e964 

  0x0000026234fdc794: ;   {internal_word}
  0x0000026234fdc794: ffff ff49 | ba00 c7fd | 3462 0200 | 004d 8997 | 6004 0000 

  0x0000026234fdc7a8: ;   {runtime_call SafepointBlob}
  0x0000026234fdc7a8: e953 8f31 | 0749 8b87 | f804 0000 | 49c7 87f8 | 0400 0000 | 0000 0049 | c787 0005 | 0000 0000 
  0x0000026234fdc7c8: 0000 4883 

  0x0000026234fdc7cc: ;   {runtime_call unwind_exception Runtime1 stub}
  0x0000026234fdc7cc: c470 5de9 | ac2b 3d07 | f4f4 f4f4 
[Stub Code]
  0x0000026234fdc7d8: ;   {no_reloc}
  0x0000026234fdc7d8: 0f1f 4400 

  0x0000026234fdc7dc: ;   {static_stub}
  0x0000026234fdc7dc: 0048 bb00 | 0000 0000 

  0x0000026234fdc7e4: ;   {runtime_call nmethod}
  0x0000026234fdc7e4: 0000 00e9 | fbff ffff 

  0x0000026234fdc7ec: ;   {static_stub}
  0x0000026234fdc7ec: 48bb 0000 | 0000 0000 

  0x0000026234fdc7f4: ;   {runtime_call nmethod}
  0x0000026234fdc7f4: 0000 e9fb 

  0x0000026234fdc7f8: ;   {static_stub}
  0x0000026234fdc7f8: ffff ff48 | bb00 0000 | 0000 0000 

  0x0000026234fdc804: ;   {runtime_call nmethod}
  0x0000026234fdc804: 00e9 fbff 

  0x0000026234fdc808: ;   {static_stub}
  0x0000026234fdc808: ffff 48bb | 0000 0000 | 0000 0000 

  0x0000026234fdc814: ;   {runtime_call nmethod}
  0x0000026234fdc814: e9fb ffff 

  0x0000026234fdc818: ;   {runtime_call handle_exception_from_callee Runtime1 stub}
  0x0000026234fdc818: ffe8 627d 

  0x0000026234fdc81c: ;   {external_word}
  0x0000026234fdc81c: 3d07 48b9 | 8080 7229 | fb7f 0000 | 4883 e4f0 

  0x0000026234fdc82c: ;   {runtime_call}
  0x0000026234fdc82c: 48b8 80ed | 3429 fb7f | 0000 ffd0 

  0x0000026234fdc838: ;   {section_word}
  0x0000026234fdc838: f449 ba39 | c8fd 3462 | 0200 0041 

  0x0000026234fdc844: ;   {runtime_call DeoptimizationBlob}
  0x0000026234fdc844: 52e9 5681 | 3107 f4f4 | f4f4 f4f4 
[/MachCode]


Compiled method (c1) 64344 6820   !   3       com.sun.glass.ui.InvokeLaterDispatcher$Future::run (91 bytes)
 total in heap  [0x0000026235a56b10,0x0000026235a574e0] = 2512
 relocation     [0x0000026235a56c70,0x0000026235a56cf0] = 128
 main code      [0x0000026235a56d00,0x0000026235a57198] = 1176
 stub code      [0x0000026235a57198,0x0000026235a571f0] = 88
 oops           [0x0000026235a571f0,0x0000026235a571f8] = 8
 metadata       [0x0000026235a571f8,0x0000026235a57200] = 8
 scopes data    [0x0000026235a57200,0x0000026235a572b8] = 184
 scopes pcs     [0x0000026235a572b8,0x0000026235a573c8] = 272
 dependencies   [0x0000026235a573c8,0x0000026235a573d0] = 8
 handler table  [0x0000026235a573d0,0x0000026235a57490] = 192
 nul chk table  [0x0000026235a57490,0x0000026235a574e0] = 80

[Constant Pool (empty)]

[MachCode]
[Entry Point]
  # {method} {0x0000026291590b88} 'run' '()V' in 'com/sun/glass/ui/InvokeLaterDispatcher$Future'
  #           [sp+0x60]  (sp of caller)
  0x0000026235a56d00: 448b 5208 | 49bb 0000 | 0050 6202 | 0000 4d03 | d34c 3bd0 

  0x0000026235a56d14: ;   {runtime_call ic_miss_stub}
  0x0000026235a56d14: 0f85 667a | 8906 660f | 1f44 0000 
[Verified Entry Point]
  0x0000026235a56d20: 8984 2400 | 80ff ff55 | 4883 ec50 | 4181 7f20 | 0900 0000 

  0x0000026235a56d34: ;   {runtime_call StubRoutines (final stubs)}
  0x0000026235a56d34: 7405 e825 

  0x0000026235a56d38: ;   {metadata(method data for {method} {0x0000026291590b88} 'run' '()V' in 'com/sun/glass/ui/InvokeLaterDispatcher$Future')}
  0x0000026235a56d38: e087 0648 | be48 ace1 | 9262 0200 | 008b becc | 0000 0083 | c702 89be | cc00 0000 | 81e7 fe07 
  0x0000026235a56d58: 0000 85ff | 0f84 2d03 | 0000 8b72 | 1048 c1e6 | 0348 3b06 

  0x0000026235a56d6c: ;   {metadata(method data for {method} {0x0000026291590b88} 'run' '()V' in 'com/sun/glass/ui/InvokeLaterDispatcher$Future')}
  0x0000026235a56d6c: 488b fe48 | bb48 ace1 | 9262 0200 | 008b 7f08 | 49ba 0000 | 0050 6202 | 0000 4903 | fa48 3bbb 
  0x0000026235a56d8c: 2001 0000 | 750d 4883 | 8328 0100 | 0001 e960 | 0000 0048 | 3bbb 3001 | 0000 750d | 4883 8338 
  0x0000026235a56dac: 0100 0001 | e94a 0000 | 0048 83bb | 2001 0000 | 0075 1748 | 89bb 2001 | 0000 48c7 | 8328 0100 
  0x0000026235a56dcc: 0001 0000 | 00e9 2900 | 0000 4883 | bb30 0100 | 0000 7517 | 4889 bb30 | 0100 0048 | c783 3801 
  0x0000026235a56dec: 0000 0100 | 0000 e908 | 0000 0048 | 8383 1001 | 0000 0148 | 8954 2418 | 488b d666 | 0f1f 4400 
  0x0000026235a56e0c: 0048 b840 | 8134 9662 

  0x0000026235a56e14: ;   {virtual_call}
  0x0000026235a56e14: 0200 00e8 

  0x0000026235a56e18: ; ImmutableOopMap {[24]=Oop }
                      ;*invokeinterface run {reexecute=0 rethrow=0 return_oop=0}
                      ; - com.sun.glass.ui.InvokeLaterDispatcher$Future::run@4 (line 95)
  0x0000026235a56e18: f474 9606 

  0x0000026235a56e1c: ;   {other}
  0x0000026235a56e1c: 0f1f 8400 | 0c03 0000 | 488b 5424 | 188b 4214 | 48c1 e003 

  0x0000026235a56e30: ; implicit exception: dispatches to 0x0000026235a570b5
  0x0000026235a56e30: 8b70 7c48 | c1e6 0348 | 8d7c 2438 | 4889 7708 

  0x0000026235a56e40: ; implicit exception: dispatches to 0x0000026235a570ba
  0x0000026235a56e40: 488b 0648 | 83c8 0148 | 8907 f048 | 0fb1 3e0f | 8412 0000 | 0048 2bc4 | 4825 07f0 | ffff 4889 
  0x0000026235a56e60: 070f 8558 | 0200 0049 | ff87 4805 | 0000 4889 | 7424 20c6 | 420c 018b | 5214 48c1 | e203 8b52 
  0x0000026235a56e80: 7c48 c1e2 | 0348 3b02 

  0x0000026235a56e88: ;   {metadata(method data for {method} {0x0000026291590b88} 'run' '()V' in 'com/sun/glass/ui/InvokeLaterDispatcher$Future')}
  0x0000026235a56e88: 488b fa48 | bb48 ace1 | 9262 0200 | 0048 8383 | 4801 0000 

  0x0000026235a56e9c: ;   {optimized virtual_call}
  0x0000026235a56e9c: 0166 90e8 

  0x0000026235a56ea0: ; ImmutableOopMap {[32]=Oop [64]=Oop }
                      ;*invokevirtual notifyAll {reexecute=0 rethrow=0 return_oop=0}
                      ; - com.sun.glass.ui.InvokeLaterDispatcher$Future::run@31 (line 99)
  0x0000026235a56ea0: 9c35 e606 

  0x0000026235a56ea4: ;   {other}
  0x0000026235a56ea4: 0f1f 8400 | 9403 0001 | 488d 4424 | 3848 8b10 | 4885 d20f | 840f 0000 | 0048 8b70 | 08f0 480f 
  0x0000026235a56ec4: b116 0f85 | 1002 0000 | 49ff 8f48 

  0x0000026235a56ed0: ;   {metadata(method data for {method} {0x0000026291590b88} 'run' '()V' in 'com/sun/glass/ui/InvokeLaterDispatcher$Future')}
  0x0000026235a56ed0: 0500 0048 | b848 ace1 | 9262 0200 | 00ff 8080 | 0100 00e9 | d000 0000 | 498b 87f8 | 0400 004d 
  0x0000026235a56ef0: 33d2 4d89 | 97f8 0400 | 004d 33d2 | 4d89 9700 | 0500 008b | 7214 48c1 | e603 8b76 | 7c48 c1e6 
  0x0000026235a56f10: 0348 8d7c | 2438 4889 | 4424 2848 | 8977 0848 | 8b06 4883 | c801 4889 | 07f0 480f | b13e 0f84 
  0x0000026235a56f30: 1200 0000 | 482b c448 | 2507 f0ff | ff48 8907 | 0f85 b301 | 0000 49ff | 8748 0500 | 0048 8974 
  0x0000026235a56f50: 2430 c642 | 0c01 8b52 | 1448 c1e2 | 038b 527c | 48c1 e203 

  0x0000026235a56f64: ; implicit exception: dispatches to 0x0000026235a57111
  0x0000026235a56f64: 483b 0248 

  0x0000026235a56f68: ;   {metadata(method data for {method} {0x0000026291590b88} 'run' '()V' in 'com/sun/glass/ui/InvokeLaterDispatcher$Future')}
  0x0000026235a56f68: 8bfa 48bb | 48ac e192 | 6202 0000 | 4883 83b0 | 0100 0001 

  0x0000026235a56f7c: ;   {optimized virtual_call}
  0x0000026235a56f7c: 6666 90e8 

  0x0000026235a56f80: ; ImmutableOopMap {[40]=Oop [48]=Oop [64]=Oop }
                      ;*invokevirtual notifyAll {reexecute=0 rethrow=0 return_oop=0}
                      ; - com.sun.glass.ui.InvokeLaterDispatcher$Future::run@71 (line 99)
  0x0000026235a56f80: fc7a 8906 

  0x0000026235a56f84: ;   {other}
  0x0000026235a56f84: 0f1f 8400 | 7404 0002 | 488d 4424 | 3848 8b30 | 4885 f60f | 840f 0000 | 0048 8b78 | 08f0 480f 
  0x0000026235a56fa4: b137 0f85 | 6a01 0000 | 49ff 8f48 | 0500 00e9 | 2300 0000 

  0x0000026235a56fb8: ;   {metadata(method data for {method} {0x0000026291590b88} 'run' '()V' in 'com/sun/glass/ui/InvokeLaterDispatcher$Future')}
  0x0000026235a56fb8: 48b8 48ac | e192 6202 | 0000 ff80 | 9801 0000 | 4883 c450 

  0x0000026235a56fcc: ;   {poll_return}
  0x0000026235a56fcc: 5d49 3ba7 | 4804 0000 | 0f87 4f01 

  0x0000026235a56fd8: ;   {metadata(method data for {method} {0x0000026291590b88} 'run' '()V' in 'com/sun/glass/ui/InvokeLaterDispatcher$Future')}
  0x0000026235a56fd8: 0000 c348 | b848 ace1 | 9262 0200 | 00ff 80e8 | 0100 0048 | 8b44 2428 | e997 0100 | 0049 8b87 
  0x0000026235a56ff8: f804 0000 | 4d33 d24d | 8997 f804 | 0000 4d33 | d24d 8997 | 0005 0000 | 488b f048 | 8d44 2438 
  0x0000026235a57018: 488b 3848 | 85ff 0f84 | 0f00 0000 | 488b 5808 | f048 0fb1 | 3b0f 850c | 0100 0049 | ff8f 4805 
  0x0000026235a57038: 0000 488b | c6e9 4a01 | 0000 498b | 87f8 0400 | 004d 33d2 | 4d89 97f8 | 0400 004d | 33d2 4d89 
  0x0000026235a57058: 9700 0500 | 0048 8bf0 | 488d 4424 | 3848 8b38 | 4885 ff0f | 840f 0000 | 0048 8b58 | 08f0 480f 
  0x0000026235a57078: b13b 0f85 | d200 0000 | 49ff 8f48 | 0500 0048 | 8bc6 e9fd 

  0x0000026235a5708c: ;   {metadata({method} {0x0000026291590b88} 'run' '()V' in 'com/sun/glass/ui/InvokeLaterDispatcher$Future')}
  0x0000026235a5708c: 0000 0049 | ba80 0b59 | 9162 0200 | 004c 8954 | 2408 48c7 | 0424 ffff 

  0x0000026235a570a4: ;   {runtime_call counter_overflow Runtime1 stub}
  0x0000026235a570a4: ffff e855 

  0x0000026235a570a8: ; ImmutableOopMap {rdx=Oop }
                      ;*synchronization entry
                      ; - com.sun.glass.ui.InvokeLaterDispatcher$Future::run@-1 (line 95)
  0x0000026235a570a8: 0c96 06e9 | b2fc ffff 

  0x0000026235a570b0: ;   {runtime_call throw_null_pointer_exception Runtime1 stub}
  0x0000026235a570b0: e8cb a395 

  0x0000026235a570b4: ; ImmutableOopMap {rdx=Oop rsi=Oop }
                      ;*invokeinterface run {reexecute=0 rethrow=0 return_oop=0}
                      ; - com.sun.glass.ui.InvokeLaterDispatcher$Future::run@4 (line 95)
                      ;   {runtime_call throw_null_pointer_exception Runtime1 stub}
  0x0000026235a570b4: 06e8 c6a3 

  0x0000026235a570b8: ; ImmutableOopMap {rdx=Oop }
                      ;*getfield LOCK {reexecute=1 rethrow=0 return_oop=0}
                      ; - (reexecute) com.sun.glass.ui.InvokeLaterDispatcher$Future::run@13 (line 97)
                      ;   {runtime_call throw_null_pointer_exception Runtime1 stub}
  0x0000026235a570b8: 9506 e8c1 

  0x0000026235a570bc: ; ImmutableOopMap {rdx=Oop rsi=Oop }
                      ;*monitorenter {reexecute=0 rethrow=0 return_oop=0}
                      ; - com.sun.glass.ui.InvokeLaterDispatcher$Future::run@18 (line 97)
  0x0000026235a570bc: a395 0648 | 8974 2408 | 4889 3c24 

  0x0000026235a570c8: ;   {runtime_call monitorenter_nofpu Runtime1 stub}
  0x0000026235a570c8: e833 eb95 

  0x0000026235a570cc: ; ImmutableOopMap {rdx=Oop rsi=Oop [64]=Oop }
                      ;*monitorenter {reexecute=0 rethrow=0 return_oop=0}
                      ; - com.sun.glass.ui.InvokeLaterDispatcher$Future::run@18 (line 97)
  0x0000026235a570cc: 06e9 9cfd 

  0x0000026235a570d0: ;   {runtime_call throw_null_pointer_exception Runtime1 stub}
  0x0000026235a570d0: ffff e8a9 

  0x0000026235a570d4: ; ImmutableOopMap {[32]=Oop [64]=Oop }
                      ;*getfield LOCK {reexecute=1 rethrow=0 return_oop=0}
                      ; - (reexecute) com.sun.glass.ui.InvokeLaterDispatcher$Future::run@28 (line 99)
                      ;   {runtime_call throw_null_pointer_exception Runtime1 stub}
  0x0000026235a570d4: a395 06e8 

  0x0000026235a570d8: ; ImmutableOopMap {rdx=Oop [32]=Oop [64]=Oop }
                      ;*invokevirtual notifyAll {reexecute=0 rethrow=0 return_oop=0}
                      ; - com.sun.glass.ui.InvokeLaterDispatcher$Future::run@31 (line 99)
  0x0000026235a570d8: a4a3 9506 | 488d 4424 | 3848 8904 

  0x0000026235a570e4: ;   {runtime_call monitorexit_nofpu Runtime1 stub}
  0x0000026235a570e4: 24e8 16f1 | 9506 e9e4 

  0x0000026235a570ec: ;   {runtime_call throw_null_pointer_exception Runtime1 stub}
  0x0000026235a570ec: fdff ffe8 

  0x0000026235a570f0: ; ImmutableOopMap {rdx=Oop rax=Oop }
                      ;*getfield LOCK {reexecute=1 rethrow=0 return_oop=0}
                      ; - (reexecute) com.sun.glass.ui.InvokeLaterDispatcher$Future::run@52 (line 97)
  0x0000026235a570f0: 8ca3 9506 

  0x0000026235a570f4: ;   {runtime_call throw_null_pointer_exception Runtime1 stub}
  0x0000026235a570f4: e887 a395 

  0x0000026235a570f8: ; ImmutableOopMap {rdx=Oop rsi=Oop [40]=Oop }
                      ;*monitorenter {reexecute=0 rethrow=0 return_oop=0}
                      ; - com.sun.glass.ui.InvokeLaterDispatcher$Future::run@58 (line 97)
  0x0000026235a570f8: 0648 8974 | 2408 4889 

  0x0000026235a57100: ;   {runtime_call monitorenter_nofpu Runtime1 stub}
  0x0000026235a57100: 3c24 e8f9 

  0x0000026235a57104: ; ImmutableOopMap {rdx=Oop rsi=Oop [40]=Oop [64]=Oop }
                      ;*monitorenter {reexecute=0 rethrow=0 return_oop=0}
                      ; - com.sun.glass.ui.InvokeLaterDispatcher$Future::run@58 (line 97)
  0x0000026235a57104: ea95 06e9 | 41fe ffff 

  0x0000026235a5710c: ;   {runtime_call throw_null_pointer_exception Runtime1 stub}
  0x0000026235a5710c: e86f a395 

  0x0000026235a57110: ; ImmutableOopMap {[40]=Oop [48]=Oop [64]=Oop }
                      ;*getfield LOCK {reexecute=1 rethrow=0 return_oop=0}
                      ; - (reexecute) com.sun.glass.ui.InvokeLaterDispatcher$Future::run@68 (line 99)
                      ;   {runtime_call throw_null_pointer_exception Runtime1 stub}
  0x0000026235a57110: 06e8 6aa3 

  0x0000026235a57114: ; ImmutableOopMap {rdx=Oop [40]=Oop [48]=Oop [64]=Oop }
                      ;*invokevirtual notifyAll {reexecute=0 rethrow=0 return_oop=0}
                      ; - com.sun.glass.ui.InvokeLaterDispatcher$Future::run@71 (line 99)
  0x0000026235a57114: 9506 488d | 4424 3848 

  0x0000026235a5711c: ;   {runtime_call monitorexit_nofpu Runtime1 stub}
  0x0000026235a5711c: 8904 24e8 | dcf0 9506 | e98a feff 

  0x0000026235a57128: ;   {internal_word}
  0x0000026235a57128: ff49 bacd | 6fa5 3562 | 0200 004d | 8997 6004 

  0x0000026235a57138: ;   {runtime_call SafepointBlob}
  0x0000026235a57138: 0000 e9c1 | e589 0648 | 8d44 2438 | 4889 0424 

  0x0000026235a57148: ;   {runtime_call monitorexit_nofpu Runtime1 stub}
  0x0000026235a57148: e8b3 f095 | 06e9 e8fe | ffff 488d | 4424 3848 

  0x0000026235a57158: ;   {runtime_call monitorexit_nofpu Runtime1 stub}
  0x0000026235a57158: 8904 24e8 | a0f0 9506 | e922 ffff | ff48 8b54 | 2418 e979 | fdff ff49 | 8b87 f804 | 0000 49c7 
  0x0000026235a57178: 87f8 0400 | 0000 0000 | 0049 c787 | 0005 0000 | 0000 0000 | 4883 c450 

  0x0000026235a57190: ;   {runtime_call unwind_exception Runtime1 stub}
  0x0000026235a57190: 5de9 ea81 | 9506 f4f4 
[Stub Code]
  0x0000026235a57198: ;   {no_reloc}
  0x0000026235a57198: 0f1f 4400 

  0x0000026235a5719c: ;   {static_stub}
  0x0000026235a5719c: 0048 bb00 | 0000 0000 

  0x0000026235a571a4: ;   {runtime_call nmethod}
  0x0000026235a571a4: 0000 00e9 | fbff ffff 

  0x0000026235a571ac: ;   {static_stub}
  0x0000026235a571ac: 48bb 0000 | 0000 0000 

  0x0000026235a571b4: ;   {runtime_call nmethod}
  0x0000026235a571b4: 0000 e9fb 

  0x0000026235a571b8: ;   {runtime_call handle_exception_from_callee Runtime1 stub}
  0x0000026235a571b8: ffff ffe8 | c0d3 9506 

  0x0000026235a571c0: ;   {external_word}
  0x0000026235a571c0: 48b9 8080 | 7229 fb7f | 0000 4883 

  0x0000026235a571cc: ;   {runtime_call}
  0x0000026235a571cc: e4f0 48b8 | 80ed 3429 | fb7f 0000 

  0x0000026235a571d8: ;   {section_word}
  0x0000026235a571d8: ffd0 f449 | badb 71a5 | 3562 0200 

  0x0000026235a571e4: ;   {runtime_call DeoptimizationBlob}
  0x0000026235a571e4: 0041 52e9 | b4d7 8906 | f4f4 f4f4 
[/MachCode]


---------------  P R O C E S S  ---------------

Threads class SMR info:
_java_thread_list=0x000002629549ebf0, length=19, elements={
0x0000026228ee0580, 0x000002624f59ae80, 0x000002624f59f9f0, 0x000002624f5a2080,
0x000002624f5a2ad0, 0x000002624fb08090, 0x000002624fb08c10, 0x000002624f5a7a30,
0x000002624fb0c520, 0x000002624fc14b50, 0x00000262953977a0, 0x00000262958bbed0,
0x00000262960c6290, 0x0000026295ab5b20, 0x0000026295c9c340, 0x00000262959a1b70,
0x000002629538a750, 0x000002629660cda0, 0x000002629660c080
}

Java Threads: ( => current thread )
  0x0000026228ee0580 JavaThread "main"                              [_thread_blocked, id=740, stack(0x000000b079800000,0x000000b079900000) (1024K)]
  0x000002624f59ae80 JavaThread "Reference Handler"          daemon [_thread_blocked, id=8748, stack(0x000000b07a000000,0x000000b07a100000) (1024K)]
  0x000002624f59f9f0 JavaThread "Finalizer"                  daemon [_thread_blocked, id=12216, stack(0x000000b07a100000,0x000000b07a200000) (1024K)]
  0x000002624f5a2080 JavaThread "Signal Dispatcher"          daemon [_thread_blocked, id=9212, stack(0x000000b07a200000,0x000000b07a300000) (1024K)]
  0x000002624f5a2ad0 JavaThread "Attach Listener"            daemon [_thread_blocked, id=18824, stack(0x000000b07a300000,0x000000b07a400000) (1024K)]
  0x000002624fb08090 JavaThread "Service Thread"             daemon [_thread_blocked, id=17128, stack(0x000000b07a400000,0x000000b07a500000) (1024K)]
  0x000002624fb08c10 JavaThread "Monitor Deflation Thread"   daemon [_thread_blocked, id=19500, stack(0x000000b07a500000,0x000000b07a600000) (1024K)]
  0x000002624f5a7a30 JavaThread "C2 CompilerThread0"         daemon [_thread_blocked, id=3096, stack(0x000000b07a600000,0x000000b07a700000) (1024K)]
  0x000002624fb0c520 JavaThread "C1 CompilerThread0"         daemon [_thread_blocked, id=6180, stack(0x000000b07a700000,0x000000b07a800000) (1024K)]
  0x000002624fc14b50 JavaThread "Common-Cleaner"             daemon [_thread_blocked, id=7444, stack(0x000000b07a800000,0x000000b07a900000) (1024K)]
  0x00000262953977a0 JavaThread "Notification Thread"        daemon [_thread_blocked, id=19372, stack(0x000000b07ab00000,0x000000b07ac00000) (1024K)]
  0x00000262958bbed0 JavaThread "QuantumRenderer-0"          daemon [_thread_blocked, id=6248, stack(0x000000b07ac00000,0x000000b07ad00000) (1024K)]
  0x00000262960c6290 JavaThread "InvokeLaterDispatcher"      daemon [_thread_blocked, id=16516, stack(0x000000b07ad00000,0x000000b07ae00000) (1024K)]
=>0x0000026295ab5b20 JavaThread "JavaFX Application Thread"         [_thread_in_native, id=4092, stack(0x000000b07ae00000,0x000000b07af00000) (1024K)]
  0x0000026295c9c340 JavaThread "JavaFX-Launcher"                   [_thread_blocked, id=3792, stack(0x000000b07b000000,0x000000b07b100000) (1024K)]
  0x00000262959a1b70 JavaThread "Thread-2"                   daemon [_thread_in_native, id=12940, stack(0x000000b07af00000,0x000000b07b000000) (1024K)]
  0x000002629538a750 JavaThread "HttpClient-1-SelectorManager" daemon [_thread_in_native, id=16552, stack(0x000000b07bc00000,0x000000b07bd00000) (1024K)]
  0x000002629660cda0 JavaThread "Prism Font Disposer"        daemon [_thread_blocked, id=13256, stack(0x000000b07c300000,0x000000b07c400000) (1024K)]
  0x000002629660c080 JavaThread "Cleaner-0"                  daemon [_thread_blocked, id=17712, stack(0x000000b07c400000,0x000000b07c500000) (1024K)]
Total: 19

Other Threads:
  0x000002624f57e940 VMThread "VM Thread"                           [id=5628, stack(0x000000b079f00000,0x000000b07a000000) (1024K)]
  0x000002624f56d7e0 WatcherThread "VM Periodic Task Thread"        [id=5844, stack(0x000000b079e00000,0x000000b079f00000) (1024K)]
  0x000002622b33f160 WorkerThread "GC Thread#0"                     [id=2808, stack(0x000000b079900000,0x000000b079a00000) (1024K)]
  0x0000026295351d40 WorkerThread "GC Thread#1"                     [id=19376, stack(0x000000b07b100000,0x000000b07b200000) (1024K)]
  0x00000262953520e0 WorkerThread "GC Thread#2"                     [id=14728, stack(0x000000b07b200000,0x000000b07b300000) (1024K)]
  0x0000026295352480 WorkerThread "GC Thread#3"                     [id=4128, stack(0x000000b07b300000,0x000000b07b400000) (1024K)]
  0x0000026295352820 WorkerThread "GC Thread#4"                     [id=7680, stack(0x000000b07b400000,0x000000b07b500000) (1024K)]
  0x0000026295352bc0 WorkerThread "GC Thread#5"                     [id=4980, stack(0x000000b07b500000,0x000000b07b600000) (1024K)]
  0x0000026295f3afd0 WorkerThread "GC Thread#6"                     [id=7248, stack(0x000000b07b600000,0x000000b07b700000) (1024K)]
  0x0000026295f3b370 WorkerThread "GC Thread#7"                     [id=18596, stack(0x000000b07b700000,0x000000b07b800000) (1024K)]
  0x0000026295f3b710 WorkerThread "GC Thread#8"                     [id=17984, stack(0x000000b07b800000,0x000000b07b900000) (1024K)]
  0x00000262951262e0 WorkerThread "GC Thread#9"                     [id=6668, stack(0x000000b07b900000,0x000000b07ba00000) (1024K)]
  0x000002622b34ff10 ConcurrentGCThread "G1 Main Marker"            [id=14252, stack(0x000000b079a00000,0x000000b079b00000) (1024K)]
  0x000002622b3531c0 WorkerThread "G1 Conc#0"                       [id=4780, stack(0x000000b079b00000,0x000000b079c00000) (1024K)]
  0x0000026295125ba0 WorkerThread "G1 Conc#1"                       [id=14180, stack(0x000000b07ba00000,0x000000b07bb00000) (1024K)]
  0x00000262951250c0 WorkerThread "G1 Conc#2"                       [id=19792, stack(0x000000b07bb00000,0x000000b07bc00000) (1024K)]
  0x000002624f43bca0 ConcurrentGCThread "G1 Refine#0"               [id=12400, stack(0x000000b079c00000,0x000000b079d00000) (1024K)]
  0x000002624f43c6b0 ConcurrentGCThread "G1 Service"                [id=2720, stack(0x000000b079d00000,0x000000b079e00000) (1024K)]
Total: 18

Threads with active compile tasks:
Total: 0

VM state: not at safepoint (normal execution)

VM Mutex/Monitor currently owned by a thread: None

Heap address: 0x0000000641800000, size: 7144 MB, Compressed Oops mode: Zero based, Oop shift amount: 3

CDS archive(s) mapped at: [0x0000026250000000-0x0000026250c90000-0x0000026250c90000), size 13172736, SharedBaseAddress: 0x0000026250000000, ArchiveRelocationMode: 1.
Compressed class space mapped at: 0x0000026251000000-0x0000026291000000, reserved size: 1073741824
Narrow klass base: 0x0000026250000000, Narrow klass shift: 0, Narrow klass range: 0x100000000

GC Precious Log:
 CardTable entry size: 512
 Card Set container configuration: InlinePtr #cards 4 size 8 Array Of Cards #cards 32 size 80 Howl #buckets 8 coarsen threshold 7372 Howl Bitmap #cards 1024 size 144 coarsen threshold 921 Card regions per heap region 1 cards per card region 8192
 CPUs: 12 total, 12 available
 Memory: 28565M
 Large Page Support: Disabled
 NUMA Support: Disabled
 Compressed Oops: Enabled (Zero based)
 Heap Region Size: 4M
 Heap Min Capacity: 8M
 Heap Initial Capacity: 448M
 Heap Max Capacity: 7144M
 Pre-touch: Disabled
 Parallel Workers: 10
 Concurrent Workers: 3
 Concurrent Refinement Workers: 10
 Periodic GC: Disabled

Heap:
 garbage-first heap   total 167936K, used 80965K [0x0000000641800000, 0x0000000800000000)
  region size 4096K, 2 young (8192K), 1 survivors (4096K)
 Metaspace       used 36659K, committed 37184K, reserved 1114112K
  class space    used 4877K, committed 5120K, reserved 1048576K

Heap Regions: E=young(eden), S=young(survivor), O=old, HS=humongous(starts), HC=humongous(continues), CS=collection set, F=free, TAMS=top-at-mark-start, PB=parsable bottom
|   0|0x0000000641800000, 0x0000000641c00000, 0x0000000641c00000|100%| O|  |TAMS 0x0000000641800000| PB 0x0000000641800000| Untracked 
|   1|0x0000000641c00000, 0x0000000642000000, 0x0000000642000000|100%| O|  |TAMS 0x0000000641c00000| PB 0x0000000641c00000| Untracked 
|   2|0x0000000642000000, 0x0000000642400000, 0x0000000642400000|100%| O|  |TAMS 0x0000000642000000| PB 0x0000000642000000| Untracked 
|   3|0x0000000642400000, 0x0000000642800000, 0x0000000642800000|100%| O|  |TAMS 0x0000000642400000| PB 0x0000000642400000| Untracked 
|   4|0x0000000642800000, 0x0000000642c00000, 0x0000000642c00000|100%| O|  |TAMS 0x0000000642800000| PB 0x0000000642800000| Untracked 
|   5|0x0000000642c00000, 0x0000000642c00000, 0x0000000643000000|  0%| F|  |TAMS 0x0000000642c00000| PB 0x0000000642c00000| Untracked 
|   6|0x0000000643000000, 0x0000000643400000, 0x0000000643400000|100%| O|  |TAMS 0x0000000643000000| PB 0x0000000643000000| Untracked 
|   7|0x0000000643400000, 0x0000000643800000, 0x0000000643800000|100%| O|  |TAMS 0x0000000643400000| PB 0x0000000643400000| Untracked 
|   8|0x0000000643800000, 0x0000000643c00000, 0x0000000643c00000|100%|HS|  |TAMS 0x0000000643800000| PB 0x0000000643800000| Complete 
|   9|0x0000000643c00000, 0x0000000644000000, 0x0000000644000000|100%|HC|  |TAMS 0x0000000643c00000| PB 0x0000000643c00000| Complete 
|  10|0x0000000644000000, 0x0000000644400000, 0x0000000644400000|100%| O|  |TAMS 0x0000000644000000| PB 0x0000000644000000| Untracked 
|  11|0x0000000644400000, 0x0000000644800000, 0x0000000644800000|100%|HS|  |TAMS 0x0000000644400000| PB 0x0000000644400000| Complete 
|  12|0x0000000644800000, 0x0000000644c00000, 0x0000000644c00000|100%|HC|  |TAMS 0x0000000644800000| PB 0x0000000644800000| Complete 
|  13|0x0000000644c00000, 0x0000000645000000, 0x0000000645000000|100%|HC|  |TAMS 0x0000000644c00000| PB 0x0000000644c00000| Complete 
|  14|0x0000000645000000, 0x0000000645400000, 0x0000000645400000|100%| O|  |TAMS 0x0000000645000000| PB 0x0000000645000000| Untracked 
|  15|0x0000000645400000, 0x0000000645800000, 0x0000000645800000|100%| O|  |TAMS 0x0000000645400000| PB 0x0000000645400000| Untracked 
|  16|0x0000000645800000, 0x0000000645c00000, 0x0000000645c00000|100%| O|  |TAMS 0x0000000645800000| PB 0x0000000645800000| Untracked 
|  17|0x0000000645c00000, 0x0000000646000000, 0x0000000646000000|100%| O|  |TAMS 0x0000000645c00000| PB 0x0000000645c00000| Untracked 
|  18|0x0000000646000000, 0x0000000646400000, 0x0000000646400000|100%| O|  |TAMS 0x0000000646000000| PB 0x0000000646000000| Untracked 
|  19|0x0000000646400000, 0x00000006467114a0, 0x0000000646800000| 76%| O|  |TAMS 0x0000000646400000| PB 0x0000000646400000| Untracked 
|  20|0x0000000646800000, 0x0000000646800000, 0x0000000646c00000|  0%| F|  |TAMS 0x0000000646800000| PB 0x0000000646800000| Untracked 
|  21|0x0000000646c00000, 0x0000000647000000, 0x0000000647000000|100%| S|CS|TAMS 0x0000000646c00000| PB 0x0000000646c00000| Complete 
|  22|0x0000000647000000, 0x0000000647000000, 0x0000000647400000|  0%| F|  |TAMS 0x0000000647000000| PB 0x0000000647000000| Untracked 
|  23|0x0000000647400000, 0x0000000647400000, 0x0000000647800000|  0%| F|  |TAMS 0x0000000647400000| PB 0x0000000647400000| Untracked 
|  24|0x0000000647800000, 0x0000000647800000, 0x0000000647c00000|  0%| F|  |TAMS 0x0000000647800000| PB 0x0000000647800000| Untracked 
|  25|0x0000000647c00000, 0x0000000647c00000, 0x0000000648000000|  0%| F|  |TAMS 0x0000000647c00000| PB 0x0000000647c00000| Untracked 
|  26|0x0000000648000000, 0x0000000648000000, 0x0000000648400000|  0%| F|  |TAMS 0x0000000648000000| PB 0x0000000648000000| Untracked 
|  27|0x0000000648400000, 0x0000000648400000, 0x0000000648800000|  0%| F|  |TAMS 0x0000000648400000| PB 0x0000000648400000| Untracked 
|  28|0x0000000648800000, 0x0000000648800000, 0x0000000648c00000|  0%| F|  |TAMS 0x0000000648800000| PB 0x0000000648800000| Untracked 
|  29|0x0000000648c00000, 0x0000000648c00000, 0x0000000649000000|  0%| F|  |TAMS 0x0000000648c00000| PB 0x0000000648c00000| Untracked 
|  30|0x0000000649000000, 0x0000000649000000, 0x0000000649400000|  0%| F|  |TAMS 0x0000000649000000| PB 0x0000000649000000| Untracked 
|  31|0x0000000649400000, 0x0000000649400000, 0x0000000649800000|  0%| F|  |TAMS 0x0000000649400000| PB 0x0000000649400000| Untracked 
|  32|0x0000000649800000, 0x0000000649800000, 0x0000000649c00000|  0%| F|  |TAMS 0x0000000649800000| PB 0x0000000649800000| Untracked 
|  33|0x0000000649c00000, 0x0000000649c00000, 0x000000064a000000|  0%| F|  |TAMS 0x0000000649c00000| PB 0x0000000649c00000| Untracked 
|  34|0x000000064a000000, 0x000000064a000000, 0x000000064a400000|  0%| F|  |TAMS 0x000000064a000000| PB 0x000000064a000000| Untracked 
|  35|0x000000064a400000, 0x000000064a400000, 0x000000064a800000|  0%| F|  |TAMS 0x000000064a400000| PB 0x000000064a400000| Untracked 
|  36|0x000000064a800000, 0x000000064a800000, 0x000000064ac00000|  0%| F|  |TAMS 0x000000064a800000| PB 0x000000064a800000| Untracked 
| 105|0x000000065bc00000, 0x000000065bc00000, 0x000000065c000000|  0%| F|  |TAMS 0x000000065bc00000| PB 0x000000065bc00000| Untracked 
| 106|0x000000065c000000, 0x000000065c000000, 0x000000065c400000|  0%| F|  |TAMS 0x000000065c000000| PB 0x000000065c000000| Untracked 
| 107|0x000000065c400000, 0x000000065c400000, 0x000000065c800000|  0%| F|  |TAMS 0x000000065c400000| PB 0x000000065c400000| Untracked 
| 111|0x000000065d400000, 0x000000065d52dce8, 0x000000065d800000| 29%| E|  |TAMS 0x000000065d400000| PB 0x000000065d400000| Complete 

Card table byte_map: [0x00000262450c0000,0x0000026245ec0000] _byte_map_base: 0x0000026241eb4000

Marking Bits: (CMBitMap*) 0x000002622b33f860
 Bits: [0x0000026245ec0000, 0x000002624ce60000)

Polling page: 0x0000026229640000

Metaspace:

Usage:
  Non-class:     31.04 MB used.
      Class:      4.76 MB used.
       Both:     35.80 MB used.

Virtual space:
  Non-class space:       64.00 MB reserved,      31.31 MB ( 49%) committed,  1 nodes.
      Class space:        1.00 GB reserved,       5.00 MB ( <1%) committed,  1 nodes.
             Both:        1.06 GB reserved,      36.31 MB (  3%) committed. 

Chunk freelists:
   Non-Class:  400.00 KB
       Class:  10.84 MB
        Both:  11.23 MB

MaxMetaspaceSize: unlimited
CompressedClassSpaceSize: 1.00 GB
Initial GC threshold: 21.00 MB
Current GC threshold: 59.50 MB
CDS: on
 - commit_granule_bytes: 65536.
 - commit_granule_words: 8192.
 - virtual_space_node_default_size: 8388608.
 - enlarge_chunks_in_place: 1.
 - use_allocation_guard: 0.


Internal statistics:

num_allocs_failed_limit: 3.
num_arena_births: 656.
num_arena_deaths: 0.
num_vsnodes_births: 2.
num_vsnodes_deaths: 0.
num_space_committed: 581.
num_space_uncommitted: 0.
num_chunks_returned_to_freelist: 3.
num_chunks_taken_from_freelist: 1824.
num_chunk_merges: 0.
num_chunk_splits: 1196.
num_chunks_enlarged: 818.
num_inconsistent_stats: 0.

CodeHeap 'non-profiled nmethods': size=120000Kb used=4620Kb max_used=4620Kb free=115379Kb
 bounds [0x000002623c840000, 0x000002623ccd0000, 0x0000026243d70000]
CodeHeap 'profiled nmethods': size=120000Kb used=14327Kb max_used=15553Kb free=105673Kb
 bounds [0x0000026234d70000, 0x0000026235cb0000, 0x000002623c2a0000]
CodeHeap 'non-nmethods': size=5760Kb used=1918Kb max_used=1971Kb free=3841Kb
 bounds [0x000002623c2a0000, 0x000002623c510000, 0x000002623c840000]
 total_blobs=7573 nmethods=6675 adapters=801
 compilation: enabled
              stopped_count=0, restarted_count=0
 full_count=0

Compilation events (20 events):
Event: 64.254 Thread 0x000002624fb0c520 nmethod 8600 0x0000026235164290 code [0x0000026235164440, 0x00000262351646b8]
Event: 64.254 Thread 0x000002624fb0c520 8601       3       java.util.concurrent.CountDownLatch$Sync::tryAcquireShared (13 bytes)
Event: 64.254 Thread 0x000002624fb0c520 nmethod 8601 0x000002623509c110 code [0x000002623509c2c0, 0x000002623509c458]
Event: 64.256 Thread 0x000002624f5a7a30 nmethod 8599 0x000002623ccc1810 code [0x000002623ccc1a00, 0x000002623ccc1fa0]
Event: 64.275 Thread 0x000002624fb0c520 8602       3       sun.nio.cs.UTF_8::updatePositions (23 bytes)
Event: 64.276 Thread 0x000002624fb0c520 nmethod 8602 0x0000026235590a90 code [0x0000026235590c80, 0x00000262355910b8]
Event: 64.276 Thread 0x000002624fb0c520 8603       1       java.nio.charset.CharsetEncoder::maxBytesPerChar (5 bytes)
Event: 64.276 Thread 0x000002624fb0c520 nmethod 8603 0x000002623ccc2410 code [0x000002623ccc25a0, 0x000002623ccc2668]
Event: 64.276 Thread 0x000002624fb0c520 8604       3       java.io.OutputStream::flush (1 bytes)
Event: 64.276 Thread 0x000002624fb0c520 nmethod 8604 0x0000026234eee290 code [0x0000026234eee420, 0x0000026234eee528]
Event: 64.276 Thread 0x000002624fb0c520 8605       3       java.io.PrintStream::ensureOpen (18 bytes)
Event: 64.276 Thread 0x000002624fb0c520 nmethod 8605 0x00000262350ebb90 code [0x00000262350ebd40, 0x00000262350ebf50]
Event: 64.276 Thread 0x000002624fb0c520 8608       3       java.lang.StringCoding::implEncodeAsciiArray (47 bytes)
Event: 64.276 Thread 0x000002624fb0c520 nmethod 8608 0x0000026235106390 code [0x0000026235106540, 0x0000026235106778]
Event: 64.276 Thread 0x000002624fb0c520 8607       3       java.io.BufferedOutputStream::flushBuffer (29 bytes)
Event: 64.276 Thread 0x000002624fb0c520 nmethod 8607 0x0000026235123d90 code [0x0000026235123f40, 0x0000026235124170]
Event: 64.279 Thread 0x000002624fb0c520 8609   !   3       java.util.ArrayList$Itr::remove (68 bytes)
Event: 64.279 Thread 0x000002624f5a7a30 8610       4       java.util.ArrayList::remove (26 bytes)
Event: 64.279 Thread 0x000002624fb0c520 nmethod 8609 0x0000026235172790 code [0x00000262351729a0, 0x0000026235172f20]
Event: 64.281 Thread 0x000002624f5a7a30 nmethod 8610 0x000002623ccc2b10 code [0x000002623ccc2ca0, 0x000002623ccc2f30]

GC Heap History (20 events):
Event: 2.391 GC heap before
{Heap before GC invocations=5 (full 0):
 garbage-first heap   total 73728K, used 43892K [0x0000000641800000, 0x0000000800000000)
  region size 4096K, 10 young (40960K), 4 survivors (16384K)
 Metaspace       used 32045K, committed 32512K, reserved 1114112K
  class space    used 4468K, committed 4672K, reserved 1048576K
}
Event: 2.399 GC heap after
{Heap after GC invocations=6 (full 0):
 garbage-first heap   total 73728K, used 25971K [0x0000000641800000, 0x0000000800000000)
  region size 4096K, 2 young (8192K), 2 survivors (8192K)
 Metaspace       used 32045K, committed 32512K, reserved 1114112K
  class space    used 4468K, committed 4672K, reserved 1048576K
}
Event: 2.443 GC heap before
{Heap before GC invocations=6 (full 0):
 garbage-first heap   total 73728K, used 34163K [0x0000000641800000, 0x0000000800000000)
  region size 4096K, 3 young (12288K), 2 survivors (8192K)
 Metaspace       used 32861K, committed 33280K, reserved 1114112K
  class space    used 4549K, committed 4736K, reserved 1048576K
}
Event: 2.446 GC heap after
{Heap after GC invocations=7 (full 0):
 garbage-first heap   total 73728K, used 35282K [0x0000000641800000, 0x0000000800000000)
  region size 4096K, 1 young (4096K), 1 survivors (4096K)
 Metaspace       used 32861K, committed 33280K, reserved 1114112K
  class space    used 4549K, committed 4736K, reserved 1048576K
}
Event: 23.174 GC heap before
{Heap before GC invocations=8 (full 0):
 garbage-first heap   total 90112K, used 63954K [0x0000000641800000, 0x0000000800000000)
  region size 4096K, 5 young (20480K), 1 survivors (4096K)
 Metaspace       used 34325K, committed 34816K, reserved 1114112K
  class space    used 4629K, committed 4864K, reserved 1048576K
}
Event: 23.176 GC heap after
{Heap after GC invocations=9 (full 0):
 garbage-first heap   total 90112K, used 48751K [0x0000000641800000, 0x0000000800000000)
  region size 4096K, 1 young (4096K), 1 survivors (4096K)
 Metaspace       used 34325K, committed 34816K, reserved 1114112K
  class space    used 4629K, committed 4864K, reserved 1048576K
}
Event: 34.732 GC heap before
{Heap before GC invocations=9 (full 0):
 garbage-first heap   total 90112K, used 69231K [0x0000000641800000, 0x0000000800000000)
  region size 4096K, 6 young (24576K), 1 survivors (4096K)
 Metaspace       used 35118K, committed 35648K, reserved 1114112K
  class space    used 4674K, committed 4928K, reserved 1048576K
}
Event: 34.739 GC heap after
{Heap after GC invocations=10 (full 0):
 garbage-first heap   total 90112K, used 50591K [0x0000000641800000, 0x0000000800000000)
  region size 4096K, 1 young (4096K), 1 survivors (4096K)
 Metaspace       used 35118K, committed 35648K, reserved 1114112K
  class space    used 4674K, committed 4928K, reserved 1048576K
}
Event: 34.883 GC heap before
{Heap before GC invocations=10 (full 0):
 garbage-first heap   total 90112K, used 75167K [0x0000000641800000, 0x0000000800000000)
  region size 4096K, 7 young (28672K), 1 survivors (4096K)
 Metaspace       used 35296K, committed 35776K, reserved 1114112K
  class space    used 4707K, committed 4928K, reserved 1048576K
}
Event: 34.887 GC heap after
{Heap after GC invocations=11 (full 0):
 garbage-first heap   total 90112K, used 54914K [0x0000000641800000, 0x0000000800000000)
  region size 4096K, 1 young (4096K), 1 survivors (4096K)
 Metaspace       used 35296K, committed 35776K, reserved 1114112K
  class space    used 4707K, committed 4928K, reserved 1048576K
}
Event: 35.045 GC heap before
{Heap before GC invocations=12 (full 0):
 garbage-first heap   total 98304K, used 75394K [0x0000000641800000, 0x0000000800000000)
  region size 4096K, 6 young (24576K), 1 survivors (4096K)
 Metaspace       used 35640K, committed 36160K, reserved 1114112K
  class space    used 4735K, committed 4992K, reserved 1048576K
}
Event: 35.048 GC heap after
{Heap after GC invocations=13 (full 0):
 garbage-first heap   total 98304K, used 58769K [0x0000000641800000, 0x0000000800000000)
  region size 4096K, 1 young (4096K), 1 survivors (4096K)
 Metaspace       used 35640K, committed 36160K, reserved 1114112K
  class space    used 4735K, committed 4992K, reserved 1048576K
}
Event: 35.185 GC heap before
{Heap before GC invocations=13 (full 0):
 garbage-first heap   total 98304K, used 79249K [0x0000000641800000, 0x0000000800000000)
  region size 4096K, 6 young (24576K), 1 survivors (4096K)
 Metaspace       used 35870K, committed 36416K, reserved 1114112K
  class space    used 4759K, committed 4992K, reserved 1048576K
}
Event: 35.189 GC heap after
{Heap after GC invocations=14 (full 0):
 garbage-first heap   total 98304K, used 63022K [0x0000000641800000, 0x0000000800000000)
  region size 4096K, 1 young (4096K), 1 survivors (4096K)
 Metaspace       used 35870K, committed 36416K, reserved 1114112K
  class space    used 4759K, committed 4992K, reserved 1048576K
}
Event: 35.290 GC heap before
{Heap before GC invocations=14 (full 0):
 garbage-first heap   total 98304K, used 79406K [0x0000000641800000, 0x0000000800000000)
  region size 4096K, 5 young (20480K), 1 survivors (4096K)
 Metaspace       used 36024K, committed 36544K, reserved 1114112K
  class space    used 4778K, committed 4992K, reserved 1048576K
}
Event: 35.294 GC heap after
{Heap after GC invocations=15 (full 0):
 garbage-first heap   total 98304K, used 69164K [0x0000000641800000, 0x0000000800000000)
  region size 4096K, 1 young (4096K), 1 survivors (4096K)
 Metaspace       used 36024K, committed 36544K, reserved 1114112K
  class space    used 4778K, committed 4992K, reserved 1048576K
}
Event: 35.372 GC heap before
{Heap before GC invocations=16 (full 0):
 garbage-first heap   total 118784K, used 81452K [0x0000000641800000, 0x0000000800000000)
  region size 4096K, 4 young (16384K), 1 survivors (4096K)
 Metaspace       used 36060K, committed 36544K, reserved 1114112K
  class space    used 4778K, committed 4992K, reserved 1048576K
}
Event: 35.376 GC heap after
{Heap after GC invocations=17 (full 0):
 garbage-first heap   total 118784K, used 73296K [0x0000000641800000, 0x0000000800000000)
  region size 4096K, 1 young (4096K), 1 survivors (4096K)
 Metaspace       used 36060K, committed 36544K, reserved 1114112K
  class space    used 4778K, committed 4992K, reserved 1048576K
}
Event: 63.223 GC heap before
{Heap before GC invocations=17 (full 0):
 garbage-first heap   total 118784K, used 93776K [0x0000000641800000, 0x0000000800000000)
  region size 4096K, 7 young (28672K), 1 survivors (4096K)
 Metaspace       used 36641K, committed 37184K, reserved 1114112K
  class space    used 4873K, committed 5120K, reserved 1048576K
}
Event: 63.229 GC heap after
{Heap after GC invocations=18 (full 0):
 garbage-first heap   total 167936K, used 80965K [0x0000000641800000, 0x0000000800000000)
  region size 4096K, 1 young (4096K), 1 survivors (4096K)
 Metaspace       used 36641K, committed 37184K, reserved 1114112K
  class space    used 4873K, committed 5120K, reserved 1048576K
}

Dll operation events (20 events):
Event: 0.175 Loaded shared library C:\appl\openjdk-21.0.6+7\bin\api-ms-win-crt-process-l1-1-0.dll
Event: 0.175 Loaded shared library C:\appl\openjdk-21.0.6+7\bin\api-ms-win-crt-runtime-l1-1-0.dll
Event: 0.176 Loaded shared library C:\appl\openjdk-21.0.6+7\bin\api-ms-win-crt-stdio-l1-1-0.dll
Event: 0.177 Loaded shared library C:\appl\openjdk-21.0.6+7\bin\api-ms-win-crt-string-l1-1-0.dll
Event: 0.178 Loaded shared library C:\appl\openjdk-21.0.6+7\bin\api-ms-win-crt-time-l1-1-0.dll
Event: 0.179 Loaded shared library C:\appl\openjdk-21.0.6+7\bin\api-ms-win-crt-utility-l1-1-0.dll
Event: 0.180 Loaded shared library C:\appl\openjdk-21.0.6+7\bin\ucrtbase.dll
Event: 0.180 Loaded shared library C:\appl\openjdk-21.0.6+7\bin\vcruntime140.dll
Event: 0.181 Loaded shared library C:\appl\openjdk-21.0.6+7\bin\vcruntime140_1.dll
Event: 0.181 Loaded shared library C:\appl\openjdk-21.0.6+7\bin\msvcp140.dll
Event: 0.182 Loaded shared library C:\Windows\System32\msvcp140_1.dll
Event: 0.183 Loaded shared library C:\Windows\System32\msvcp140_2.dll
Event: 0.203 Loaded shared library C:\appl\openjdk-21.0.6+7\bin\prism_sw.dll
Event: 0.214 Loaded shared library C:\appl\openjdk-21.0.6+7\bin\glass.dll
Event: 0.423 Loaded shared library C:\appl\openjdk-21.0.6+7\bin\javafx_font.dll
Event: 0.626 Loaded shared library C:\Users\Hans\AppData\Local\Temp\sqlite-3.46.0.0-f047ed8a-f05c-4d92-b5b6-2110c1f0f3bc-sqlitejdbc.dll
Event: 0.699 Loaded shared library C:\appl\openjdk-21.0.6+7\bin\prefs.dll
Event: 1.319 Loaded shared library C:\appl\openjdk-21.0.6+7\bin\sunmscapi.dll
Event: 1.429 Loaded shared library C:\appl\openjdk-21.0.6+7\bin\extnet.dll
Event: 2.497 Loaded shared library C:\appl\openjdk-21.0.6+7\bin\decora_sse.dll

Deoptimization events (20 events):
Event: 61.189 Thread 0x00000262958bbed0 Uncommon trap: trap_request=0xffffffc6 fr.pc=0x000002623cbd6cc8 relative=0x00000000000003a8
Event: 61.189 Thread 0x00000262958bbed0 Uncommon trap: reason=bimorphic_or_optimized_type_check action=maybe_recompile pc=0x000002623cbd6cc8 method=com.sun.javafx.sg.prism.NGNode.getContentBounds(Lcom/sun/javafx/geom/BaseBounds;Lcom/sun/javafx/geom/transform/BaseTransform;)Lcom/sun/javafx/geom/
Event: 61.189 Thread 0x00000262958bbed0 DEOPT PACKING pc=0x000002623cbd6cc8 sp=0x000000b07acfe440
Event: 61.189 Thread 0x00000262958bbed0 DEOPT UNPACKING pc=0x000002623c2f46a2 sp=0x000000b07acfe3d8 mode 2
Event: 63.093 Thread 0x0000026295ab5b20 Uncommon trap: trap_request=0xfffffff4 fr.pc=0x000002623cb930b4 relative=0x0000000000001374
Event: 63.093 Thread 0x0000026295ab5b20 Uncommon trap: reason=null_check action=make_not_entrant pc=0x000002623cb930b4 method=javafx.scene.Node$MiscProperties.getEffect()Ljavafx/scene/effect/Effect; @ 20 c2
Event: 63.093 Thread 0x0000026295ab5b20 DEOPT PACKING pc=0x000002623cb930b4 sp=0x000000b07aef9850
Event: 63.093 Thread 0x0000026295ab5b20 DEOPT UNPACKING pc=0x000002623c2f46a2 sp=0x000000b07aef95c8 mode 2
Event: 63.094 Thread 0x00000262958bbed0 DEOPT PACKING pc=0x00000262351af5cc sp=0x000000b07acfd400
Event: 63.094 Thread 0x00000262958bbed0 DEOPT UNPACKING pc=0x000002623c2f4e42 sp=0x000000b07acfc8e0 mode 0
Event: 63.199 Thread 0x0000026295ab5b20 Uncommon trap: trap_request=0xffffff6e fr.pc=0x000002623c8c7408 relative=0x0000000000000488
Event: 63.199 Thread 0x0000026295ab5b20 Uncommon trap: reason=loop_limit_check action=maybe_recompile pc=0x000002623c8c7408 method=com.sun.javafx.css.StyleManager$RefList.remove(Ljava/lang/Object;)V @ 14 c2
Event: 63.199 Thread 0x0000026295ab5b20 DEOPT PACKING pc=0x000002623c8c7408 sp=0x000000b07aef8940
Event: 63.199 Thread 0x0000026295ab5b20 DEOPT UNPACKING pc=0x000002623c2f46a2 sp=0x000000b07aef88f0 mode 2
Event: 63.846 Thread 0x00000262958bbed0 DEOPT PACKING pc=0x00000262351af5cc sp=0x000000b07acfde30
Event: 63.846 Thread 0x00000262958bbed0 DEOPT UNPACKING pc=0x000002623c2f4e42 sp=0x000000b07acfd310 mode 0
Event: 64.270 Thread 0x0000026295ab5b20 Uncommon trap: trap_request=0xffffff45 fr.pc=0x000002623cb1e5f0 relative=0x0000000000000fb0
Event: 64.270 Thread 0x0000026295ab5b20 Uncommon trap: reason=unstable_if action=reinterpret pc=0x000002623cb1e5f0 method=com.sun.glass.ui.Timer.resume()V @ 6 c2
Event: 64.270 Thread 0x0000026295ab5b20 DEOPT PACKING pc=0x000002623cb1e5f0 sp=0x000000b07aefb2c0
Event: 64.270 Thread 0x0000026295ab5b20 DEOPT UNPACKING pc=0x000002623c2f46a2 sp=0x000000b07aefaf50 mode 2

Classes loaded (20 events):
Event: 35.004 Loading class jdk/internal/icu/text/ReplaceableString
Event: 35.004 Loading class jdk/internal/icu/text/Replaceable
Event: 35.004 Loading class jdk/internal/icu/text/Replaceable done
Event: 35.004 Loading class jdk/internal/icu/text/ReplaceableString done
Event: 35.144 Loading class java/util/MissingResourceException
Event: 35.144 Loading class java/util/MissingResourceException done
Event: 35.144 Loading class java/util/ResourceBundle$ResourceBundleControlProviderHolder
Event: 35.144 Loading class java/util/ResourceBundle$ResourceBundleControlProviderHolder done
Event: 35.145 Loading class java/util/spi/ResourceBundleControlProvider
Event: 35.145 Loading class java/util/spi/ResourceBundleControlProvider done
Event: 35.145 Loading class java/util/ServiceLoader$ProviderSpliterator
Event: 35.145 Loading class java/util/ServiceLoader$ProviderSpliterator done
Event: 35.146 Loading class java/util/ResourceBundle$Control$2
Event: 35.146 Loading class java/util/ResourceBundle$Control$2 done
Event: 37.763 Loading class java/nio/DirectFloatBufferU
Event: 37.763 Loading class java/nio/DirectFloatBufferU done
Event: 64.274 Loading class java/lang/Throwable$WrappedPrintStream
Event: 64.275 Loading class java/lang/Throwable$PrintStreamOrWriter
Event: 64.275 Loading class java/lang/Throwable$PrintStreamOrWriter done
Event: 64.275 Loading class java/lang/Throwable$WrappedPrintStream done

Classes unloaded (0 events):
No events

Classes redefined (0 events):
No events

Internal exceptions (20 events):
Event: 6.436 Thread 0x0000026295ab5b20 Implicit null exception at 0x000002623cb31067 to 0x000002623cb318e4
Event: 15.982 Thread 0x0000026295ab5b20 Exception <a 'java/lang/NoSuchMethodError'{0x0000000645c61160}: 'java.lang.Object java.lang.invoke.DirectMethodHandle$Holder.newInvokeSpecial(java.lang.Object, java.lang.Object, int, int, int, int, int, java.lang.Object)'> (0x0000000645c61160) 
thrown [s\src\hotspot\share\interpreter\linkResolver.cpp, line 773]
Event: 15.983 Thread 0x0000026295ab5b20 Exception <a 'java/lang/NoSuchMethodError'{0x0000000645cbac20}: 'java.lang.Object java.lang.invoke.DirectMethodHandle$Holder.newInvokeSpecial(java.lang.Object, java.lang.Object, java.lang.Object, int, int, int, int, int)'> (0x0000000645cbac20) 
thrown [s\src\hotspot\share\interpreter\linkResolver.cpp, line 773]
Event: 15.983 Thread 0x0000026295ab5b20 Exception <a 'java/lang/NoSuchMethodError'{0x0000000645cc1fb0}: 'java.lang.Object java.lang.invoke.Invokers$Holder.linkToTargetMethod(java.lang.Object, java.lang.Object, int, int, int, int, int, java.lang.Object)'> (0x0000000645cc1fb0) 
thrown [s\src\hotspot\share\interpreter\linkResolver.cpp, line 773]
Event: 33.927 Thread 0x0000026295ab5b20 Implicit null exception at 0x000002623cb96035 to 0x000002623cb9ef68
Event: 33.929 Thread 0x0000026295ab5b20 Implicit null exception at 0x000002623cc057a8 to 0x000002623cc05a00
Event: 34.676 Thread 0x0000026295ab5b20 Exception <a 'java/io/FileNotFoundException'{0x000000065c281f10}> (0x000000065c281f10) 
thrown [s\src\hotspot\share\prims\jni.cpp, line 520]
Event: 34.715 Thread 0x0000026295ab5b20 Implicit null exception at 0x000002623ca57877 to 0x000002623ca57ae0
Event: 34.792 Thread 0x0000026295ab5b20 Exception <a 'java/io/FileNotFoundException'{0x000000065c392110}> (0x000000065c392110) 
thrown [s\src\hotspot\share\prims\jni.cpp, line 520]
Event: 34.913 Thread 0x0000026295ab5b20 Exception <a 'java/lang/NoSuchMethodError'{0x000000065c498b88}: 'java.lang.Object java.lang.invoke.Invokers$Holder.linkToTargetMethod(java.lang.Object, java.lang.Object, java.lang.Object, java.lang.Object, java.lang.Object, java.lang.Object, java.lang.Object, java.lang.Object, java.lang.Object, java.lang.Object, java.lang.Object, java.lang.Object)'> (0x000000065c498b88) 
thrown [s\src\hotspot\share\interpreter\linkResolver.cpp, line 773]
Event: 35.072 Thread 0x0000026295ab5b20 Implicit null exception at 0x000002623cc1343c to 0x000002623cc13cd4
Event: 35.072 Thread 0x0000026295ab5b20 Implicit null exception at 0x000002623cb8531c to 0x000002623cb858fc
Event: 35.114 Thread 0x0000026295ab5b20 Exception <a 'java/io/FileNotFoundException'{0x000000065c2856b0}> (0x000000065c2856b0) 
thrown [s\src\hotspot\share\prims\jni.cpp, line 520]
Event: 35.145 Thread 0x0000026295ab5b20 Exception <a 'java/lang/NoSuchMethodError'{0x000000065bd91ae0}: 'java.lang.Object java.lang.invoke.DirectMethodHandle$Holder.invokeInterface(java.lang.Object, java.lang.Object)'> (0x000000065bd91ae0) 
thrown [s\src\hotspot\share\interpreter\linkResolver.cpp, line 773]
Event: 37.732 Thread 0x0000026295ab5b20 Implicit null exception at 0x000002623ca07b08 to 0x000002623ca08518
Event: 37.737 Thread 0x0000026295ab5b20 Implicit null exception at 0x000002623cbdc16d to 0x000002623cbdce8c
Event: 37.739 Thread 0x0000026295ab5b20 Implicit null exception at 0x000002623ca37a2b to 0x000002623ca3a56c
Event: 60.497 Thread 0x0000026295ab5b20 Exception <a 'java/io/FileNotFoundException'{0x00000006477fc748}> (0x00000006477fc748) 
thrown [s\src\hotspot\share\prims\jni.cpp, line 520]
Event: 63.093 Thread 0x0000026295ab5b20 Implicit null exception at 0x000002623cb91e7d to 0x000002623cb9307c
Event: 63.205 Thread 0x0000026295ab5b20 Exception <a 'java/io/FileNotFoundException'{0x000000064726e740}> (0x000000064726e740) 
thrown [s\src\hotspot\share\prims\jni.cpp, line 520]

ZGC Phase Switch (0 events):
No events

VM Operations (20 events):
Event: 46.834 Executing VM operation: Cleanup
Event: 46.834 Executing VM operation: Cleanup done
Event: 47.834 Executing VM operation: Cleanup
Event: 47.834 Executing VM operation: Cleanup done
Event: 49.835 Executing VM operation: Cleanup
Event: 49.835 Executing VM operation: Cleanup done
Event: 58.840 Executing VM operation: Cleanup
Event: 58.840 Executing VM operation: Cleanup done
Event: 60.165 Executing VM operation: HandshakeAllThreads (HandshakeForDeflation)
Event: 60.165 Executing VM operation: HandshakeAllThreads (HandshakeForDeflation) done
Event: 60.165 Executing VM operation: RendezvousGCThreads
Event: 60.165 Executing VM operation: RendezvousGCThreads done
Event: 61.165 Executing VM operation: Cleanup
Event: 61.165 Executing VM operation: Cleanup done
Event: 62.167 Executing VM operation: Cleanup
Event: 62.167 Executing VM operation: Cleanup done
Event: 63.167 Executing VM operation: Cleanup
Event: 63.167 Executing VM operation: Cleanup done
Event: 63.223 Executing VM operation: G1CollectForAllocation (G1 Evacuation Pause)
Event: 63.229 Executing VM operation: G1CollectForAllocation (G1 Evacuation Pause) done

Memory protections (0 events):
No events

Nmethod flushes (20 events):
Event: 35.322 Thread 0x000002624f57e940 flushing  nmethod 0x0000026235651990
Event: 35.322 Thread 0x000002624f57e940 flushing  nmethod 0x000002623565f190
Event: 35.322 Thread 0x000002624f57e940 flushing  nmethod 0x000002623565f710
Event: 35.322 Thread 0x000002624f57e940 flushing  nmethod 0x0000026235661510
Event: 35.322 Thread 0x000002624f57e940 flushing  nmethod 0x0000026235665010
Event: 35.322 Thread 0x000002624f57e940 flushing  nmethod 0x0000026235704e10
Event: 35.322 Thread 0x000002624f57e940 flushing  nmethod 0x00000262357b8b90
Event: 35.322 Thread 0x000002624f57e940 flushing  nmethod 0x00000262357b9010
Event: 35.322 Thread 0x000002624f57e940 flushing  nmethod 0x00000262357bca90
Event: 35.322 Thread 0x000002624f57e940 flushing  nmethod 0x00000262357bd090
Event: 35.322 Thread 0x000002624f57e940 flushing  nmethod 0x00000262357d1f10
Event: 35.322 Thread 0x000002624f57e940 flushing  nmethod 0x00000262357d2410
Event: 35.322 Thread 0x000002624f57e940 flushing  nmethod 0x00000262357d2c10
Event: 35.322 Thread 0x000002624f57e940 flushing  nmethod 0x00000262357e4110
Event: 35.322 Thread 0x000002624f57e940 flushing  nmethod 0x00000262357e4e10
Event: 35.322 Thread 0x000002624f57e940 flushing  nmethod 0x00000262357e6090
Event: 35.322 Thread 0x000002624f57e940 flushing  nmethod 0x00000262357e6510
Event: 35.322 Thread 0x000002624f57e940 flushing  nmethod 0x00000262357e7f90
Event: 35.322 Thread 0x000002624f57e940 flushing  nmethod 0x00000262357ea010
Event: 35.322 Thread 0x000002624f57e940 flushing  nmethod 0x00000262357ebb90

Events (20 events):
Event: 34.669 Thread 0x000002624fb0c520 Thread added: 0x000002624fb0b780
Event: 34.780 Thread 0x000002624fb0c520 Thread added: 0x000002624fb0be50
Event: 35.773 Thread 0x000002624fb0be50 Thread exited: 0x000002624fb0be50
Event: 35.773 Thread 0x000002624fb0b780 Thread exited: 0x000002624fb0b780
Event: 37.743 Thread 0x000002624f5a7a30 Thread added: 0x000002624fb0a9e0
Event: 37.743 Thread 0x000002624f5a7a30 Thread added: 0x000002624fb0be50
Event: 38.196 Thread 0x000002624fb0be50 Thread exited: 0x000002624fb0be50
Event: 38.196 Thread 0x000002624fb0a9e0 Thread exited: 0x000002624fb0a9e0
Event: 38.774 Thread 0x000002624fb0c520 Thread added: 0x000002624fb0b780
Event: 39.298 Thread 0x000002624fb0b780 Thread exited: 0x000002624fb0b780
Event: 39.835 Thread 0x000002624f5a7a30 Thread added: 0x000002624fb0be50
Event: 39.835 Thread 0x000002624f5a7a30 Thread added: 0x000002624fb0b780
Event: 40.565 Thread 0x000002624fb0b780 Thread exited: 0x000002624fb0b780
Event: 42.364 Thread 0x000002624fb0be50 Thread exited: 0x000002624fb0be50
Event: 60.504 Thread 0x000002624fb0c520 Thread added: 0x000002624fb0b780
Event: 61.189 Thread 0x000002624fb0b780 Thread exited: 0x000002624fb0b780
Event: 61.483 Thread 0x000002629660c710 Thread exited: 0x000002629660c710
Event: 61.662 Thread 0x0000026296490300 Thread exited: 0x0000026296490300
Event: 63.207 Thread 0x000002624f5a7a30 Thread added: 0x000002624fb0d2c0
Event: 63.445 Thread 0x000002624fb0d2c0 Thread exited: 0x000002624fb0d2c0


Dynamic libraries:
0x00007ff6039e0000 - 0x00007ff6039ee000 	C:\appl\openjdk-21.0.6+7\bin\javaw.exe
0x00007ffbd6740000 - 0x00007ffbd69a7000 	C:\WINDOWS\SYSTEM32\ntdll.dll
0x00007ffbd45f0000 - 0x00007ffbd46b9000 	C:\WINDOWS\System32\KERNEL32.DLL
0x00007ffbd3cd0000 - 0x00007ffbd40c4000 	C:\WINDOWS\System32\KERNELBASE.dll
0x00007ffbd40d0000 - 0x00007ffbd421b000 	C:\WINDOWS\System32\ucrtbase.dll
0x00007ffbc0e50000 - 0x00007ffbc0e68000 	C:\appl\openjdk-21.0.6+7\bin\jli.dll
0x00007ffbc0e70000 - 0x00007ffbc0e8b000 	C:\appl\openjdk-21.0.6+7\bin\VCRUNTIME140.dll
0x00007ffbd5a00000 - 0x00007ffbd5bc5000 	C:\WINDOWS\System32\USER32.dll
0x00007ffbd3010000 - 0x00007ffbd3037000 	C:\WINDOWS\System32\win32u.dll
0x00007ffbc22b0000 - 0x00007ffbc2543000 	C:\WINDOWS\WinSxS\amd64_microsoft.windows.common-controls_6595b64144ccf1df_6.0.26100.8115_none_3e075c82e3354f9c\COMCTL32.dll
0x00007ffbd5830000 - 0x00007ffbd585b000 	C:\WINDOWS\System32\GDI32.dll
0x00007ffbd4740000 - 0x00007ffbd47e9000 	C:\WINDOWS\System32\msvcrt.dll
0x00007ffbd4220000 - 0x00007ffbd434b000 	C:\WINDOWS\System32\gdi32full.dll
0x00007ffbd38b0000 - 0x00007ffbd3953000 	C:\WINDOWS\System32\msvcp_win.dll
0x00007ffbd49b0000 - 0x00007ffbd49e2000 	C:\WINDOWS\System32\IMM32.DLL
0x00007ffbcec20000 - 0x00007ffbcec2c000 	C:\appl\openjdk-21.0.6+7\bin\vcruntime140_1.dll
0x00007ffb91f50000 - 0x00007ffb91fdd000 	C:\appl\openjdk-21.0.6+7\bin\msvcp140.dll
0x00007ffb28d20000 - 0x00007ffb29abf000 	C:\appl\openjdk-21.0.6+7\bin\server\jvm.dll
0x00007ffbd5550000 - 0x00007ffbd5606000 	C:\WINDOWS\System32\ADVAPI32.dll
0x00007ffbd5780000 - 0x00007ffbd5827000 	C:\WINDOWS\System32\sechost.dll
0x00007ffbd53c0000 - 0x00007ffbd54d8000 	C:\WINDOWS\System32\RPCRT4.dll
0x00007ffbd56f0000 - 0x00007ffbd5770000 	C:\WINDOWS\System32\WS2_32.dll
0x00007ffbd2e70000 - 0x00007ffbd2ece000 	C:\WINDOWS\SYSTEM32\POWRPROF.dll
0x00007ffbcae00000 - 0x00007ffbcae36000 	C:\WINDOWS\SYSTEM32\WINMM.dll
0x00007ffbce620000 - 0x00007ffbce62b000 	C:\WINDOWS\SYSTEM32\VERSION.dll
0x00007ffbd2e50000 - 0x00007ffbd2e64000 	C:\WINDOWS\SYSTEM32\UMPDC.dll
0x00007ffbd1d60000 - 0x00007ffbd1d7b000 	C:\WINDOWS\SYSTEM32\kernel.appcore.dll
0x00007ffbcebe0000 - 0x00007ffbcebea000 	C:\appl\openjdk-21.0.6+7\bin\jimage.dll
0x00007ffbcb3b0000 - 0x00007ffbcb5f2000 	C:\WINDOWS\SYSTEM32\DBGHELP.DLL
0x00007ffbd49f0000 - 0x00007ffbd4d72000 	C:\WINDOWS\System32\combase.dll
0x00007ffbd5610000 - 0x00007ffbd56e8000 	C:\WINDOWS\System32\OLEAUT32.dll
0x00007ffbbc320000 - 0x00007ffbbc35b000 	C:\WINDOWS\SYSTEM32\dbgcore.DLL
0x00007ffbd3960000 - 0x00007ffbd3a05000 	C:\WINDOWS\System32\bcryptPrimitives.dll
0x00007ffbb8fb0000 - 0x00007ffbb8fcf000 	C:\appl\openjdk-21.0.6+7\bin\java.dll
0x00007ffbd5c60000 - 0x00007ffbd63c7000 	C:\WINDOWS\System32\SHELL32.dll
0x00007ffbd3a10000 - 0x00007ffbd3b7a000 	C:\WINDOWS\System32\wintypes.dll
0x00007ffbd3040000 - 0x00007ffbd38a8000 	C:\WINDOWS\System32\windows.storage.dll
0x00007ffbd4e00000 - 0x00007ffbd4ef8000 	C:\WINDOWS\System32\SHCORE.dll
0x00007ffbd54e0000 - 0x00007ffbd5546000 	C:\WINDOWS\System32\shlwapi.dll
0x00007ffbd2f30000 - 0x00007ffbd2f59000 	C:\WINDOWS\SYSTEM32\profapi.dll
0x00007ffb91e70000 - 0x00007ffb91f46000 	C:\appl\openjdk-21.0.6+7\bin\jsvml.dll
0x00007ffbce350000 - 0x00007ffbce360000 	C:\appl\openjdk-21.0.6+7\bin\net.dll
0x00007ffbcd6c0000 - 0x00007ffbcd7ed000 	C:\WINDOWS\SYSTEM32\WINHTTP.dll
0x00007ffbd22b0000 - 0x00007ffbd231c000 	C:\WINDOWS\system32\mswsock.dll
0x00007ffbb8f90000 - 0x00007ffbb8fa6000 	C:\appl\openjdk-21.0.6+7\bin\nio.dll
0x00007ffbb8f70000 - 0x00007ffbb8f88000 	C:\appl\openjdk-21.0.6+7\bin\zip.dll
0x000002622b250000 - 0x000002622b253000 	C:\appl\openjdk-21.0.6+7\bin\api-ms-win-core-console-l1-1-0.dll
0x000002622b260000 - 0x000002622b264000 	C:\Users\Hans\.p2\pool\plugins\org.eclipse.justj.openjdk.hotspot.jre.full.win32.x86_64_23.0.2.v20250131-0604\jre\bin\api-ms-win-core-console-l1-2-0.dll
0x000002624ff00000 - 0x000002624ff03000 	C:\appl\openjdk-21.0.6+7\bin\api-ms-win-core-datetime-l1-1-0.dll
0x000002624ff10000 - 0x000002624ff13000 	C:\appl\openjdk-21.0.6+7\bin\api-ms-win-core-debug-l1-1-0.dll
0x000002624ff20000 - 0x000002624ff23000 	C:\appl\openjdk-21.0.6+7\bin\api-ms-win-core-errorhandling-l1-1-0.dll
0x000002624ff30000 - 0x000002624ff34000 	C:\appl\openjdk-21.0.6+7\bin\api-ms-win-core-file-l1-1-0.dll
0x000002624ff40000 - 0x000002624ff43000 	C:\appl\openjdk-21.0.6+7\bin\api-ms-win-core-file-l1-2-0.dll
0x000002624ff50000 - 0x000002624ff53000 	C:\appl\openjdk-21.0.6+7\bin\api-ms-win-core-file-l2-1-0.dll
0x000002624ff60000 - 0x000002624ff63000 	C:\appl\openjdk-21.0.6+7\bin\api-ms-win-core-handle-l1-1-0.dll
0x000002624ff70000 - 0x000002624ff73000 	C:\appl\openjdk-21.0.6+7\bin\api-ms-win-core-heap-l1-1-0.dll
0x000002624ff80000 - 0x000002624ff83000 	C:\appl\openjdk-21.0.6+7\bin\api-ms-win-core-interlocked-l1-1-0.dll
0x000002624ff90000 - 0x000002624ff93000 	C:\appl\openjdk-21.0.6+7\bin\api-ms-win-core-libraryloader-l1-1-0.dll
0x000002624ffa0000 - 0x000002624ffa3000 	C:\appl\openjdk-21.0.6+7\bin\api-ms-win-core-localization-l1-2-0.dll
0x000002624ffb0000 - 0x000002624ffb3000 	C:\appl\openjdk-21.0.6+7\bin\api-ms-win-core-memory-l1-1-0.dll
0x000002624ffc0000 - 0x000002624ffc3000 	C:\appl\openjdk-21.0.6+7\bin\api-ms-win-core-namedpipe-l1-1-0.dll
0x000002624ffd0000 - 0x000002624ffd3000 	C:\appl\openjdk-21.0.6+7\bin\api-ms-win-core-processenvironment-l1-1-0.dll
0x000002624ffe0000 - 0x000002624ffe3000 	C:\appl\openjdk-21.0.6+7\bin\api-ms-win-core-processthreads-l1-1-0.dll
0x000002624fff0000 - 0x000002624fff3000 	C:\appl\openjdk-21.0.6+7\bin\api-ms-win-core-processthreads-l1-1-1.dll
0x00000262967d0000 - 0x00000262967d3000 	C:\appl\openjdk-21.0.6+7\bin\api-ms-win-core-profile-l1-1-0.dll
0x0000026296910000 - 0x0000026296913000 	C:\appl\openjdk-21.0.6+7\bin\api-ms-win-core-rtlsupport-l1-1-0.dll
0x00000262967e0000 - 0x00000262967e3000 	C:\appl\openjdk-21.0.6+7\bin\api-ms-win-core-string-l1-1-0.dll
0x00000262967f0000 - 0x00000262967f3000 	C:\appl\openjdk-21.0.6+7\bin\api-ms-win-core-synch-l1-1-0.dll
0x0000026296800000 - 0x0000026296803000 	C:\appl\openjdk-21.0.6+7\bin\api-ms-win-core-synch-l1-2-0.dll
0x0000026296810000 - 0x0000026296813000 	C:\appl\openjdk-21.0.6+7\bin\api-ms-win-core-sysinfo-l1-1-0.dll
0x0000026296820000 - 0x0000026296823000 	C:\appl\openjdk-21.0.6+7\bin\api-ms-win-core-timezone-l1-1-0.dll
0x0000026296830000 - 0x0000026296833000 	C:\appl\openjdk-21.0.6+7\bin\api-ms-win-core-util-l1-1-0.dll
0x0000026296840000 - 0x0000026296843000 	C:\appl\openjdk-21.0.6+7\bin\api-ms-win-crt-conio-l1-1-0.dll
0x0000026296850000 - 0x0000026296854000 	C:\appl\openjdk-21.0.6+7\bin\api-ms-win-crt-convert-l1-1-0.dll
0x0000026296860000 - 0x0000026296863000 	C:\appl\openjdk-21.0.6+7\bin\api-ms-win-crt-environment-l1-1-0.dll
0x0000026296870000 - 0x0000026296873000 	C:\appl\openjdk-21.0.6+7\bin\api-ms-win-crt-filesystem-l1-1-0.dll
0x0000026296880000 - 0x0000026296883000 	C:\appl\openjdk-21.0.6+7\bin\api-ms-win-crt-heap-l1-1-0.dll
0x0000026296890000 - 0x0000026296893000 	C:\appl\openjdk-21.0.6+7\bin\api-ms-win-crt-locale-l1-1-0.dll
0x00000262968a0000 - 0x00000262968a5000 	C:\appl\openjdk-21.0.6+7\bin\api-ms-win-crt-math-l1-1-0.dll
0x00000262968b0000 - 0x00000262968b5000 	C:\appl\openjdk-21.0.6+7\bin\api-ms-win-crt-multibyte-l1-1-0.dll
0x00000262968c0000 - 0x00000262968cf000 	C:\appl\openjdk-21.0.6+7\bin\api-ms-win-crt-private-l1-1-0.dll
0x00000262968d0000 - 0x00000262968d3000 	C:\appl\openjdk-21.0.6+7\bin\api-ms-win-crt-process-l1-1-0.dll
0x00000262968e0000 - 0x00000262968e4000 	C:\appl\openjdk-21.0.6+7\bin\api-ms-win-crt-runtime-l1-1-0.dll
0x00000262968f0000 - 0x00000262968f4000 	C:\appl\openjdk-21.0.6+7\bin\api-ms-win-crt-stdio-l1-1-0.dll
0x0000026296900000 - 0x0000026296904000 	C:\appl\openjdk-21.0.6+7\bin\api-ms-win-crt-string-l1-1-0.dll
0x0000026296920000 - 0x0000026296923000 	C:\appl\openjdk-21.0.6+7\bin\api-ms-win-crt-time-l1-1-0.dll
0x0000026296930000 - 0x0000026296933000 	C:\appl\openjdk-21.0.6+7\bin\api-ms-win-crt-utility-l1-1-0.dll
0x00007ffb8f640000 - 0x00007ffb8f732000 	C:\appl\openjdk-21.0.6+7\bin\ucrtbase.dll
0x00007ffbbc310000 - 0x00007ffbbc319000 	C:\Windows\System32\msvcp140_1.dll
0x00007ffba4e90000 - 0x00007ffba4ed4000 	C:\Windows\System32\msvcp140_2.dll
0x00007ffbb21e0000 - 0x00007ffbb21f2000 	C:\appl\openjdk-21.0.6+7\bin\prism_sw.dll
0x00007ffb95950000 - 0x00007ffb95994000 	C:\appl\openjdk-21.0.6+7\bin\glass.dll
0x00007ffbd63d0000 - 0x00007ffbd64bf000 	C:\WINDOWS\System32\COMDLG32.dll
0x00007ffbd5860000 - 0x00007ffbd59f7000 	C:\WINDOWS\System32\ole32.dll
0x00007ffbd0ab0000 - 0x00007ffbd0b59000 	C:\WINDOWS\system32\uxtheme.dll
0x00007ffbd4840000 - 0x00007ffbd499c000 	C:\WINDOWS\System32\MSCTF.dll
0x00007ffbd44d0000 - 0x00007ffbd457e000 	C:\WINDOWS\System32\clbcatq.dll
0x00007ffbc5370000 - 0x00007ffbc54c9000 	C:\Windows\System32\Windows.UI.dll
0x00007ffbb0180000 - 0x00007ffbb02cf000 	C:\Windows\System32\Windows.UI.Immersive.dll
0x00007ffbae950000 - 0x00007ffbae964000 	C:\appl\openjdk-21.0.6+7\bin\javafx_font.dll
0x00007ffbcf400000 - 0x00007ffbcf667000 	C:\WINDOWS\SYSTEM32\dwrite.dll
0x00007ffbd26b0000 - 0x00007ffbd26cb000 	C:\WINDOWS\SYSTEM32\CRYPTSP.dll
0x00007ffbd1cc0000 - 0x00007ffbd1cf9000 	C:\WINDOWS\system32\rsaenh.dll
0x00007ffbd2360000 - 0x00007ffbd2393000 	C:\WINDOWS\SYSTEM32\USERENV.dll
0x00007ffbd2f00000 - 0x00007ffbd2f2a000 	C:\WINDOWS\SYSTEM32\bcrypt.dll
0x00007ffbd2510000 - 0x00007ffbd251c000 	C:\WINDOWS\SYSTEM32\CRYPTBASE.dll
0x00007ffbd1740000 - 0x00007ffbd1772000 	C:\WINDOWS\SYSTEM32\IPHLPAPI.DLL
0x00007ffbd49a0000 - 0x00007ffbd49aa000 	C:\WINDOWS\System32\NSI.dll
0x00007ffb62560000 - 0x00007ffb62656000 	C:\Users\Hans\AppData\Local\Temp\sqlite-3.46.0.0-f047ed8a-f05c-4d92-b5b6-2110c1f0f3bc-sqlitejdbc.dll
0x00007ffbb3170000 - 0x00007ffbb3179000 	C:\appl\openjdk-21.0.6+7\bin\prefs.dll
0x00007ffbaae00000 - 0x00007ffbaae0e000 	C:\appl\openjdk-21.0.6+7\bin\sunmscapi.dll
0x00007ffbd4350000 - 0x00007ffbd44c7000 	C:\WINDOWS\System32\CRYPT32.dll
0x00007ffbd2810000 - 0x00007ffbd2840000 	C:\WINDOWS\SYSTEM32\ncrypt.dll
0x00007ffbd27c0000 - 0x00007ffbd27ff000 	C:\WINDOWS\SYSTEM32\NTASN1.dll
0x00007ffbaa960000 - 0x00007ffbaa968000 	C:\WINDOWS\system32\wshunix.dll
0x00007ffb9cf60000 - 0x00007ffb9cf69000 	C:\appl\openjdk-21.0.6+7\bin\extnet.dll
0x00007ffbd17d0000 - 0x00007ffbd1902000 	C:\WINDOWS\SYSTEM32\DNSAPI.dll
0x00007ffbc8cb0000 - 0x00007ffbc8cbb000 	C:\Windows\System32\rasadhlp.dll
0x00007ffbcc530000 - 0x00007ffbcc5b6000 	C:\WINDOWS\System32\fwpuclnt.dll
0x00007ffbced10000 - 0x00007ffbcef3e000 	C:\WINDOWS\SYSTEM32\WindowsCodecs.dll
0x00007ffbaea20000 - 0x00007ffbaea7a000 	C:\WINDOWS\system32\dataexchange.dll
0x00007ffbc8240000 - 0x00007ffbc848d000 	C:\WINDOWS\system32\twinapi.appcore.dll
0x00007ffb91e40000 - 0x00007ffb91e6c000 	C:\Program Files\Common Files\Microsoft Shared\Ink\rtscom.dll
0x00007ffbae800000 - 0x00007ffbae948000 	C:\WINDOWS\SYSTEM32\textinputframework.dll
0x00007ffbd0590000 - 0x00007ffbd06b7000 	C:\WINDOWS\SYSTEM32\CoreMessaging.dll
0x00007ffbcc5c0000 - 0x00007ffbcc8a2000 	C:\WINDOWS\SYSTEM32\CoreUIComponents.dll
0x00007ffb9cf40000 - 0x00007ffb9cf58000 	C:\appl\openjdk-21.0.6+7\bin\decora_sse.dll
0x00007ffbcf670000 - 0x00007ffbcfcaa000 	C:\WINDOWS\SYSTEM32\d2d1.dll

dbghelp: loaded successfully - version: 4.0.5 - missing functions: none
symbol engine: initialized successfully - sym options: 0x614 - pdb path: .;C:\appl\openjdk-21.0.6+7\bin;C:\WINDOWS\SYSTEM32;C:\WINDOWS\WinSxS\amd64_microsoft.windows.common-controls_6595b64144ccf1df_6.0.26100.8115_none_3e075c82e3354f9c;C:\appl\openjdk-21.0.6+7\bin\server;C:\Users\Hans\.p2\pool\plugins\org.eclipse.justj.openjdk.hotspot.jre.full.win32.x86_64_23.0.2.v20250131-0604\jre\bin;C:\Users\Hans\AppData\Local\Temp;C:\Program Files\Common Files\Microsoft Shared\Ink;C:\WINDOWS\WinSxS\amd64_microsoft.windows.gdiplus_6595b64144ccf1df_1.1.26100.8246_none_6ef5395a3dc52f61;C:\Program Files\Microsoft OneDrive\26.055.0323.0004;C:\Program Files\FileZilla FTP Client;C:\Program Files (x86)\WinSCP

VM Arguments:
jvm_args: --module-path=lib/javafx --add-modules=javafx.controls,javafx.fxml,javafx.graphics,javafx.media -Dprism.order=sw -Dfile.encoding=UTF-8 -Dstdout.encoding=UTF-8 -Dstderr.encoding=UTF-8 --module-path=D:\Software.Etw\ProjekteJava\jPCND\lib\javafx\javafx.base.jar;D:\Software.Etw\ProjekteJava\jPCND\lib\javafx\javafx.controls.jar;D:\Software.Etw\ProjekteJava\jPCND\lib\javafx\javafx.fxml.jar;D:\Software.Etw\ProjekteJava\jPCND\lib\javafx\javafx.graphics.jar;D:\Software.Etw\ProjekteJava\jPCND\lib\javafx\javafx.media.jar;D:\Software.Etw\ProjekteJava\jPCND\lib\javafx\javafx.swing.jar;D:\Software.Etw\ProjekteJava\jPCND\lib\javafx\javafx.web.jar;D:\Software.Etw\ProjekteJava\jPCND\lib\javafx\javafx-swt.jar -XX:+ShowCodeDetailsInExceptionMessages 
java_command: application.Main
java_class_path (initial): D:\Software.Etw\ProjekteJava\jPCND\lib\commons-csv-1.14.1.jar;D:\Software.Etw\ProjekteJava\jPCND\lib\com.github.librepdf.openpdf_1.3.30.jar;D:\Software.Etw\ProjekteJava\jPCND\lib\com.google.gson_2.10.1.jar;D:\Software.Etw\ProjekteJava\jPCND\lib\slf4j-api-2.0.7.jar;D:\Software.Etw\ProjekteJava\jPCND\lib\slf4j-simple-2.0.7.jar;D:\Software.Etw\ProjekteJava\jPCND\lib\sqlite-jdbc-3.46.0.0.jar;D:\Software.Etw\ProjekteJava\jPCND\bin;D:\Software.Etw\ProjekteJava\jPCND\lib\controlsfx-11.2.1.jar;D:\Software.Etw\ProjekteJava\jPCND\lib\commons-io-2.21.0.jar;D:\Software.Etw\ProjekteJava\jPCND\lib\commons-codec-1.21.0.jar
Launcher Type: SUN_STANDARD

[Global flags]
     intx CICompilerCount                          = 4                                         {product} {ergonomic}
     uint ConcGCThreads                            = 3                                         {product} {ergonomic}
     uint G1ConcRefinementThreads                  = 10                                        {product} {ergonomic}
   size_t G1HeapRegionSize                         = 4194304                                   {product} {ergonomic}
    uintx GCDrainStackTargetSize                   = 64                                        {product} {ergonomic}
   size_t InitialHeapSize                          = 469762048                                 {product} {ergonomic}
   size_t MarkStackSize                            = 4194304                                   {product} {ergonomic}
   size_t MaxHeapSize                              = 7491026944                                {product} {ergonomic}
   size_t MaxNewSize                               = 4492099584                                {product} {ergonomic}
   size_t MinHeapDeltaBytes                        = 4194304                                   {product} {ergonomic}
   size_t MinHeapSize                              = 8388608                                   {product} {ergonomic}
    uintx NonNMethodCodeHeapSize                   = 5839372                                {pd product} {ergonomic}
    uintx NonProfiledCodeHeapSize                  = 122909434                              {pd product} {ergonomic}
    uintx ProfiledCodeHeapSize                     = 122909434                              {pd product} {ergonomic}
    uintx ReservedCodeCacheSize                    = 251658240                              {pd product} {ergonomic}
     bool SegmentedCodeCache                       = true                                      {product} {ergonomic}
     bool ShowCodeDetailsInExceptionMessages       = true                                   {manageable} {command line}
   size_t SoftMaxHeapSize                          = 7491026944                             {manageable} {ergonomic}
     bool UseCompressedOops                        = true                           {product lp64_product} {ergonomic}
     bool UseG1GC                                  = true                                      {product} {ergonomic}
     bool UseLargePagesIndividualAllocation        = false                                  {pd product} {ergonomic}

Logging:
Log output configuration:
 #0: stdout all=warning uptime,level,tags foldmultilines=false
 #1: stderr all=off uptime,level,tags foldmultilines=false

Environment Variables:
PATH=C:/Users/Hans/.p2/pool/plugins/org.eclipse.justj.openjdk.hotspot.jre.full.win32.x86_64_23.0.2.v20250131-0604/jre/bin/server;C:/Users/Hans/.p2/pool/plugins/org.eclipse.justj.openjdk.hotspot.jre.full.win32.x86_64_23.0.2.v20250131-0604/jre/bin;C:\Program Files\Common Files\Oracle\Java\javapath;C:\Program Files\Python313\Scripts\;C:\Program Files\Python313\;C:\WINDOWS\system32;C:\WINDOWS;C:\WINDOWS\System32\Wbem;C:\WINDOWS\System32\WindowsPowerShell\v1.0\;C:\WINDOWS\System32\OpenSSH\;C:\Program Files\PuTTY\;C:\Program Files\dotnet\;C:\Program Files\Git\cmd;C:\Users\Hans\AppData\Roaming\Python\Python313\Scripts;C:\Users\Hans\AppData\Local\Microsoft\WindowsApps;C:\Users\Hans\AppData\Local\Programs\Microsoft VS Code\bin;C:\Users\Hans\.dotnet\tools;C:\Users\Hans\AppData\Local\PowerToys\DSCModules\;C:\WINDOWS\system32;
USERNAME=Hans
OS=Windows_NT
PROCESSOR_IDENTIFIER=AMD64 Family 25 Model 80 Stepping 0, AuthenticAMD
TMP=C:\Users\Hans\AppData\Local\Temp
TEMP=C:\Users\Hans\AppData\Local\Temp




Periodic native trim disabled

---------------  S Y S T E M  ---------------

OS:
 Windows 11 , 64 bit Build 26100 (10.0.26100.8246)
OS uptime: 0 days 0:56 hours
Hyper-V role detected

CPU: total 12 (initial active 12) (12 cores per cpu, 2 threads per core) family 25 model 80 stepping 0 microcode 0xa50000f, cx8, cmov, fxsr, ht, mmx, 3dnowpref, sse, sse2, sse3, ssse3, sse4a, sse4.1, sse4.2, popcnt, lzcnt, tsc, tscinvbit, avx, avx2, aes, erms, clmul, bmi1, bmi2, adx, sha, fma, vzeroupper, clflush, clflushopt, hv, rdtscp, rdpid, fsrm, f16c, cet_ss
Processor Information for the first 12 processors :
  Max Mhz: 3600, Current Mhz: 3600, Mhz Limit: 3600

Memory: 4k page, system-wide physical 28565M (17857M free)
TotalPageFile size 40597M (AvailPageFile size 26356M)
current process WorkingSet (physical memory assigned to process): 323M, peak: 333M
current process commit charge ("private bytes"): 350M, peak: 603M

vm_info: OpenJDK 64-Bit Server VM (21.0.6+7-adhoc.Administrator.jdk21u) for windows-amd64 JRE (21.0.6+7-adhoc.Administrator.jdk21u), built on 2025-01-23T09:25:02Z by "Administrator" with MS VC++ 16.10 / 16.11 (VS2019)

END.
