#
# A fatal error has been detected by the Java Runtime Environment:
#
#  EXCEPTION_ACCESS_VIOLATION (0xc0000005) at pc=0x00007ffcefa37cf7, pid=4068, tid=10344
#
# JRE version: OpenJDK Runtime Environment OpenLogic-OpenJDK (21.0.6+7) (build 21.0.6+7-adhoc.Administrator.jdk21u)
# Java VM: OpenJDK 64-Bit Server VM OpenLogic-OpenJDK (21.0.6+7-adhoc.Administrator.jdk21u, mixed mode, sharing, tiered, compressed oops, compressed class ptrs, g1 gc, windows-amd64)
# Problematic frame:
# C  [glass.dll+0x27cf7]
#
# No core dump will be written. Minidumps are not enabled by default on client versions of Windows
#
# If you would like to submit a bug report, please visit:
#   https://techsupport.roguewave.com/
#

---------------  S U M M A R Y ------------

Command Line: --module-path=lib/javafx --add-modules=javafx.controls,javafx.fxml,javafx.graphics,javafx.media -Dprism.order=sw -Dfile.encoding=UTF-8 -Dstdout.encoding=UTF-8 -Dstderr.encoding=UTF-8 --module-path=D:\Software.Etw\ProjekteJava\jPCND\lib\javafx\javafx.base.jar;D:\Software.Etw\ProjekteJava\jPCND\lib\javafx\javafx.controls.jar;D:\Software.Etw\ProjekteJava\jPCND\lib\javafx\javafx.fxml.jar;D:\Software.Etw\ProjekteJava\jPCND\lib\javafx\javafx.graphics.jar;D:\Software.Etw\ProjekteJava\jPCND\lib\javafx\javafx.media.jar;D:\Software.Etw\ProjekteJava\jPCND\lib\javafx\javafx.swing.jar;D:\Software.Etw\ProjekteJava\jPCND\lib\javafx\javafx.web.jar;D:\Software.Etw\ProjekteJava\jPCND\lib\javafx\javafx-swt.jar -XX:+ShowCodeDetailsInExceptionMessages application.Main

Host: AMD Ryzen 5 5500GT with Radeon Graphics        , 12 cores, 27G,  Windows 11 , 64 bit Build 26100 (10.0.26100.8246)
Time: Fri Apr 24 21:42:53 2026 Mitteleurop鄜sche Sommerzeit elapsed time: 23.356247 seconds (0d 0h 0m 23s)

---------------  T H R E A D  ---------------

Current thread (0x000002a07f41ecf0):  VMThread "VM Thread"          [id=10344, stack(0x000000ff6be00000,0x000000ff6bf00000) (1024K)]

Stack: [0x000000ff6be00000,0x000000ff6bf00000],  sp=0x000000ff6befee50,  free space=1019k
Native frames: (J=compiled Java code, j=interpreted, Vv=VM code, C=native code)
C  [glass.dll+0x27cf7]


siginfo: EXCEPTION_ACCESS_VIOLATION (0xc0000005), reading address 0x0000000000000000


Registers:
RAX=0x0000000000000000, RBX=0x000002a07f42cbc2, RCX=0x000002a07f41ecf0, RDX=0x000000ff6befee50
RSP=0x000000ff6befee50, RBP=0x000053f2ef052d0d, RSI=0x000002a056d65b58, RDI=0x000002a056d65b30
R8 =0x0000000000010002, R9 =0x000053f2ef052d0d, R10=0x000002a069f70000, R11=0x000000ff6befed00
R12=0x000000007ffe0385, R13=0x0000000000000001, R14=0x000000ff6befef58, R15=0x000002a056d65b30
RIP=0x00007ffcefa37cf7, EFLAGS=0x0000000000010206

XMM[0]=0x0000000000000000 0x0000000000000000
XMM[1]=0x0000000000000000 0x000000ff6befdaa0
XMM[2]=0x0000000000000000 0x0000000000000000
XMM[3]=0x0000000000000000 0x0000000000000000
XMM[4]=0x0000000000000000 0x0000000000000000
XMM[5]=0x0000000000000000 0x0000000000000000
XMM[6]=0x0000000000000000 0x0000000000000000
XMM[7]=0x0000000000000000 0x404e000000000000
XMM[8]=0x0000000000000000 0x0000000000000000
XMM[9]=0x0000000000000000 0x0000000000000000
XMM[10]=0x0000000000000000 0x0000000000000000
XMM[11]=0x0000000000000000 0x0000000000000000
XMM[12]=0x0000000000000000 0x0000000000000000
XMM[13]=0x0000000000000000 0x0000000000000000
XMM[14]=0x0000000000000000 0x0000000000000000
XMM[15]=0x0000000000000000 0x0000000000000000
  MXCSR=0x00001fa2


Register to memory mapping:

RAX=0x0 is null
RBX=0x000002a07f42cbc2 is a global jni handle
RCX=0x000002a07f41ecf0 points into unknown readable memory: 0x00007ffcb5b94ce0 | e0 4c b9 b5 fc 7f 00 00
RDX=0x000000ff6befee50 points into unknown readable memory: 0x0000000000000000 | 00 00 00 00 00 00 00 00
RSP=0x000000ff6befee50 points into unknown readable memory: 0x0000000000000000 | 00 00 00 00 00 00 00 00
RBP=0x000053f2ef052d0d is an unknown value
RSI=0x000002a056d65b58 points into unknown readable memory: 0x000053f2ef052d0d | 0d 2d 05 ef f2 53 00 00
RDI=0x000002a056d65b30 points into unknown readable memory: 0x0fffce0685122d0d | 0d 2d 12 85 06 ce ff 0f
R8 =0x0000000000010002 is an unknown value
R9 =0x000053f2ef052d0d is an unknown value
R10=0x000002a069f70000 points into unknown readable memory: 0x0000000000000000 | 00 00 00 00 00 00 00 00
R11=0x000000ff6befed00 points into unknown readable memory: 0x0000000000000000 | 00 00 00 00 00 00 00 00
R12=0x000000007ffe0385 points into unknown readable memory: 00 00 00
R13=0x0000000000000001 is an unknown value
R14=0x000000ff6befef58 points into unknown readable memory: 0x000000ff6befef40 | 40 ef ef 6b ff 00 00 00
R15=0x000002a056d65b30 points into unknown readable memory: 0x0fffce0685122d0d | 0d 2d 12 85 06 ce ff 0f

Top of Stack: (sp=0x000000ff6befee50)
0x000000ff6befee50:   0000000000000000 000002a000000000
0x000000ff6befee60:   000002a057519640 000000007ffe0385
0x000000ff6befee70:   000002a056d65b38 00007ffd5111bc75
0x000000ff6befee80:   000002a056d65b30 000002a000000000
0x000000ff6befee90:   000002a056d65b50 000053f2ef052d0d
0x000000ff6befeea0:   fffffffffffffffe 000000ff6befef28
0x000000ff6befeeb0:   00007ffcefa10000 00007ffcefa10000
0x000000ff6befeec0:   000000ff6befef48 00007ffd5111b897
0x000000ff6befeed0:   000000ff6befef00 000000ff6befef58
0x000000ff6befeee0:   000000ff6beff4a0 00007ffd512088c0
0x000000ff6befeef0:   0000000000000001 00007ffd5111b84d
0x000000ff6befef00:   0000000000000000 0000000000000001
0x000000ff6befef10:   0000000000000001 000000ff6befef48
0x000000ff6befef20:   fffffffffffffffe 000000007ffe0384
0x000000ff6befef30:   0000000000000000 00007ffcefa3542d
0x000000ff6befef40:   00007ffcefa4c078 00007ffc00000002
0x000000ff6befef50:   00007ffd00000002 000000ff6befef40
0x000000ff6befef60:   0000000000000000 000069f378936bae
0x000000ff6befef70:   0000000000000000 00007ffcefa35552
0x000000ff6befef80:   0000000000000001 0000000000000000
0x000000ff6befef90:   000000007ffe0384 0000000000000001
0x000000ff6befefa0:   00007ffd4fe50000 000000ff6beff4a0
0x000000ff6befefb0:   0000000000000001 0000000000000000
0x000000ff6befefc0:   0000000000000000 00007ffcefa355a0
0x000000ff6befefd0:   0000000000000001 00007ffd5403f7ea
0x000000ff6befefe0:   00007ffcefa10000 0000000000000000
0x000000ff6befeff0:   0000000000000001 000000007ffe0384
0x000000ff6beff000:   0000000000000000 00007ffd53eebc23
0x000000ff6beff010:   0000000000000000 000002a06a3404a8
0x000000ff6beff020:   000000000000008d 0000000000000000
0x000000ff6beff030:   0000000000000000 0000000000000000
0x000000ff6beff040:   0000000000000000 fffff9c000000000 

Instructions: (pc=0x00007ffcefa37cf7)
0x00007ffcefa37bf7:   8b 4d 58 e8 e9 ce ff ff 48 8b 4d 60 e8 e0 ce ff
0x00007ffcefa37c07:   ff 48 8b 95 80 00 00 00 48 8b 8d 18 01 00 00 e8
0x00007ffcefa37c17:   c6 c4 ff ff 33 d2 33 c9 e8 1c e1 ff ff 90 48 89
0x00007ffcefa37c27:   54 24 10 55 48 83 ec 20 48 8b ea 48 b8 00 00 00
0x00007ffcefa37c37:   00 00 00 00 00 48 83 c4 20 5d c3 cc 40 55 48 8b
0x00007ffcefa37c47:   ea 48 8b 01 33 c9 81 38 05 00 00 c0 0f 94 c1 8b
0x00007ffcefa37c57:   c1 5d c3 cc 40 55 48 83 ec 20 48 8b ea 8a 4d 40
0x00007ffcefa37c67:   48 83 c4 20 5d e9 d3 d2 ff ff cc 40 55 48 83 ec
0x00007ffcefa37c77:   20 48 8b ea 8a 4d 20 e8 c1 d2 ff ff 90 48 83 c4
0x00007ffcefa37c87:   20 5d c3 cc 40 55 48 83 ec 20 48 8b ea 48 83 c4
0x00007ffcefa37c97:   20 5d e9 22 d1 ff ff cc 40 55 48 83 ec 30 48 8b
0x00007ffcefa37ca7:   ea 48 8b 01 8b 10 48 89 4c 24 28 89 54 24 20 4c
0x00007ffcefa37cb7:   8d 0d c3 d5 ff ff 4c 8b 45 70 8b 55 68 48 8b 4d
0x00007ffcefa37cc7:   60 e8 63 d0 ff ff 90 48 83 c4 30 5d c3 cc cc cc
0x00007ffcefa37cd7:   cc cc cc cc cc cc cc cc cc 40 53 48 83 ec 20 48
0x00007ffcefa37ce7:   8b 1d 4b 3d 01 00 48 85 db 74 16 e8 09 90 ff ff
0x00007ffcefa37cf7:   4c 8b 00 48 8b d3 48 8b c8 41 ff 90 b0 00 00 00
0x00007ffcefa37d07:   90 48 83 c4 20 5b c3 cc cc 40 53 48 83 ec 20 48
0x00007ffcefa37d17:   8b 1d 8b 3e 01 00 48 85 db 74 57 b8 ff ff ff ff
0x00007ffcefa37d27:   f0 0f c1 43 10 83 f8 01 75 3d 48 85 db 74 38 48
0x00007ffcefa37d37:   8b 0b 48 85 c9 74 0d ff 15 6c 05 00 00 48 c7 03
0x00007ffcefa37d47:   00 00 00 00 48 8b 4b 08 48 85 c9 74 0d e8 8f cd
0x00007ffcefa37d57:   ff ff 48 c7 43 08 00 00 00 00 ba 18 00 00 00 48
0x00007ffcefa37d67:   8b cb e8 7a cd ff ff 48 c7 05 2f 3e 01 00 00 00
0x00007ffcefa37d77:   00 00 48 83 c4 20 5b c3 cc 40 53 48 83 ec 20 48
0x00007ffcefa37d87:   8b 1d fb 3d 01 00 48 85 db 74 57 b8 ff ff ff ff
0x00007ffcefa37d97:   f0 0f c1 43 10 83 f8 01 75 3d 48 85 db 74 38 48
0x00007ffcefa37da7:   8b 0b 48 85 c9 74 0d ff 15 fc 04 00 00 48 c7 03
0x00007ffcefa37db7:   00 00 00 00 48 8b 4b 08 48 85 c9 74 0d e8 1f cd
0x00007ffcefa37dc7:   ff ff 48 c7 43 08 00 00 00 00 ba 18 00 00 00 48
0x00007ffcefa37dd7:   8b cb e8 0a cd ff ff 48 c7 05 9f 3d 01 00 00 00
0x00007ffcefa37de7:   00 00 48 83 c4 20 5b c3 cc 40 53 48 83 ec 20 48 


Stack slot to memory mapping:

stack at sp + 0 slots: 0x0 is null
stack at sp + 1 slots: 0x000002a000000000 points into unknown readable memory: 0x000000000000001e | 1e 00 00 00 00 00 00 00
stack at sp + 2 slots: 0x000002a057519640 points into unknown readable memory: 0x000002a0575159e0 | e0 59 51 57 a0 02 00 00
stack at sp + 3 slots: 0x000000007ffe0385 points into unknown readable memory: 00 00 00
stack at sp + 4 slots: 0x000002a056d65b38 points into unknown readable memory: 0x000053f2ef052d0d | 0d 2d 05 ef f2 53 00 00
stack at sp + 5 slots: 0x00007ffd5111bc75 ucrtbase.dll
stack at sp + 6 slots: 0x000002a056d65b30 points into unknown readable memory: 0x0fffce0685122d0d | 0d 2d 12 85 06 ce ff 0f
stack at sp + 7 slots: 0x000002a000000000 points into unknown readable memory: 0x000000000000001e | 1e 00 00 00 00 00 00 00

VM_Operation (0x000000ff6cdfa3e0): Exit, mode: safepoint, requested by thread 0x000002a0566e81b0


---------------  P R O C E S S  ---------------

Threads class SMR info:
_java_thread_list=0x000002a05b2709b0, length=21, elements={
0x000002a06a098310, 0x000002a05600cc90, 0x000002a05600de60, 0x000002a05600fab0,
0x000002a056010110, 0x000002a056017300, 0x000002a056018970, 0x000002a056032920,
0x000002a056033bd0, 0x000002a07f40e240, 0x000002a056b53960, 0x000002a05751ba30,
0x000002a0566e81b0, 0x000002a057730600, 0x000002a0576da4e0, 0x000002a056c42110,
0x000002a06a07f3a0, 0x000002a06a07e680, 0x000002a06a07ed10, 0x000002a06a081470,
0x000002a05bcab1f0
}

Java Threads: ( => current thread )
  0x000002a06a098310 JavaThread "main"                              [_thread_blocked, id=19360, stack(0x000000ff6b700000,0x000000ff6b800000) (1024K)]
  0x000002a05600cc90 JavaThread "Reference Handler"          daemon [_thread_blocked, id=2424, stack(0x000000ff6bf00000,0x000000ff6c000000) (1024K)]
  0x000002a05600de60 JavaThread "Finalizer"                  daemon [_thread_blocked, id=14384, stack(0x000000ff6c000000,0x000000ff6c100000) (1024K)]
  0x000002a05600fab0 JavaThread "Signal Dispatcher"          daemon [_thread_blocked, id=12832, stack(0x000000ff6c100000,0x000000ff6c200000) (1024K)]
  0x000002a056010110 JavaThread "Attach Listener"            daemon [_thread_blocked, id=20224, stack(0x000000ff6c200000,0x000000ff6c300000) (1024K)]
  0x000002a056017300 JavaThread "Service Thread"             daemon [_thread_blocked, id=20056, stack(0x000000ff6c300000,0x000000ff6c400000) (1024K)]
  0x000002a056018970 JavaThread "Monitor Deflation Thread"   daemon [_thread_blocked, id=2324, stack(0x000000ff6c400000,0x000000ff6c500000) (1024K)]
  0x000002a056032920 JavaThread "C2 CompilerThread0"         daemon [_thread_blocked, id=5928, stack(0x000000ff6c500000,0x000000ff6c600000) (1024K)]
  0x000002a056033bd0 JavaThread "C1 CompilerThread0"         daemon [_thread_blocked, id=14112, stack(0x000000ff6c600000,0x000000ff6c700000) (1024K)]
  0x000002a07f40e240 JavaThread "Common-Cleaner"             daemon [_thread_blocked, id=20300, stack(0x000000ff6c700000,0x000000ff6c800000) (1024K)]
  0x000002a056b53960 JavaThread "Notification Thread"        daemon [_thread_blocked, id=17736, stack(0x000000ff6ca00000,0x000000ff6cb00000) (1024K)]
  0x000002a05751ba30 JavaThread "InvokeLaterDispatcher"      daemon [_thread_blocked, id=13492, stack(0x000000ff6cc00000,0x000000ff6cd00000) (1024K)]
  0x000002a0566e81b0 JavaThread "JavaFX Application Thread"         [_thread_blocked, id=19844, stack(0x000000ff6cd00000,0x000000ff6ce00000) (1024K)]
  0x000002a057730600 JavaThread "JavaFX-Launcher"                   [_thread_blocked, id=19736, stack(0x000000ff6cf00000,0x000000ff6d000000) (1024K)]
  0x000002a0576da4e0 JavaThread "Thread-2"                   daemon [_thread_in_native, id=1252, stack(0x000000ff6ce00000,0x000000ff6cf00000) (1024K)]
  0x000002a056c42110 JavaThread "mysql-cj-abandoned-connection-cleanup" daemon [_thread_blocked, id=13520, stack(0x000000ff6c900000,0x000000ff6ca00000) (1024K)]
  0x000002a06a07f3a0 JavaThread "HttpClient-1-SelectorManager" daemon [_thread_in_native, id=20996, stack(0x000000ff6dc00000,0x000000ff6dd00000) (1024K)]
  0x000002a06a07e680 JavaThread "HttpClient-1-Worker-0"      daemon [_thread_blocked, id=7336, stack(0x000000ff6de00000,0x000000ff6df00000) (1024K)]
  0x000002a06a07ed10 JavaThread "HttpClient-1-Worker-1"      daemon [_thread_blocked, id=10056, stack(0x000000ff6df00000,0x000000ff6e000000) (1024K)]
  0x000002a06a081470 JavaThread "Prism Font Disposer"        daemon [_thread_blocked, id=1948, stack(0x000000ff6e300000,0x000000ff6e400000) (1024K)]
  0x000002a05bcab1f0 JavaThread "Cleaner-0"                  daemon [_thread_blocked, id=11832, stack(0x000000ff6e400000,0x000000ff6e500000) (1024K)]
Total: 21

Other Threads:
=>0x000002a07f41ecf0 VMThread "VM Thread"                           [id=10344, stack(0x000000ff6be00000,0x000000ff6bf00000) (1024K)]
  0x000002a06a624e60 WorkerThread "GC Thread#0"                     [id=5692, stack(0x000000ff6b800000,0x000000ff6b900000) (1024K)]
  0x000002a0568082b0 WorkerThread "GC Thread#1"                     [id=2100, stack(0x000000ff6d000000,0x000000ff6d100000) (1024K)]
  0x000002a056809660 WorkerThread "GC Thread#2"                     [id=10332, stack(0x000000ff6d100000,0x000000ff6d200000) (1024K)]
  0x000002a05680a210 WorkerThread "GC Thread#3"                     [id=21048, stack(0x000000ff6d200000,0x000000ff6d300000) (1024K)]
  0x000002a05680a5b0 WorkerThread "GC Thread#4"                     [id=6180, stack(0x000000ff6d300000,0x000000ff6d400000) (1024K)]
  0x000002a0566a6990 WorkerThread "GC Thread#5"                     [id=1372, stack(0x000000ff6d400000,0x000000ff6d500000) (1024K)]
  0x000002a056c3b710 WorkerThread "GC Thread#6"                     [id=2440, stack(0x000000ff6d500000,0x000000ff6d600000) (1024K)]
  0x000002a056c3b370 WorkerThread "GC Thread#7"                     [id=20168, stack(0x000000ff6d600000,0x000000ff6d700000) (1024K)]
  0x000002a056c3ac30 WorkerThread "GC Thread#8"                     [id=1496, stack(0x000000ff6d700000,0x000000ff6d800000) (1024K)]
  0x000002a056c3afd0 WorkerThread "GC Thread#9"                     [id=17696, stack(0x000000ff6d800000,0x000000ff6d900000) (1024K)]
  0x000002a06a633610 ConcurrentGCThread "G1 Main Marker"            terminated
  0x000002a06a637900 WorkerThread "G1 Conc#0"                       [id=3512, stack(0x000000ff6ba00000,0x000000ff6bb00000) (1024K)]
  0x000002a056c3be50 WorkerThread "G1 Conc#1"                       [id=13348, stack(0x000000ff6da00000,0x000000ff6db00000) (1024K)]
  0x000002a056c3c1f0 WorkerThread "G1 Conc#2"                       [id=20628, stack(0x000000ff6db00000,0x000000ff6dc00000) (1024K)]
  0x000002a07f2dad30 ConcurrentGCThread "G1 Refine#0"               terminated
  0x000002a07f2db160 ConcurrentGCThread "G1 Service"                terminated
Total: 17

Threads with active compile tasks:
Total: 0

VM state: at safepoint (shutting down)

VM Mutex/Monitor currently owned by a thread:  ([mutex/lock_event])
[0x00007ffcb5d6e320] Threads_lock - owner thread: 0x000002a07f41ecf0
[0x00007ffcb5d6e420] Heap_lock - owner thread: 0x000002a0566e81b0

Heap address: 0x0000000641800000, size: 7144 MB, Compressed Oops mode: Zero based, Oop shift amount: 3

CDS archive(s) mapped at: [0x000002a011000000-0x000002a011c90000-0x000002a011c90000), size 13172736, SharedBaseAddress: 0x000002a011000000, ArchiveRelocationMode: 1.
Compressed class space mapped at: 0x000002a012000000-0x000002a052000000, reserved size: 1073741824
Narrow klass base: 0x000002a011000000, Narrow klass shift: 0, Narrow klass range: 0x100000000

GC Precious Log:
 CardTable entry size: 512
 Card Set container configuration: InlinePtr #cards 4 size 8 Array Of Cards #cards 32 size 80 Howl #buckets 8 coarsen threshold 7372 Howl Bitmap #cards 1024 size 144 coarsen threshold 921 Card regions per heap region 1 cards per card region 8192
 CPUs: 12 total, 12 available
 Memory: 28565M
 Large Page Support: Disabled
 NUMA Support: Disabled
 Compressed Oops: Enabled (Zero based)
 Heap Region Size: 4M
 Heap Min Capacity: 8M
 Heap Initial Capacity: 448M
 Heap Max Capacity: 7144M
 Pre-touch: Disabled
 Parallel Workers: 10
 Concurrent Workers: 3
 Concurrent Refinement Workers: 10
 Periodic GC: Disabled

Heap:
 garbage-first heap   total 294912K, used 145740K [0x0000000641800000, 0x0000000800000000)
  region size 4096K, 12 young (49152K), 5 survivors (20480K)
 Metaspace       used 35171K, committed 35712K, reserved 1114112K
  class space    used 4741K, committed 4992K, reserved 1048576K

Heap Regions: E=young(eden), S=young(survivor), O=old, HS=humongous(starts), HC=humongous(continues), CS=collection set, F=free, TAMS=top-at-mark-start, PB=parsable bottom
|   0|0x0000000641800000, 0x0000000641c00000, 0x0000000641c00000|100%| O|  |TAMS 0x0000000641800000| PB 0x0000000641800000| Untracked 
|   1|0x0000000641c00000, 0x0000000642000000, 0x0000000642000000|100%| O|  |TAMS 0x0000000641c00000| PB 0x0000000641c00000| Untracked 
|   2|0x0000000642000000, 0x0000000642400000, 0x0000000642400000|100%| O|  |TAMS 0x0000000642000000| PB 0x0000000642000000| Untracked 
|   3|0x0000000642400000, 0x0000000642800000, 0x0000000642800000|100%| O|  |TAMS 0x0000000642400000| PB 0x0000000642400000| Untracked 
|   4|0x0000000642800000, 0x0000000642c00000, 0x0000000642c00000|100%| O|  |TAMS 0x0000000642800000| PB 0x0000000642800000| Untracked 
|   5|0x0000000642c00000, 0x0000000643000000, 0x0000000643000000|100%| O|  |TAMS 0x0000000642c00000| PB 0x0000000642c00000| Untracked 
|   6|0x0000000643000000, 0x0000000643400000, 0x0000000643400000|100%| O|  |TAMS 0x0000000643000000| PB 0x0000000643000000| Untracked 
|   7|0x0000000643400000, 0x0000000643800000, 0x0000000643800000|100%| O|  |TAMS 0x0000000643400000| PB 0x0000000643400000| Untracked 
|   8|0x0000000643800000, 0x0000000643c00000, 0x0000000643c00000|100%| O|  |TAMS 0x0000000643800000| PB 0x0000000643800000| Untracked 
|   9|0x0000000643c00000, 0x0000000644000000, 0x0000000644000000|100%| O|  |TAMS 0x0000000643c00000| PB 0x0000000643c00000| Untracked 
|  10|0x0000000644000000, 0x0000000644067920, 0x0000000644400000| 10%| O|  |TAMS 0x0000000644000000| PB 0x0000000644000000| Untracked 
|  11|0x0000000644400000, 0x0000000644800000, 0x0000000644800000|100%| O|  |TAMS 0x0000000644400000| PB 0x0000000644400000| Untracked 
|  12|0x0000000644800000, 0x0000000644c00000, 0x0000000644c00000|100%| O|  |TAMS 0x0000000644800000| PB 0x0000000644800000| Untracked 
|  13|0x0000000644c00000, 0x0000000645000000, 0x0000000645000000|100%|HS|  |TAMS 0x0000000644c00000| PB 0x0000000644c00000| Complete 
|  14|0x0000000645000000, 0x0000000645400000, 0x0000000645400000|100%|HC|  |TAMS 0x0000000645000000| PB 0x0000000645000000| Complete 
|  15|0x0000000645400000, 0x0000000645400000, 0x0000000645800000|  0%| F|  |TAMS 0x0000000645400000| PB 0x0000000645400000| Untracked 
|  16|0x0000000645800000, 0x0000000645c00000, 0x0000000645c00000|100%| O|  |TAMS 0x0000000645800000| PB 0x0000000645800000| Untracked 
|  17|0x0000000645c00000, 0x0000000646000000, 0x0000000646000000|100%| O|  |TAMS 0x0000000645c00000| PB 0x0000000645c00000| Untracked 
|  18|0x0000000646000000, 0x0000000646400000, 0x0000000646400000|100%| O|  |TAMS 0x0000000646000000| PB 0x0000000646000000| Untracked 
|  19|0x0000000646400000, 0x0000000646800000, 0x0000000646800000|100%| O|Cm|TAMS 0x0000000646400000| PB 0x0000000646400000| Complete 
|  20|0x0000000646800000, 0x0000000646c00000, 0x0000000646c00000|100%|HS|  |TAMS 0x0000000646800000| PB 0x0000000646800000| Complete 
|  21|0x0000000646c00000, 0x0000000647000000, 0x0000000647000000|100%|HC|  |TAMS 0x0000000646c00000| PB 0x0000000646c00000| Complete 
|  22|0x0000000647000000, 0x0000000647400000, 0x0000000647400000|100%|HC|  |TAMS 0x0000000647000000| PB 0x0000000647000000| Complete 
|  23|0x0000000647400000, 0x0000000647400000, 0x0000000647800000|  0%| F|  |TAMS 0x0000000647400000| PB 0x0000000647400000| Untracked 
|  24|0x0000000647800000, 0x0000000647800000, 0x0000000647c00000|  0%| F|  |TAMS 0x0000000647800000| PB 0x0000000647800000| Untracked 
|  25|0x0000000647c00000, 0x0000000647c00000, 0x0000000648000000|  0%| F|  |TAMS 0x0000000647c00000| PB 0x0000000647c00000| Untracked 
|  26|0x0000000648000000, 0x0000000648000000, 0x0000000648400000|  0%| F|  |TAMS 0x0000000648000000| PB 0x0000000648000000| Untracked 
|  27|0x0000000648400000, 0x0000000648400000, 0x0000000648800000|  0%| F|  |TAMS 0x0000000648400000| PB 0x0000000648400000| Untracked 
|  28|0x0000000648800000, 0x0000000648800000, 0x0000000648c00000|  0%| F|  |TAMS 0x0000000648800000| PB 0x0000000648800000| Untracked 
|  29|0x0000000648c00000, 0x0000000648c00000, 0x0000000649000000|  0%| F|  |TAMS 0x0000000648c00000| PB 0x0000000648c00000| Untracked 
|  30|0x0000000649000000, 0x0000000649000000, 0x0000000649400000|  0%| F|  |TAMS 0x0000000649000000| PB 0x0000000649000000| Untracked 
|  31|0x0000000649400000, 0x0000000649400000, 0x0000000649800000|  0%| F|  |TAMS 0x0000000649400000| PB 0x0000000649400000| Untracked 
|  32|0x0000000649800000, 0x0000000649800000, 0x0000000649c00000|  0%| F|  |TAMS 0x0000000649800000| PB 0x0000000649800000| Untracked 
|  33|0x0000000649c00000, 0x0000000649deb900, 0x000000064a000000| 48%| S|CS|TAMS 0x0000000649c00000| PB 0x0000000649c00000| Complete 
|  34|0x000000064a000000, 0x000000064a400000, 0x000000064a400000|100%| S|CS|TAMS 0x000000064a000000| PB 0x000000064a000000| Complete 
|  35|0x000000064a400000, 0x000000064a800000, 0x000000064a800000|100%| S|CS|TAMS 0x000000064a400000| PB 0x000000064a400000| Complete 
|  36|0x000000064a800000, 0x000000064ac00000, 0x000000064ac00000|100%| S|CS|TAMS 0x000000064a800000| PB 0x000000064a800000| Complete 
|  37|0x000000064ac00000, 0x000000064b000000, 0x000000064b000000|100%| S|CS|TAMS 0x000000064ac00000| PB 0x000000064ac00000| Complete 
|  38|0x000000064b000000, 0x000000064b000000, 0x000000064b400000|  0%| F|  |TAMS 0x000000064b000000| PB 0x000000064b000000| Untracked 
|  39|0x000000064b400000, 0x000000064b400000, 0x000000064b800000|  0%| F|  |TAMS 0x000000064b400000| PB 0x000000064b400000| Untracked 
|  40|0x000000064b800000, 0x000000064b800000, 0x000000064bc00000|  0%| F|  |TAMS 0x000000064b800000| PB 0x000000064b800000| Untracked 
|  41|0x000000064bc00000, 0x000000064bc00000, 0x000000064c000000|  0%| F|  |TAMS 0x000000064bc00000| PB 0x000000064bc00000| Untracked 
|  42|0x000000064c000000, 0x000000064c000000, 0x000000064c400000|  0%| F|  |TAMS 0x000000064c000000| PB 0x000000064c000000| Untracked 
|  43|0x000000064c400000, 0x000000064c400000, 0x000000064c800000|  0%| F|  |TAMS 0x000000064c400000| PB 0x000000064c400000| Untracked 
|  44|0x000000064c800000, 0x000000064c800000, 0x000000064cc00000|  0%| F|  |TAMS 0x000000064c800000| PB 0x000000064c800000| Untracked 
|  45|0x000000064cc00000, 0x000000064cc00000, 0x000000064d000000|  0%| F|  |TAMS 0x000000064cc00000| PB 0x000000064cc00000| Untracked 
|  46|0x000000064d000000, 0x000000064d000000, 0x000000064d400000|  0%| F|  |TAMS 0x000000064d000000| PB 0x000000064d000000| Untracked 
|  47|0x000000064d400000, 0x000000064d400000, 0x000000064d800000|  0%| F|  |TAMS 0x000000064d400000| PB 0x000000064d400000| Untracked 
|  48|0x000000064d800000, 0x000000064d800000, 0x000000064dc00000|  0%| F|  |TAMS 0x000000064d800000| PB 0x000000064d800000| Untracked 
|  49|0x000000064dc00000, 0x000000064dc00000, 0x000000064e000000|  0%| F|  |TAMS 0x000000064dc00000| PB 0x000000064dc00000| Untracked 
|  50|0x000000064e000000, 0x000000064e000000, 0x000000064e400000|  0%| F|  |TAMS 0x000000064e000000| PB 0x000000064e000000| Untracked 
|  51|0x000000064e400000, 0x000000064e400000, 0x000000064e800000|  0%| F|  |TAMS 0x000000064e400000| PB 0x000000064e400000| Untracked 
|  52|0x000000064e800000, 0x000000064e800000, 0x000000064ec00000|  0%| F|  |TAMS 0x000000064e800000| PB 0x000000064e800000| Untracked 
|  53|0x000000064ec00000, 0x000000064ec00000, 0x000000064f000000|  0%| F|  |TAMS 0x000000064ec00000| PB 0x000000064ec00000| Untracked 
|  54|0x000000064f000000, 0x000000064f000000, 0x000000064f400000|  0%| F|  |TAMS 0x000000064f000000| PB 0x000000064f000000| Untracked 
|  55|0x000000064f400000, 0x000000064f400000, 0x000000064f800000|  0%| F|  |TAMS 0x000000064f400000| PB 0x000000064f400000| Untracked 
|  56|0x000000064f800000, 0x000000064f800000, 0x000000064fc00000|  0%| F|  |TAMS 0x000000064f800000| PB 0x000000064f800000| Untracked 
|  57|0x000000064fc00000, 0x000000064fc00000, 0x0000000650000000|  0%| F|  |TAMS 0x000000064fc00000| PB 0x000000064fc00000| Untracked 
|  58|0x0000000650000000, 0x0000000650000000, 0x0000000650400000|  0%| F|  |TAMS 0x0000000650000000| PB 0x0000000650000000| Untracked 
|  59|0x0000000650400000, 0x0000000650400000, 0x0000000650800000|  0%| F|  |TAMS 0x0000000650400000| PB 0x0000000650400000| Untracked 
|  60|0x0000000650800000, 0x0000000650800000, 0x0000000650c00000|  0%| F|  |TAMS 0x0000000650800000| PB 0x0000000650800000| Untracked 
|  61|0x0000000650c00000, 0x0000000650fb3f20, 0x0000000651000000| 92%| E|  |TAMS 0x0000000650c00000| PB 0x0000000650c00000| Complete 
|  62|0x0000000651000000, 0x0000000651400000, 0x0000000651400000|100%| E|CS|TAMS 0x0000000651000000| PB 0x0000000651000000| Complete 
|  63|0x0000000651400000, 0x0000000651800000, 0x0000000651800000|100%| E|CS|TAMS 0x0000000651400000| PB 0x0000000651400000| Complete 
|  99|0x000000065a400000, 0x000000065a800000, 0x000000065a800000|100%| E|CS|TAMS 0x000000065a400000| PB 0x000000065a400000| Complete 
| 103|0x000000065b400000, 0x000000065b800000, 0x000000065b800000|100%| E|CS|TAMS 0x000000065b400000| PB 0x000000065b400000| Complete 
| 111|0x000000065d400000, 0x000000065d800000, 0x000000065d800000|100%| E|CS|TAMS 0x000000065d400000| PB 0x000000065d400000| Complete 
|1781|0x00000007fec00000, 0x00000007ff000000, 0x00000007ff000000|100%| E|CS|TAMS 0x00000007fec00000| PB 0x00000007fec00000| Complete 
|1782|0x00000007ff000000, 0x00000007ff400000, 0x00000007ff400000|100%| O|  |TAMS 0x00000007ff000000| PB 0x00000007ff000000| Untracked 
|1783|0x00000007ff400000, 0x00000007ff800000, 0x00000007ff800000|100%| O|  |TAMS 0x00000007ff400000| PB 0x00000007ff400000| Untracked 
|1784|0x00000007ff800000, 0x00000007ffc00000, 0x00000007ffc00000|100%| O|  |TAMS 0x00000007ff800000| PB 0x00000007ff800000| Untracked 
|1785|0x00000007ffc00000, 0x0000000800000000, 0x0000000800000000|100%| O|  |TAMS 0x00000007ffc00000| PB 0x00000007ffc00000| Untracked 

Card table byte_map: [0x000002a0771e0000,0x000002a077fe0000] _byte_map_base: 0x000002a073fd4000

Marking Bits: (CMBitMap*) 0x000002a06a0800d0
 Bits: [0x000002a077fe0000, 0x000002a07ef80000)

Polling page: 0x000002a06a2b0000

Metaspace:

Usage:
  Non-class:     29.72 MB used.
      Class:      4.63 MB used.
       Both:     34.35 MB used.

Virtual space:
  Non-class space:       64.00 MB reserved,      30.00 MB ( 47%) committed,  1 nodes.
      Class space:        1.00 GB reserved,       4.88 MB ( <1%) committed,  1 nodes.
             Both:        1.06 GB reserved,      34.88 MB (  3%) committed. 

Chunk freelists:
   Non-Class:  1.53 MB
       Class:  11.17 MB
        Both:  12.70 MB

MaxMetaspaceSize: unlimited
CompressedClassSpaceSize: 1.00 GB
Initial GC threshold: 21.00 MB
Current GC threshold: 55.25 MB
CDS: on
 - commit_granule_bytes: 65536.
 - commit_granule_words: 8192.
 - virtual_space_node_default_size: 8388608.
 - enlarge_chunks_in_place: 1.
 - use_allocation_guard: 0.


Internal statistics:

num_allocs_failed_limit: 3.
num_arena_births: 636.
num_arena_deaths: 0.
num_vsnodes_births: 2.
num_vsnodes_deaths: 0.
num_space_committed: 558.
num_space_uncommitted: 0.
num_chunks_returned_to_freelist: 3.
num_chunks_taken_from_freelist: 1734.
num_chunk_merges: 0.
num_chunk_splits: 1149.
num_chunks_enlarged: 795.
num_inconsistent_stats: 0.

CodeHeap 'non-profiled nmethods': size=120000Kb used=4302Kb max_used=4302Kb free=115698Kb
 bounds [0x000002a007ad0000, 0x000002a007f10000, 0x000002a00f000000]
CodeHeap 'profiled nmethods': size=120000Kb used=13218Kb max_used=13218Kb free=106781Kb
 bounds [0x000002a000000000, 0x000002a000cf0000, 0x000002a007530000]
CodeHeap 'non-nmethods': size=5760Kb used=1912Kb max_used=1971Kb free=3847Kb
 bounds [0x000002a007530000, 0x000002a0077a0000, 0x000002a007ad0000]
 total_blobs=7353 nmethods=6456 adapters=800
 compilation: enabled
              stopped_count=0, restarted_count=0
 full_count=0

Compilation events (20 events):
Event: 22.814 Thread 0x000002a056033bd0 nmethod 7156 0x000002a000ce3210 code [0x000002a000ce33a0, 0x000002a000ce34b8]
Event: 22.815 Thread 0x000002a056032920 nmethod 7157 0x000002a007f02990 code [0x000002a007f02b20, 0x000002a007f02bb0]
Event: 22.821 Thread 0x000002a056033bd0 7158       3       java.util.Properties::loadConvert (540 bytes)
Event: 22.821 Thread 0x000002a056032920 7159       4       java.lang.String::<init> (14 bytes)
Event: 22.821 Thread 0x000002a056033bd0 nmethod 7158 0x000002a000ce3590 code [0x000002a000ce3880, 0x000002a000ce4b28]
Event: 22.824 Thread 0x000002a056032920 nmethod 7159 0x000002a007f02c90 code [0x000002a007f02e60, 0x000002a007f03580]
Event: 22.827 Thread 0x000002a056033bd0 7160       3       java.io.BufferedWriter::ensureOpen (18 bytes)
Event: 22.828 Thread 0x000002a056033bd0 nmethod 7160 0x000002a000ce5190 code [0x000002a000ce5340, 0x000002a000ce5550]
Event: 22.829 Thread 0x000002a056033bd0 7161       3       java.util.HexFormat::<init> (50 bytes)
Event: 22.830 Thread 0x000002a056033bd0 nmethod 7161 0x000002a000ce5610 code [0x000002a000ce5820, 0x000002a000ce5f30]
Event: 22.830 Thread 0x000002a056033bd0 7162       3       java.util.HexFormat::withUpperCase (23 bytes)
Event: 22.830 Thread 0x000002a056033bd0 nmethod 7162 0x000002a000ce6190 code [0x000002a000ce6340, 0x000002a000ce6518]
Event: 22.830 Thread 0x000002a056033bd0 7163       3       java.util.HexFormat::of (4 bytes)
Event: 22.830 Thread 0x000002a056033bd0 nmethod 7163 0x000002a000ce6610 code [0x000002a000ce67a0, 0x000002a000ce6898]
Event: 22.831 Thread 0x000002a056033bd0 7164       3       java.io.Writer::write (11 bytes)
Event: 22.832 Thread 0x000002a056033bd0 nmethod 7164 0x000002a000ce6910 code [0x000002a000ce6ae0, 0x000002a000ce6dc0]
Event: 22.832 Thread 0x000002a056033bd0 7165   !   3       java.io.BufferedWriter::write (82 bytes)
Event: 22.832 Thread 0x000002a056033bd0 nmethod 7165 0x000002a000ce6f10 code [0x000002a000ce71c0, 0x000002a000ce8060]
Event: 22.834 Thread 0x000002a056033bd0 7166       3       java.util.HashSet::toArray (18 bytes)
Event: 22.834 Thread 0x000002a056033bd0 nmethod 7166 0x000002a000ce8510 code [0x000002a000ce86c0, 0x000002a000ce89d0]

GC Heap History (20 events):
Event: 2.130 GC heap before
{Heap before GC invocations=9 (full 0):
 garbage-first heap   total 163840K, used 140512K [0x0000000641800000, 0x0000000800000000)
  region size 4096K, 24 young (98304K), 1 survivors (4096K)
 Metaspace       used 25228K, committed 25728K, reserved 1114112K
  class space    used 3219K, committed 3456K, reserved 1048576K
}
Event: 2.144 GC heap after
{Heap after GC invocations=10 (full 0):
 garbage-first heap   total 184320K, used 82697K [0x0000000641800000, 0x0000000800000000)
  region size 4096K, 3 young (12288K), 3 survivors (12288K)
 Metaspace       used 25228K, committed 25728K, reserved 1114112K
  class space    used 3219K, committed 3456K, reserved 1048576K
}
Event: 2.257 GC heap before
{Heap before GC invocations=10 (full 0):
 garbage-first heap   total 184320K, used 123657K [0x0000000641800000, 0x0000000800000000)
  region size 4096K, 14 young (57344K), 3 survivors (12288K)
 Metaspace       used 25463K, committed 25920K, reserved 1114112K
  class space    used 3234K, committed 3456K, reserved 1048576K
}
Event: 2.261 GC heap after
{Heap after GC invocations=11 (full 0):
 garbage-first heap   total 184320K, used 87324K [0x0000000641800000, 0x0000000800000000)
  region size 4096K, 1 young (4096K), 1 survivors (4096K)
 Metaspace       used 25463K, committed 25920K, reserved 1114112K
  class space    used 3234K, committed 3456K, reserved 1048576K
}
Event: 2.295 GC heap before
{Heap before GC invocations=11 (full 0):
 garbage-first heap   total 184320K, used 132380K [0x0000000641800000, 0x0000000800000000)
  region size 4096K, 12 young (49152K), 1 survivors (4096K)
 Metaspace       used 25463K, committed 25920K, reserved 1114112K
  class space    used 3234K, committed 3456K, reserved 1048576K
}
Event: 2.296 GC heap after
{Heap after GC invocations=12 (full 0):
 garbage-first heap   total 184320K, used 86455K [0x0000000641800000, 0x0000000800000000)
  region size 4096K, 1 young (4096K), 1 survivors (4096K)
 Metaspace       used 25463K, committed 25920K, reserved 1114112K
  class space    used 3234K, committed 3456K, reserved 1048576K
}
Event: 2.337 GC heap before
{Heap before GC invocations=12 (full 0):
 garbage-first heap   total 184320K, used 139703K [0x0000000641800000, 0x0000000800000000)
  region size 4096K, 14 young (57344K), 1 survivors (4096K)
 Metaspace       used 25463K, committed 25920K, reserved 1114112K
  class space    used 3234K, committed 3456K, reserved 1048576K
}
Event: 2.338 GC heap after
{Heap after GC invocations=13 (full 0):
 garbage-first heap   total 245760K, used 86159K [0x0000000641800000, 0x0000000800000000)
  region size 4096K, 1 young (4096K), 1 survivors (4096K)
 Metaspace       used 25463K, committed 25920K, reserved 1114112K
  class space    used 3234K, committed 3456K, reserved 1048576K
}
Event: 2.397 GC heap before
{Heap before GC invocations=14 (full 0):
 garbage-first heap   total 245760K, used 172175K [0x0000000641800000, 0x0000000800000000)
  region size 4096K, 22 young (90112K), 1 survivors (4096K)
 Metaspace       used 25463K, committed 25920K, reserved 1114112K
  class space    used 3234K, committed 3456K, reserved 1048576K
}
Event: 2.397 GC heap after
{Heap after GC invocations=15 (full 0):
 garbage-first heap   total 245760K, used 86089K [0x0000000641800000, 0x0000000800000000)
  region size 4096K, 1 young (4096K), 1 survivors (4096K)
 Metaspace       used 25463K, committed 25920K, reserved 1114112K
  class space    used 3234K, committed 3456K, reserved 1048576K
}
Event: 2.451 GC heap before
{Heap before GC invocations=15 (full 0):
 garbage-first heap   total 245760K, used 188489K [0x0000000641800000, 0x0000000800000000)
  region size 4096K, 26 young (106496K), 1 survivors (4096K)
 Metaspace       used 25463K, committed 25920K, reserved 1114112K
  class space    used 3234K, committed 3456K, reserved 1048576K
}
Event: 2.453 GC heap after
{Heap after GC invocations=16 (full 0):
 garbage-first heap   total 245760K, used 83721K [0x0000000641800000, 0x0000000800000000)
  region size 4096K, 1 young (4096K), 1 survivors (4096K)
 Metaspace       used 25463K, committed 25920K, reserved 1114112K
  class space    used 3234K, committed 3456K, reserved 1048576K
}
Event: 2.522 GC heap before
{Heap before GC invocations=16 (full 0):
 garbage-first heap   total 245760K, used 202505K [0x0000000641800000, 0x0000000800000000)
  region size 4096K, 30 young (122880K), 1 survivors (4096K)
 Metaspace       used 25463K, committed 25920K, reserved 1114112K
  class space    used 3234K, committed 3456K, reserved 1048576K
}
Event: 2.523 GC heap after
{Heap after GC invocations=17 (full 0):
 garbage-first heap   total 245760K, used 83945K [0x0000000641800000, 0x0000000800000000)
  region size 4096K, 1 young (4096K), 1 survivors (4096K)
 Metaspace       used 25463K, committed 25920K, reserved 1114112K
  class space    used 3234K, committed 3456K, reserved 1048576K
}
Event: 2.604 GC heap before
{Heap before GC invocations=17 (full 0):
 garbage-first heap   total 245760K, used 210921K [0x0000000641800000, 0x0000000800000000)
  region size 4096K, 32 young (131072K), 1 survivors (4096K)
 Metaspace       used 25463K, committed 25920K, reserved 1114112K
  class space    used 3234K, committed 3456K, reserved 1048576K
}
Event: 2.605 GC heap after
{Heap after GC invocations=18 (full 0):
 garbage-first heap   total 294912K, used 83942K [0x0000000641800000, 0x0000000800000000)
  region size 4096K, 1 young (4096K), 1 survivors (4096K)
 Metaspace       used 25463K, committed 25920K, reserved 1114112K
  class space    used 3234K, committed 3456K, reserved 1048576K
}
Event: 2.708 GC heap before
{Heap before GC invocations=18 (full 0):
 garbage-first heap   total 294912K, used 255974K [0x0000000641800000, 0x0000000800000000)
  region size 4096K, 43 young (176128K), 1 survivors (4096K)
 Metaspace       used 25463K, committed 25920K, reserved 1114112K
  class space    used 3234K, committed 3456K, reserved 1048576K
}
Event: 2.709 GC heap after
{Heap after GC invocations=19 (full 0):
 garbage-first heap   total 294912K, used 83717K [0x0000000641800000, 0x0000000800000000)
  region size 4096K, 1 young (4096K), 1 survivors (4096K)
 Metaspace       used 25463K, committed 25920K, reserved 1114112K
  class space    used 3234K, committed 3456K, reserved 1048576K
}
Event: 3.581 GC heap before
{Heap before GC invocations=19 (full 0):
 garbage-first heap   total 294912K, used 202501K [0x0000000641800000, 0x0000000800000000)
  region size 4096K, 31 young (126976K), 1 survivors (4096K)
 Metaspace       used 32665K, committed 33152K, reserved 1114112K
  class space    used 4493K, committed 4736K, reserved 1048576K
}
Event: 3.591 GC heap after
{Heap after GC invocations=20 (full 0):
 garbage-first heap   total 294912K, used 100684K [0x0000000641800000, 0x0000000800000000)
  region size 4096K, 5 young (20480K), 5 survivors (20480K)
 Metaspace       used 32665K, committed 33152K, reserved 1114112K
  class space    used 4493K, committed 4736K, reserved 1048576K
}

Dll operation events (20 events):
Event: 0.172 Loaded shared library C:\appl\openjdk-21.0.6+7\bin\api-ms-win-crt-process-l1-1-0.dll
Event: 0.173 Loaded shared library C:\appl\openjdk-21.0.6+7\bin\api-ms-win-crt-runtime-l1-1-0.dll
Event: 0.173 Loaded shared library C:\appl\openjdk-21.0.6+7\bin\api-ms-win-crt-stdio-l1-1-0.dll
Event: 0.174 Loaded shared library C:\appl\openjdk-21.0.6+7\bin\api-ms-win-crt-string-l1-1-0.dll
Event: 0.175 Loaded shared library C:\appl\openjdk-21.0.6+7\bin\api-ms-win-crt-time-l1-1-0.dll
Event: 0.176 Loaded shared library C:\appl\openjdk-21.0.6+7\bin\api-ms-win-crt-utility-l1-1-0.dll
Event: 0.177 Loaded shared library C:\appl\openjdk-21.0.6+7\bin\ucrtbase.dll
Event: 0.177 Loaded shared library C:\appl\openjdk-21.0.6+7\bin\vcruntime140.dll
Event: 0.178 Loaded shared library C:\appl\openjdk-21.0.6+7\bin\vcruntime140_1.dll
Event: 0.178 Loaded shared library C:\appl\openjdk-21.0.6+7\bin\msvcp140.dll
Event: 0.179 Loaded shared library C:\Windows\System32\msvcp140_1.dll
Event: 0.180 Loaded shared library C:\Windows\System32\msvcp140_2.dll
Event: 0.199 Loaded shared library C:\appl\openjdk-21.0.6+7\bin\prism_sw.dll
Event: 0.211 Loaded shared library C:\appl\openjdk-21.0.6+7\bin\glass.dll
Event: 0.410 Loaded shared library C:\appl\openjdk-21.0.6+7\bin\javafx_font.dll
Event: 0.608 Loaded shared library C:\Users\Hans\AppData\Local\Temp\sqlite-3.46.0.0-a7f4d366-c237-4394-bb6e-85aace1f6df3-sqlitejdbc.dll
Event: 0.676 Loaded shared library C:\appl\openjdk-21.0.6+7\bin\prefs.dll
Event: 1.416 Loaded shared library C:\appl\openjdk-21.0.6+7\bin\sunmscapi.dll
Event: 1.433 Loaded shared library C:\appl\openjdk-21.0.6+7\bin\extnet.dll
Event: 3.667 Loaded shared library C:\appl\openjdk-21.0.6+7\bin\decora_sse.dll

Deoptimization events (20 events):
Event: 10.090 Thread 0x000002a0566e81b0 Uncommon trap: trap_request=0xffffff6e fr.pc=0x000002a007edd598 relative=0x0000000000000218
Event: 10.090 Thread 0x000002a0566e81b0 Uncommon trap: reason=loop_limit_check action=maybe_recompile pc=0x000002a007edd598 method=javafx.scene.Parent.pickChildrenNode(Lcom/sun/javafx/geom/PickRay;Lcom/sun/javafx/scene/input/PickResultChooser;)Z @ 17 c2
Event: 10.090 Thread 0x000002a0566e81b0 DEOPT PACKING pc=0x000002a007edd598 sp=0x000000ff6cdfb220
Event: 10.090 Thread 0x000002a0566e81b0 DEOPT UNPACKING pc=0x000002a0075846a2 sp=0x000000ff6cdfafd0 mode 2
Event: 18.767 Thread 0x000002a0566e81b0 Uncommon trap: trap_request=0xffffff45 fr.pc=0x000002a007ea595c relative=0x000000000000707c
Event: 18.767 Thread 0x000002a0566e81b0 Uncommon trap: reason=unstable_if action=reinterpret pc=0x000002a007ea595c method=javafx.scene.CssStyleHelper.transitionToState(Ljavafx/scene/Node;)V @ 131 c2
Event: 18.767 Thread 0x000002a0566e81b0 DEOPT PACKING pc=0x000002a007ea595c sp=0x000000ff6cdf9f00
Event: 18.767 Thread 0x000002a0566e81b0 DEOPT UNPACKING pc=0x000002a0075846a2 sp=0x000000ff6cdf9e98 mode 2
Event: 18.782 Thread 0x000002a056c48bc0 Uncommon trap: trap_request=0xffffffde fr.pc=0x000002a007e6bc64 relative=0x0000000000000204
Event: 18.782 Thread 0x000002a056c48bc0 Uncommon trap: reason=class_check action=maybe_recompile pc=0x000002a007e6bc64 method=com.sun.javafx.font.CompositeStrike.getStrikeSlot(I)Lcom/sun/javafx/font/FontStrike; @ 16 c2
Event: 18.782 Thread 0x000002a056c48bc0 DEOPT PACKING pc=0x000002a007e6bc64 sp=0x000000ff6cbfde30
Event: 18.782 Thread 0x000002a056c48bc0 DEOPT UNPACKING pc=0x000002a0075846a2 sp=0x000000ff6cbfdde0 mode 2
Event: 18.789 Thread 0x000002a056c48bc0 Uncommon trap: trap_request=0xffffffde fr.pc=0x000002a007e6bc64 relative=0x0000000000000204
Event: 18.789 Thread 0x000002a056c48bc0 Uncommon trap: reason=class_check action=maybe_recompile pc=0x000002a007e6bc64 method=com.sun.javafx.font.CompositeStrike.getStrikeSlot(I)Lcom/sun/javafx/font/FontStrike; @ 16 c2
Event: 18.789 Thread 0x000002a056c48bc0 DEOPT PACKING pc=0x000002a007e6bc64 sp=0x000000ff6cbfd810
Event: 18.789 Thread 0x000002a056c48bc0 DEOPT UNPACKING pc=0x000002a0075846a2 sp=0x000000ff6cbfd7c0 mode 2
Event: 22.812 Thread 0x000002a0566e81b0 Uncommon trap: trap_request=0xffffff45 fr.pc=0x000002a007d508c8 relative=0x0000000000000f28
Event: 22.812 Thread 0x000002a0566e81b0 Uncommon trap: reason=unstable_if action=reinterpret pc=0x000002a007d508c8 method=java.util.Properties.loadConvert([CIILjava/lang/StringBuilder;)Ljava/lang/String; @ 105 c2
Event: 22.812 Thread 0x000002a0566e81b0 DEOPT PACKING pc=0x000002a007d508c8 sp=0x000000ff6cdfa300
Event: 22.812 Thread 0x000002a0566e81b0 DEOPT UNPACKING pc=0x000002a0075846a2 sp=0x000000ff6cdfa2d0 mode 2

Classes loaded (20 events):
Event: 22.801 Loading class sun/util/locale/provider/TimeZoneNameUtility
Event: 22.801 Loading class sun/util/locale/provider/TimeZoneNameUtility done
Event: 22.801 Loading class sun/util/locale/provider/TimeZoneNameUtility$TimeZoneNameGetter
Event: 22.801 Loading class sun/util/locale/provider/TimeZoneNameUtility$TimeZoneNameGetter done
Event: 22.801 Loading class sun/util/resources/cldr/TimeZoneNames
Event: 22.801 Loading class sun/util/resources/TimeZoneNamesBundle
Event: 22.801 Loading class sun/util/resources/OpenListResourceBundle
Event: 22.801 Loading class sun/util/resources/OpenListResourceBundle done
Event: 22.801 Loading class sun/util/resources/TimeZoneNamesBundle done
Event: 22.801 Loading class sun/util/resources/cldr/TimeZoneNames done
Event: 22.801 Loading class sun/util/resources/cldr/TimeZoneNames_en
Event: 22.802 Loading class sun/util/resources/cldr/TimeZoneNames_en done
Event: 22.802 Loading class sun/util/resources/cldr/TimeZoneNames_en_US
Event: 22.802 Loading class sun/util/resources/cldr/TimeZoneNames_en_US done
Event: 22.803 Loading class sun/util/cldr/CLDRBaseLocaleDataMetaInfo$TZCanonicalIDMapHolder
Event: 22.803 Loading class sun/util/cldr/CLDRBaseLocaleDataMetaInfo$TZCanonicalIDMapHolder done
Event: 22.804 Loading class sun/util/resources/TimeZoneNames
Event: 22.804 Loading class sun/util/resources/TimeZoneNames done
Event: 22.804 Loading class sun/util/resources/TimeZoneNames_en
Event: 22.804 Loading class sun/util/resources/TimeZoneNames_en done

Classes unloaded (0 events):
No events

Classes redefined (0 events):
No events

Internal exceptions (20 events):
Event: 2.845 Thread 0x000002a0566e81b0 Exception <a 'java/lang/ClassNotFoundException'{0x000000064fa8b780}: com/sun/javafx/scene/control/skin/resources/controls_de_DE> (0x000000064fa8b780) 
thrown [s\src\hotspot\share\prims\jni.cpp, line 539]
Event: 2.942 Thread 0x000002a0566e81b0 Exception <a 'java/lang/NoSuchMethodError'{0x000000064f0b93a0}: 'int java.lang.invoke.DirectMethodHandle$Holder.invokeSpecial(java.lang.Object, java.lang.Object, int)'> (0x000000064f0b93a0) 
thrown [s\src\hotspot\share\interpreter\linkResolver.cpp, line 773]
Event: 3.040 Thread 0x000002a0566e81b0 Exception <a 'java/io/FileNotFoundException'{0x000000064e928a70}> (0x000000064e928a70) 
thrown [s\src\hotspot\share\prims\jni.cpp, line 520]
Event: 3.078 Thread 0x000002a0566e81b0 Implicit null exception at 0x000002a007b7855f to 0x000002a007b78624
Event: 3.079 Thread 0x000002a0566e81b0 Exception <a 'java/lang/NoSuchMethodError'{0x000000064e53f690}: 'java.lang.Object java.lang.invoke.DirectMethodHandle$Holder.invokeInterface(java.lang.Object, java.lang.Object)'> (0x000000064e53f690) 
thrown [s\src\hotspot\share\interpreter\linkResolver.cpp, line 773]
Event: 3.354 Thread 0x000002a0566e81b0 Exception <a 'java/lang/NoSuchMethodError'{0x000000064cf84950}: 'void java.lang.invoke.DirectMethodHandle$Holder.invokeSpecial(java.lang.Object, java.lang.Object, int, int)'> (0x000000064cf84950) 
thrown [s\src\hotspot\share\interpreter\linkResolver.cpp, line 773]
Event: 3.354 Thread 0x000002a0566e81b0 Exception <a 'java/lang/NoSuchMethodError'{0x000000064cf8a7c8}: 'java.lang.Object java.lang.invoke.DirectMethodHandle$Holder.newInvokeSpecial(java.lang.Object, java.lang.Object, int, int)'> (0x000000064cf8a7c8) 
thrown [s\src\hotspot\share\interpreter\linkResolver.cpp, line 773]
Event: 3.355 Thread 0x000002a0566e81b0 Exception <a 'java/lang/NoSuchMethodError'{0x000000064cf9a0d8}: 'java.lang.Object java.lang.invoke.DirectMethodHandle$Holder.invokeSpecial(java.lang.Object, java.lang.Object, java.lang.Object, int, int)'> (0x000000064cf9a0d8) 
thrown [s\src\hotspot\share\interpreter\linkResolver.cpp, line 773]
Event: 3.580 Thread 0x000002a0566e81b0 Exception <a 'java/lang/NoSuchMethodError'{0x000000064b76ef90}: 'void java.lang.invoke.DirectMethodHandle$Holder.invokeVirtual(java.lang.Object, java.lang.Object, int)'> (0x000000064b76ef90) 
thrown [s\src\hotspot\share\interpreter\linkResolver.cpp, line 773]
Event: 3.592 Thread 0x000002a0566e81b0 Implicit null exception at 0x000002a007d15ef4 to 0x000002a007d15fe8
Event: 3.715 Thread 0x000002a056c48bc0 Exception <a 'java/lang/NoSuchMethodError'{0x000000065b4418a0}: 'java.lang.Object java.lang.invoke.DirectMethodHandle$Holder.invokeStaticInit(java.lang.Object, int)'> (0x000000065b4418a0) 
thrown [s\src\hotspot\share\interpreter\linkResolver.cpp, line 773]
Event: 5.744 Thread 0x000002a0566e81b0 Exception <a 'java/lang/NoSuchMethodError'{0x000000065b697428}: 'long java.lang.invoke.DirectMethodHandle$Holder.invokeStatic(java.lang.Object, java.lang.Object, java.lang.Object)'> (0x000000065b697428) 
thrown [s\src\hotspot\share\interpreter\linkResolver.cpp, line 773]
Event: 5.744 Thread 0x000002a0566e81b0 Exception <a 'java/lang/NoSuchMethodError'{0x000000065b69a808}: 'long java.lang.invoke.DirectMethodHandle$Holder.invokeStaticInit(java.lang.Object, java.lang.Object, java.lang.Object)'> (0x000000065b69a808) 
thrown [s\src\hotspot\share\interpreter\linkResolver.cpp, line 773]
Event: 6.224 Thread 0x000002a0566e81b0 Implicit null exception at 0x000002a007d10608 to 0x000002a007d10fb4
Event: 9.078 Thread 0x000002a0566e81b0 Implicit null exception at 0x000002a007e4461f to 0x000002a007e45a34
Event: 9.078 Thread 0x000002a0566e81b0 Implicit null exception at 0x000002a007ebca6b to 0x000002a007ebd33c
Event: 10.534 Thread 0x000002a0566e81b0 Exception <a 'java/lang/NoSuchMethodError'{0x000000065110fdd8}: 'java.lang.Object java.lang.invoke.DirectMethodHandle$Holder.newInvokeSpecial(java.lang.Object, java.lang.Object, int, int, int, int, int, java.lang.Object)'> (0x000000065110fdd8) 
thrown [s\src\hotspot\share\interpreter\linkResolver.cpp, line 773]
Event: 10.535 Thread 0x000002a0566e81b0 Exception <a 'java/lang/NoSuchMethodError'{0x00000006511220a8}: 'java.lang.Object java.lang.invoke.DirectMethodHandle$Holder.newInvokeSpecial(java.lang.Object, java.lang.Object, java.lang.Object, int, int, int, int, int)'> (0x00000006511220a8) 
thrown [s\src\hotspot\share\interpreter\linkResolver.cpp, line 773]
Event: 10.535 Thread 0x000002a0566e81b0 Exception <a 'java/lang/NoSuchMethodError'{0x0000000651129998}: 'java.lang.Object java.lang.invoke.Invokers$Holder.linkToTargetMethod(java.lang.Object, java.lang.Object, int, int, int, int, int, java.lang.Object)'> (0x0000000651129998) 
thrown [s\src\hotspot\share\interpreter\linkResolver.cpp, line 773]
Event: 18.765 Thread 0x000002a0566e81b0 Exception <a 'java/io/FileNotFoundException'{0x0000000651191548}> (0x0000000651191548) 
thrown [s\src\hotspot\share\prims\jni.cpp, line 520]

ZGC Phase Switch (0 events):
No events

VM Operations (20 events):
Event: 9.059 Executing VM operation: HandshakeAllThreads (Deoptimize) done
Event: 9.059 Executing VM operation: Cleanup
Event: 9.059 Executing VM operation: Cleanup done
Event: 9.059 Executing VM operation: HandshakeAllThreads (Deoptimize)
Event: 9.059 Executing VM operation: HandshakeAllThreads (Deoptimize) done
Event: 10.059 Executing VM operation: Cleanup
Event: 10.059 Executing VM operation: Cleanup done
Event: 11.060 Executing VM operation: Cleanup
Event: 11.060 Executing VM operation: Cleanup done
Event: 17.062 Executing VM operation: Cleanup
Event: 17.062 Executing VM operation: Cleanup done
Event: 18.062 Executing VM operation: Cleanup
Event: 18.062 Executing VM operation: Cleanup done
Event: 19.063 Executing VM operation: Cleanup
Event: 19.063 Executing VM operation: Cleanup done
Event: 20.063 Executing VM operation: Cleanup
Event: 20.063 Executing VM operation: Cleanup done
Event: 21.064 Executing VM operation: Cleanup
Event: 21.064 Executing VM operation: Cleanup done
Event: 22.834 Executing VM operation: Exit

Memory protections (0 events):
No events

Nmethod flushes (20 events):
Event: 3.637 Thread 0x000002a07f41ecf0 flushing  nmethod 0x000002a0000ffa10
Event: 3.637 Thread 0x000002a07f41ecf0 flushing  nmethod 0x000002a000103c10
Event: 3.637 Thread 0x000002a07f41ecf0 flushing  nmethod 0x000002a00015b790
Event: 3.637 Thread 0x000002a07f41ecf0 flushing  nmethod 0x000002a000243890
Event: 3.637 Thread 0x000002a07f41ecf0 flushing  nmethod 0x000002a000245810
Event: 3.637 Thread 0x000002a07f41ecf0 flushing  nmethod 0x000002a00039b210
Event: 3.637 Thread 0x000002a07f41ecf0 flushing  nmethod 0x000002a007ae2610
Event: 3.637 Thread 0x000002a07f41ecf0 flushing  nmethod 0x000002a00001d990
Event: 3.637 Thread 0x000002a07f41ecf0 flushing  nmethod 0x000002a00001f590
Event: 3.637 Thread 0x000002a07f41ecf0 flushing  nmethod 0x000002a000021510
Event: 3.637 Thread 0x000002a07f41ecf0 flushing  nmethod 0x000002a000022310
Event: 3.637 Thread 0x000002a07f41ecf0 flushing  nmethod 0x000002a000025410
Event: 3.637 Thread 0x000002a07f41ecf0 flushing  nmethod 0x000002a000083b90
Event: 3.637 Thread 0x000002a07f41ecf0 flushing  nmethod 0x000002a000087490
Event: 3.637 Thread 0x000002a07f41ecf0 flushing  nmethod 0x000002a00008a210
Event: 3.637 Thread 0x000002a07f41ecf0 flushing  nmethod 0x000002a000132c90
Event: 3.637 Thread 0x000002a07f41ecf0 flushing  nmethod 0x000002a00013a090
Event: 3.637 Thread 0x000002a07f41ecf0 flushing  nmethod 0x000002a000308c10
Event: 3.637 Thread 0x000002a07f41ecf0 flushing  nmethod 0x000002a0003b7b10
Event: 3.637 Thread 0x000002a07f41ecf0 flushing  nmethod 0x000002a000468090

Events (20 events):
Event: 3.486 Thread 0x000002a05bcaa4d0 Thread exited: 0x000002a05bcaa4d0
Event: 3.611 Thread 0x000002a056c48bc0 Thread added: 0x000002a05bcab1f0
Event: 4.072 Thread 0x000002a056152120 Thread exited: 0x000002a056152120
Event: 4.184 Thread 0x000002a05668a400 Thread exited: 0x000002a05668a400
Event: 4.868 Thread 0x000002a056033bd0 Thread added: 0x000002a056152120
Event: 5.122 Thread 0x000002a056152120 Thread exited: 0x000002a056152120
Event: 6.228 Thread 0x000002a056033bd0 Thread added: 0x000002a0574ec730
Event: 6.228 Thread 0x000002a056033bd0 Thread added: 0x000002a057ba3820
Event: 6.389 Thread 0x000002a057ba3820 Thread exited: 0x000002a057ba3820
Event: 6.404 Thread 0x000002a0574ec730 Thread exited: 0x000002a0574ec730
Event: 9.047 Thread 0x000002a056033bd0 Thread added: 0x000002a05d0cdc00
Event: 9.052 Thread 0x000002a056033bd0 Thread added: 0x000002a05d0ee700
Event: 9.428 Thread 0x000002a05d0ee700 Thread exited: 0x000002a05d0ee700
Event: 9.620 Thread 0x000002a05d0cdc00 Thread exited: 0x000002a05d0cdc00
Event: 18.772 Thread 0x000002a056033bd0 Thread added: 0x000002a0590e9580
Event: 19.013 Thread 0x000002a0590e9580 Thread exited: 0x000002a0590e9580
Event: 22.833 Thread 0x000002a0566e81b0 Thread added: 0x000002a05bca8a90
Event: 22.834 Thread 0x000002a05bca8a90 Thread exited: 0x000002a05bca8a90
Event: 22.834 Thread 0x000002a056c48bc0 Thread exited: 0x000002a056c48bc0
Event: 22.834 Thread 0x000002a0566e81b0 Before exit entered


Dynamic libraries:
0x00007ff6c3f10000 - 0x00007ff6c3f1e000 	C:\appl\openjdk-21.0.6+7\bin\javaw.exe
0x00007ffd53ee0000 - 0x00007ffd54147000 	C:\WINDOWS\SYSTEM32\ntdll.dll
0x00007ffd526e0000 - 0x00007ffd527a9000 	C:\WINDOWS\System32\KERNEL32.DLL
0x00007ffd51590000 - 0x00007ffd51984000 	C:\WINDOWS\System32\KERNELBASE.dll
0x00007ffd510d0000 - 0x00007ffd5121b000 	C:\WINDOWS\System32\ucrtbase.dll
0x00007ffd0e370000 - 0x00007ffd0e388000 	C:\appl\openjdk-21.0.6+7\bin\jli.dll
0x00007ffd0e350000 - 0x00007ffd0e36b000 	C:\appl\openjdk-21.0.6+7\bin\VCRUNTIME140.dll
0x00007ffd536c0000 - 0x00007ffd53885000 	C:\WINDOWS\System32\USER32.dll
0x00007ffd3ea10000 - 0x00007ffd3eca3000 	C:\WINDOWS\WinSxS\amd64_microsoft.windows.common-controls_6595b64144ccf1df_6.0.26100.8115_none_3e075c82e3354f9c\COMCTL32.dll
0x00007ffd513e0000 - 0x00007ffd51407000 	C:\WINDOWS\System32\win32u.dll
0x00007ffd51d60000 - 0x00007ffd51e09000 	C:\WINDOWS\System32\msvcrt.dll
0x00007ffd51e90000 - 0x00007ffd51ebb000 	C:\WINDOWS\System32\GDI32.dll
0x00007ffd51220000 - 0x00007ffd5134b000 	C:\WINDOWS\System32\gdi32full.dll
0x00007ffd51bc0000 - 0x00007ffd51c63000 	C:\WINDOWS\System32\msvcp_win.dll
0x00007ffd51d20000 - 0x00007ffd51d52000 	C:\WINDOWS\System32\IMM32.DLL
0x00007ffd39060000 - 0x00007ffd3906c000 	C:\appl\openjdk-21.0.6+7\bin\vcruntime140_1.dll
0x00007ffcdbba0000 - 0x00007ffcdbc2d000 	C:\appl\openjdk-21.0.6+7\bin\msvcp140.dll
0x00007ffcb50b0000 - 0x00007ffcb5e4f000 	C:\appl\openjdk-21.0.6+7\bin\server\jvm.dll
0x00007ffd53340000 - 0x00007ffd533f6000 	C:\WINDOWS\System32\ADVAPI32.dll
0x00007ffd51c70000 - 0x00007ffd51d17000 	C:\WINDOWS\System32\sechost.dll
0x00007ffd52830000 - 0x00007ffd52948000 	C:\WINDOWS\System32\RPCRT4.dll
0x00007ffd525f0000 - 0x00007ffd52670000 	C:\WINDOWS\System32\WS2_32.dll
0x00007ffd50560000 - 0x00007ffd505be000 	C:\WINDOWS\SYSTEM32\POWRPROF.dll
0x00007ffd4bbf0000 - 0x00007ffd4bbfb000 	C:\WINDOWS\SYSTEM32\VERSION.dll
0x00007ffd48650000 - 0x00007ffd48686000 	C:\WINDOWS\SYSTEM32\WINMM.dll
0x00007ffd50440000 - 0x00007ffd50454000 	C:\WINDOWS\SYSTEM32\UMPDC.dll
0x00007ffd4f500000 - 0x00007ffd4f51b000 	C:\WINDOWS\SYSTEM32\kernel.appcore.dll
0x00007ffd36750000 - 0x00007ffd3675a000 	C:\appl\openjdk-21.0.6+7\bin\jimage.dll
0x00007ffd48980000 - 0x00007ffd48bc2000 	C:\WINDOWS\SYSTEM32\DBGHELP.DLL
0x00007ffd52220000 - 0x00007ffd525a2000 	C:\WINDOWS\System32\combase.dll
0x00007ffd51ee0000 - 0x00007ffd51fb8000 	C:\WINDOWS\System32\OLEAUT32.dll
0x00007ffd38ba0000 - 0x00007ffd38bdb000 	C:\WINDOWS\SYSTEM32\dbgcore.DLL
0x00007ffd51020000 - 0x00007ffd510c5000 	C:\WINDOWS\System32\bcryptPrimitives.dll
0x00007ffd0e330000 - 0x00007ffd0e34f000 	C:\appl\openjdk-21.0.6+7\bin\java.dll
0x00007ffd52950000 - 0x00007ffd530b7000 	C:\WINDOWS\System32\SHELL32.dll
0x00007ffd51990000 - 0x00007ffd51afa000 	C:\WINDOWS\System32\wintypes.dll
0x00007ffd507b0000 - 0x00007ffd51018000 	C:\WINDOWS\System32\windows.storage.dll
0x00007ffd53890000 - 0x00007ffd53988000 	C:\WINDOWS\System32\SHCORE.dll
0x00007ffd53e30000 - 0x00007ffd53e96000 	C:\WINDOWS\System32\shlwapi.dll
0x00007ffd506d0000 - 0x00007ffd506f9000 	C:\WINDOWS\SYSTEM32\profapi.dll
0x00007ffccec50000 - 0x00007ffcced26000 	C:\appl\openjdk-21.0.6+7\bin\jsvml.dll
0x00007ffd31490000 - 0x00007ffd314a0000 	C:\appl\openjdk-21.0.6+7\bin\net.dll
0x00007ffd4aa50000 - 0x00007ffd4ab7d000 	C:\WINDOWS\SYSTEM32\WINHTTP.dll
0x00007ffd4fa50000 - 0x00007ffd4fabc000 	C:\WINDOWS\system32\mswsock.dll
0x00007ffd0e310000 - 0x00007ffd0e326000 	C:\appl\openjdk-21.0.6+7\bin\nio.dll
0x00007ffd0bab0000 - 0x00007ffd0bac8000 	C:\appl\openjdk-21.0.6+7\bin\zip.dll
0x000002a06a2f0000 - 0x000002a06a2f3000 	C:\appl\openjdk-21.0.6+7\bin\api-ms-win-core-console-l1-1-0.dll
0x000002a06a300000 - 0x000002a06a304000 	C:\Users\Hans\.p2\pool\plugins\org.eclipse.justj.openjdk.hotspot.jre.full.win32.x86_64_23.0.2.v20250131-0604\jre\bin\api-ms-win-core-console-l1-2-0.dll
0x000002a06a310000 - 0x000002a06a313000 	C:\appl\openjdk-21.0.6+7\bin\api-ms-win-core-datetime-l1-1-0.dll
0x000002a06a320000 - 0x000002a06a323000 	C:\appl\openjdk-21.0.6+7\bin\api-ms-win-core-debug-l1-1-0.dll
0x000002a06a330000 - 0x000002a06a333000 	C:\appl\openjdk-21.0.6+7\bin\api-ms-win-core-errorhandling-l1-1-0.dll
0x000002a06a650000 - 0x000002a06a654000 	C:\appl\openjdk-21.0.6+7\bin\api-ms-win-core-file-l1-1-0.dll
0x000002a06a660000 - 0x000002a06a663000 	C:\appl\openjdk-21.0.6+7\bin\api-ms-win-core-file-l1-2-0.dll
0x000002a07fcb0000 - 0x000002a07fcb3000 	C:\appl\openjdk-21.0.6+7\bin\api-ms-win-core-file-l2-1-0.dll
0x000002a07fcc0000 - 0x000002a07fcc3000 	C:\appl\openjdk-21.0.6+7\bin\api-ms-win-core-handle-l1-1-0.dll
0x000002a07fcd0000 - 0x000002a07fcd3000 	C:\appl\openjdk-21.0.6+7\bin\api-ms-win-core-heap-l1-1-0.dll
0x000002a07fce0000 - 0x000002a07fce3000 	C:\appl\openjdk-21.0.6+7\bin\api-ms-win-core-interlocked-l1-1-0.dll
0x000002a07fcf0000 - 0x000002a07fcf3000 	C:\appl\openjdk-21.0.6+7\bin\api-ms-win-core-libraryloader-l1-1-0.dll
0x000002a07fe30000 - 0x000002a07fe33000 	C:\appl\openjdk-21.0.6+7\bin\api-ms-win-core-localization-l1-2-0.dll
0x000002a07fd00000 - 0x000002a07fd03000 	C:\appl\openjdk-21.0.6+7\bin\api-ms-win-core-memory-l1-1-0.dll
0x000002a07fd10000 - 0x000002a07fd13000 	C:\appl\openjdk-21.0.6+7\bin\api-ms-win-core-namedpipe-l1-1-0.dll
0x000002a07fd20000 - 0x000002a07fd23000 	C:\appl\openjdk-21.0.6+7\bin\api-ms-win-core-processenvironment-l1-1-0.dll
0x000002a07fd30000 - 0x000002a07fd33000 	C:\appl\openjdk-21.0.6+7\bin\api-ms-win-core-processthreads-l1-1-0.dll
0x000002a07fd40000 - 0x000002a07fd43000 	C:\appl\openjdk-21.0.6+7\bin\api-ms-win-core-processthreads-l1-1-1.dll
0x000002a07fd50000 - 0x000002a07fd53000 	C:\appl\openjdk-21.0.6+7\bin\api-ms-win-core-profile-l1-1-0.dll
0x000002a07fd60000 - 0x000002a07fd63000 	C:\appl\openjdk-21.0.6+7\bin\api-ms-win-core-rtlsupport-l1-1-0.dll
0x000002a07fd70000 - 0x000002a07fd73000 	C:\appl\openjdk-21.0.6+7\bin\api-ms-win-core-string-l1-1-0.dll
0x000002a07fd80000 - 0x000002a07fd83000 	C:\appl\openjdk-21.0.6+7\bin\api-ms-win-core-synch-l1-1-0.dll
0x000002a07fd90000 - 0x000002a07fd93000 	C:\appl\openjdk-21.0.6+7\bin\api-ms-win-core-synch-l1-2-0.dll
0x000002a07fda0000 - 0x000002a07fda3000 	C:\appl\openjdk-21.0.6+7\bin\api-ms-win-core-sysinfo-l1-1-0.dll
0x000002a07fdb0000 - 0x000002a07fdb3000 	C:\appl\openjdk-21.0.6+7\bin\api-ms-win-core-timezone-l1-1-0.dll
0x000002a07fdc0000 - 0x000002a07fdc3000 	C:\appl\openjdk-21.0.6+7\bin\api-ms-win-core-util-l1-1-0.dll
0x000002a07fdd0000 - 0x000002a07fdd3000 	C:\appl\openjdk-21.0.6+7\bin\api-ms-win-crt-conio-l1-1-0.dll
0x000002a07fde0000 - 0x000002a07fde4000 	C:\appl\openjdk-21.0.6+7\bin\api-ms-win-crt-convert-l1-1-0.dll
0x000002a07fdf0000 - 0x000002a07fdf3000 	C:\appl\openjdk-21.0.6+7\bin\api-ms-win-crt-environment-l1-1-0.dll
0x000002a07fe00000 - 0x000002a07fe03000 	C:\appl\openjdk-21.0.6+7\bin\api-ms-win-crt-filesystem-l1-1-0.dll
0x000002a07fe10000 - 0x000002a07fe13000 	C:\appl\openjdk-21.0.6+7\bin\api-ms-win-crt-heap-l1-1-0.dll
0x000002a07fe20000 - 0x000002a07fe23000 	C:\appl\openjdk-21.0.6+7\bin\api-ms-win-crt-locale-l1-1-0.dll
0x000002a07fe40000 - 0x000002a07fe45000 	C:\appl\openjdk-21.0.6+7\bin\api-ms-win-crt-math-l1-1-0.dll
0x000002a07fe50000 - 0x000002a07fe55000 	C:\appl\openjdk-21.0.6+7\bin\api-ms-win-crt-multibyte-l1-1-0.dll
0x000002a07fe60000 - 0x000002a07fe6f000 	C:\appl\openjdk-21.0.6+7\bin\api-ms-win-crt-private-l1-1-0.dll
0x000002a07fe70000 - 0x000002a07fe73000 	C:\appl\openjdk-21.0.6+7\bin\api-ms-win-crt-process-l1-1-0.dll
0x000002a07fe80000 - 0x000002a07fe84000 	C:\appl\openjdk-21.0.6+7\bin\api-ms-win-crt-runtime-l1-1-0.dll
0x000002a07fe90000 - 0x000002a07fe94000 	C:\appl\openjdk-21.0.6+7\bin\api-ms-win-crt-stdio-l1-1-0.dll
0x000002a07fea0000 - 0x000002a07fea4000 	C:\appl\openjdk-21.0.6+7\bin\api-ms-win-crt-string-l1-1-0.dll
0x000002a07feb0000 - 0x000002a07feb3000 	C:\appl\openjdk-21.0.6+7\bin\api-ms-win-crt-time-l1-1-0.dll
0x000002a07fec0000 - 0x000002a07fec3000 	C:\appl\openjdk-21.0.6+7\bin\api-ms-win-crt-utility-l1-1-0.dll
0x00007ffcbbe10000 - 0x00007ffcbbf02000 	C:\appl\openjdk-21.0.6+7\bin\ucrtbase.dll
0x00007ffd39bc0000 - 0x00007ffd39bc9000 	C:\Windows\System32\msvcp140_1.dll
0x00007ffd0b5e0000 - 0x00007ffd0b624000 	C:\Windows\System32\msvcp140_2.dll
0x00007ffd05540000 - 0x00007ffd05552000 	C:\appl\openjdk-21.0.6+7\bin\prism_sw.dll
0x00007ffcefa10000 - 0x00007ffcefa54000 	C:\appl\openjdk-21.0.6+7\bin\glass.dll
0x00007ffd52120000 - 0x00007ffd5220f000 	C:\WINDOWS\System32\COMDLG32.dll
0x00007ffd53400000 - 0x00007ffd53597000 	C:\WINDOWS\System32\ole32.dll
0x00007ffd4e220000 - 0x00007ffd4e2c9000 	C:\WINDOWS\system32\uxtheme.dll
0x00007ffd51fc0000 - 0x00007ffd5211c000 	C:\WINDOWS\System32\MSCTF.dll
0x00007ffd53600000 - 0x00007ffd536ae000 	C:\WINDOWS\System32\clbcatq.dll
0x00007ffd42cb0000 - 0x00007ffd42e09000 	C:\Windows\System32\Windows.UI.dll
0x00007ffd2b2a0000 - 0x00007ffd2b3ef000 	C:\Windows\System32\Windows.UI.Immersive.dll
0x00007ffd05520000 - 0x00007ffd05534000 	C:\appl\openjdk-21.0.6+7\bin\javafx_font.dll
0x00007ffd4cba0000 - 0x00007ffd4ce07000 	C:\WINDOWS\SYSTEM32\dwrite.dll
0x00007ffd4fe50000 - 0x00007ffd4fe6b000 	C:\WINDOWS\SYSTEM32\CRYPTSP.dll
0x00007ffd4f460000 - 0x00007ffd4f499000 	C:\WINDOWS\system32\rsaenh.dll
0x00007ffd4fb00000 - 0x00007ffd4fb33000 	C:\WINDOWS\SYSTEM32\USERENV.dll
0x00007ffd506a0000 - 0x00007ffd506ca000 	C:\WINDOWS\SYSTEM32\bcrypt.dll
0x00007ffd4fcb0000 - 0x00007ffd4fcbc000 	C:\WINDOWS\SYSTEM32\CRYPTBASE.dll
0x00007ffd4eee0000 - 0x00007ffd4ef12000 	C:\WINDOWS\SYSTEM32\IPHLPAPI.DLL
0x00007ffd53e20000 - 0x00007ffd53e2a000 	C:\WINDOWS\System32\NSI.dll
0x00007ffcbbd10000 - 0x00007ffcbbe06000 	C:\Users\Hans\AppData\Local\Temp\sqlite-3.46.0.0-a7f4d366-c237-4394-bb6e-85aace1f6df3-sqlitejdbc.dll
0x00007ffd30060000 - 0x00007ffd30069000 	C:\appl\openjdk-21.0.6+7\bin\prefs.dll
0x00007ffd2a050000 - 0x00007ffd2a05e000 	C:\appl\openjdk-21.0.6+7\bin\sunmscapi.dll
0x00007ffd51410000 - 0x00007ffd51587000 	C:\WINDOWS\System32\CRYPT32.dll
0x00007ffd4ffb0000 - 0x00007ffd4ffe0000 	C:\WINDOWS\SYSTEM32\ncrypt.dll
0x00007ffd4ff60000 - 0x00007ffd4ff9f000 	C:\WINDOWS\SYSTEM32\NTASN1.dll
0x00007ffd19460000 - 0x00007ffd19468000 	C:\WINDOWS\system32\wshunix.dll
0x00007ffd29b80000 - 0x00007ffd29b89000 	C:\appl\openjdk-21.0.6+7\bin\extnet.dll
0x00007ffd4ef70000 - 0x00007ffd4f0a2000 	C:\WINDOWS\SYSTEM32\DNSAPI.dll
0x00007ffd4b070000 - 0x00007ffd4b07b000 	C:\Windows\System32\rasadhlp.dll
0x00007ffd496f0000 - 0x00007ffd49776000 	C:\WINDOWS\System32\fwpuclnt.dll
0x00007ffd4c4b0000 - 0x00007ffd4c6de000 	C:\WINDOWS\SYSTEM32\WindowsCodecs.dll
0x00007ffd29f50000 - 0x00007ffd29faa000 	C:\WINDOWS\system32\dataexchange.dll
0x00007ffd45ce0000 - 0x00007ffd45f2d000 	C:\WINDOWS\system32\twinapi.appcore.dll
0x00007ffd04630000 - 0x00007ffd0465c000 	C:\Program Files\Common Files\Microsoft Shared\Ink\rtscom.dll
0x00007ffd29d70000 - 0x00007ffd29eb8000 	C:\WINDOWS\SYSTEM32\textinputframework.dll
0x00007ffd4dd30000 - 0x00007ffd4de57000 	C:\WINDOWS\SYSTEM32\CoreMessaging.dll
0x00007ffd49e10000 - 0x00007ffd4a0f2000 	C:\WINDOWS\SYSTEM32\CoreUIComponents.dll
0x00007ffd04210000 - 0x00007ffd04228000 	C:\appl\openjdk-21.0.6+7\bin\decora_sse.dll
0x00007ffd4ce10000 - 0x00007ffd4d44a000 	C:\WINDOWS\SYSTEM32\d2d1.dll

dbghelp: loaded successfully - version: 4.0.5 - missing functions: none
symbol engine: initialized successfully - sym options: 0x614 - pdb path: .;C:\appl\openjdk-21.0.6+7\bin;C:\WINDOWS\SYSTEM32;C:\WINDOWS\WinSxS\amd64_microsoft.windows.common-controls_6595b64144ccf1df_6.0.26100.8115_none_3e075c82e3354f9c;C:\appl\openjdk-21.0.6+7\bin\server;C:\Users\Hans\.p2\pool\plugins\org.eclipse.justj.openjdk.hotspot.jre.full.win32.x86_64_23.0.2.v20250131-0604\jre\bin;C:\Users\Hans\AppData\Local\Temp;C:\Program Files\Common Files\Microsoft Shared\Ink;C:\WINDOWS\WinSxS\amd64_microsoft.windows.gdiplus_6595b64144ccf1df_1.1.26100.8246_none_6ef5395a3dc52f61;C:\Program Files\Microsoft OneDrive\26.055.0323.0004

VM Arguments:
jvm_args: --module-path=lib/javafx --add-modules=javafx.controls,javafx.fxml,javafx.graphics,javafx.media -Dprism.order=sw -Dfile.encoding=UTF-8 -Dstdout.encoding=UTF-8 -Dstderr.encoding=UTF-8 --module-path=D:\Software.Etw\ProjekteJava\jPCND\lib\javafx\javafx.base.jar;D:\Software.Etw\ProjekteJava\jPCND\lib\javafx\javafx.controls.jar;D:\Software.Etw\ProjekteJava\jPCND\lib\javafx\javafx.fxml.jar;D:\Software.Etw\ProjekteJava\jPCND\lib\javafx\javafx.graphics.jar;D:\Software.Etw\ProjekteJava\jPCND\lib\javafx\javafx.media.jar;D:\Software.Etw\ProjekteJava\jPCND\lib\javafx\javafx.swing.jar;D:\Software.Etw\ProjekteJava\jPCND\lib\javafx\javafx.web.jar;D:\Software.Etw\ProjekteJava\jPCND\lib\javafx\javafx-swt.jar -XX:+ShowCodeDetailsInExceptionMessages 
java_command: application.Main
java_class_path (initial): D:\Software.Etw\ProjekteJava\jPCND\lib\commons-csv-1.14.1.jar;D:\Software.Etw\ProjekteJava\jPCND\lib\com.github.librepdf.openpdf_1.3.30.jar;D:\Software.Etw\ProjekteJava\jPCND\lib\com.google.gson_2.10.1.jar;D:\Software.Etw\ProjekteJava\jPCND\lib\mysql-connector-java-8.0.23.jar;D:\Software.Etw\ProjekteJava\jPCND\lib\slf4j-api-2.0.7.jar;D:\Software.Etw\ProjekteJava\jPCND\lib\slf4j-simple-2.0.7.jar;D:\Software.Etw\ProjekteJava\jPCND\lib\sqlite-jdbc-3.46.0.0.jar;D:\Software.Etw\ProjekteJava\jPCND\bin;D:\Software.Etw\ProjekteJava\jPCND\lib\controlsfx-11.2.1.jar;D:\Software.Etw\ProjekteJava\jPCND\lib\commons-io-2.21.0.jar;D:\Software.Etw\ProjekteJava\jPCND\lib\commons-codec-1.21.0.jar
Launcher Type: SUN_STANDARD

[Global flags]
     intx CICompilerCount                          = 4                                         {product} {ergonomic}
     uint ConcGCThreads                            = 3                                         {product} {ergonomic}
     uint G1ConcRefinementThreads                  = 10                                        {product} {ergonomic}
   size_t G1HeapRegionSize                         = 4194304                                   {product} {ergonomic}
    uintx GCDrainStackTargetSize                   = 64                                        {product} {ergonomic}
   size_t InitialHeapSize                          = 469762048                                 {product} {ergonomic}
   size_t MarkStackSize                            = 4194304                                   {product} {ergonomic}
   size_t MaxHeapSize                              = 7491026944                                {product} {ergonomic}
   size_t MaxNewSize                               = 4492099584                                {product} {ergonomic}
   size_t MinHeapDeltaBytes                        = 4194304                                   {product} {ergonomic}
   size_t MinHeapSize                              = 8388608                                   {product} {ergonomic}
    uintx NonNMethodCodeHeapSize                   = 5839372                                {pd product} {ergonomic}
    uintx NonProfiledCodeHeapSize                  = 122909434                              {pd product} {ergonomic}
    uintx ProfiledCodeHeapSize                     = 122909434                              {pd product} {ergonomic}
    uintx ReservedCodeCacheSize                    = 251658240                              {pd product} {ergonomic}
     bool SegmentedCodeCache                       = true                                      {product} {ergonomic}
     bool ShowCodeDetailsInExceptionMessages       = true                                   {manageable} {command line}
   size_t SoftMaxHeapSize                          = 7491026944                             {manageable} {ergonomic}
     bool UseCompressedOops                        = true                           {product lp64_product} {ergonomic}
     bool UseG1GC                                  = true                                      {product} {ergonomic}
     bool UseLargePagesIndividualAllocation        = false                                  {pd product} {ergonomic}

Logging:
Log output configuration:
 #0: stdout all=off uptime,level,tags foldmultilines=false
 #1: stderr all=off uptime,level,tags foldmultilines=false

Environment Variables:
PATH=C:/Users/Hans/.p2/pool/plugins/org.eclipse.justj.openjdk.hotspot.jre.full.win32.x86_64_23.0.2.v20250131-0604/jre/bin/server;C:/Users/Hans/.p2/pool/plugins/org.eclipse.justj.openjdk.hotspot.jre.full.win32.x86_64_23.0.2.v20250131-0604/jre/bin;C:\Program Files\Common Files\Oracle\Java\javapath;C:\Program Files\Python313\Scripts\;C:\Program Files\Python313\;C:\WINDOWS\system32;C:\WINDOWS;C:\WINDOWS\System32\Wbem;C:\WINDOWS\System32\WindowsPowerShell\v1.0\;C:\WINDOWS\System32\OpenSSH\;C:\Program Files\PuTTY\;C:\Program Files\dotnet\;C:\Program Files\Git\cmd;C:\Users\Hans\AppData\Roaming\Python\Python313\Scripts;C:\Users\Hans\AppData\Local\Microsoft\WindowsApps;C:\Users\Hans\AppData\Local\Programs\Microsoft VS Code\bin;C:\Users\Hans\.dotnet\tools;C:\Users\Hans\AppData\Local\PowerToys\DSCModules\;C:\WINDOWS\system32;
USERNAME=Hans
OS=Windows_NT
PROCESSOR_IDENTIFIER=AMD64 Family 25 Model 80 Stepping 0, AuthenticAMD
TMP=C:\Users\Hans\AppData\Local\Temp
TEMP=C:\Users\Hans\AppData\Local\Temp




Periodic native trim disabled

---------------  S Y S T E M  ---------------

OS:
 Windows 11 , 64 bit Build 26100 (10.0.26100.8246)
OS uptime: 0 days 7:22 hours
Hyper-V role detected

CPU: total 12 (initial active 12) (12 cores per cpu, 2 threads per core) family 25 model 80 stepping 0 microcode 0xa50000f, cx8, cmov, fxsr, ht, mmx, 3dnowpref, sse, sse2, sse3, ssse3, sse4a, sse4.1, sse4.2, popcnt, lzcnt, tsc, tscinvbit, avx, avx2, aes, erms, clmul, bmi1, bmi2, adx, sha, fma, vzeroupper, clflush, clflushopt, hv, rdtscp, rdpid, fsrm, f16c, cet_ss
Processor Information for the first 12 processors :
  Max Mhz: 3600, Current Mhz: 3600, Mhz Limit: 3600

Memory: 4k page, system-wide physical 28565M (17365M free)
TotalPageFile size 40597M (AvailPageFile size 28550M)
current process WorkingSet (physical memory assigned to process): 493M, peak: 521M
current process commit charge ("private bytes"): 474M, peak: 607M

vm_info: OpenJDK 64-Bit Server VM (21.0.6+7-adhoc.Administrator.jdk21u) for windows-amd64 JRE (21.0.6+7-adhoc.Administrator.jdk21u), built on 2025-01-23T09:25:02Z by "Administrator" with MS VC++ 16.10 / 16.11 (VS2019)

END.
